#0 building with "desktop-linux" instance using docker driver

#1 [internal] load build definition from Dockerfile
#1 transferring dockerfile: 1.07kB done
#1 WARN: FromAsCasing: 'as' and 'FROM' keywords' casing do not match (line 1)
#1 DONE 0.0s

#2 [internal] load metadata for docker.io/rustlang/rust:nightly
#2 DONE 0.0s

#3 [internal] load metadata for docker.io/library/debian:sid-slim
#3 DONE 20.7s

#4 [internal] load .dockerignore
#4 transferring context: 66B done
#4 DONE 0.0s

#5 [builder 1/9] FROM docker.io/rustlang/rust:nightly
#5 DONE 0.0s

#6 [stage-1 1/9] FROM docker.io/library/debian:sid-slim@sha256:c0f1b3716686ee452f7c62c82d8aee5f79feccba7402e967b79658100d5bd6cf
#6 DONE 0.0s

#7 [internal] load build context
#7 transferring context: 1.70MB 0.3s done
#7 DONE 0.3s

#8 [builder 2/9] WORKDIR /app
#8 CACHED

#9 [builder 3/9] RUN apt-get update && apt-get install -y     python3-dev     python3-pip     pkg-config     && rm -rf /var/lib/apt/lists/*
#9 CACHED

#10 [builder 4/9] COPY Cargo.toml Cargo.lock ./
#10 CACHED

#11 [builder 5/9] COPY src ./src
#11 DONE 0.1s

#12 [builder 6/9] COPY migrations ./migrations
#12 DONE 0.0s

#13 [builder 7/9] COPY migrations_postgres ./migrations_postgres
#13 DONE 0.0s

#14 [builder 8/9] COPY static ./static
#14 DONE 0.0s

#15 [builder 9/9] RUN cargo build --release
#15 0.270     Updating crates.io index
#15 5.780  Downloading crates ...
#15 6.010   Downloaded actix-utils v3.0.1
#15 6.018   Downloaded alloc-no-stdlib v2.0.4
#15 6.025   Downloaded actix-codec v0.5.2
#15 6.031   Downloaded constant_time_eq v0.3.1
#15 6.038   Downloaded Inflector v0.11.4
#15 6.049   Downloaded atomic-waker v1.1.2
#15 6.053   Downloaded actix-cors v0.7.1
#15 6.056   Downloaded async-convert v1.0.0
#15 6.059   Downloaded byteorder v1.5.0
#15 6.062   Downloaded atty v0.2.14
#15 6.064   Downloaded async-stream v0.3.6
#15 6.067   Downloaded argon2 v0.5.3
#15 6.071   Downloaded actix-web-codegen v4.3.0
#15 6.075   Downloaded actix-multipart v0.7.2
#15 6.080   Downloaded darling_macro v0.20.11
#15 6.083   Downloaded deadpool-runtime v0.1.4
#15 6.086   Downloaded darling_core v0.14.4
#15 6.095   Downloaded color_quant v1.1.0
#15 6.098   Downloaded bytecheck_derive v0.6.12
#15 6.100   Downloaded bytestring v1.5.0
#15 6.104   Downloaded base32 v0.5.1
#15 6.107   Downloaded cfg-if v0.1.10
#15 6.110   Downloaded dsl_auto_type v0.2.0
#15 6.114   Downloaded deranged v0.5.5
#15 6.118   Downloaded dotenv v0.15.0
#15 6.126   Downloaded convert_case v0.10.0
#15 6.135   Downloaded convert_case v0.4.0
#15 6.138   Downloaded cmake v0.1.57
#15 6.143   Downloaded instant v0.1.13
#15 6.146   Downloaded inout v0.1.4
#15 6.149   Downloaded futures-core v0.3.31
#15 6.154   Downloaded iovec v0.1.4
#15 6.158   Downloaded dunce v1.0.5
#15 6.161   Downloaded infer v0.15.0
#15 6.166   Downloaded data-encoding v2.9.0
#15 6.170   Downloaded ipnet v2.11.0
#15 6.175   Downloaded lazycell v1.3.0
#15 6.178   Downloaded lazy_static v1.5.0
#15 6.182   Downloaded derive_more v0.99.20
#15 6.188   Downloaded darling v0.21.3
#15 6.199   Downloaded inotify v0.7.1
#15 6.203   Downloaded cfb v0.7.3
#15 6.209   Downloaded mio-extras v2.0.6
#15 6.212   Downloaded mime v0.3.17
#15 6.217   Downloaded darling_core v0.21.3
#15 6.225   Downloaded mime_guess v2.0.5
#15 6.230   Downloaded num-conv v0.1.0
#15 6.232   Downloaded openssl-macros v0.1.1
#15 6.234   Downloaded opaque-debug v0.3.1
#15 6.237   Downloaded num-derive v0.3.3
#15 6.246   Downloaded liquid-lib v0.26.11
#15 6.257   Downloaded num-order v1.2.0
#15 6.260   Downloaded litemap v0.8.1
#15 6.264   Downloaded proc-macro-crate v3.4.0
#15 6.268   Downloaded potential_utf v0.1.4
#15 6.270   Downloaded fastrand v2.3.0
#15 6.272   Downloaded indexmap v2.12.1
#15 6.286   Downloaded pkg-config v0.3.32
#15 6.290   Downloaded pin-project-lite v0.2.16
#15 6.297   Downloaded radium v0.7.0
#15 6.299   Downloaded qrcodegen v1.8.0
#15 6.301   Downloaded ptr_meta v0.1.4
#15 6.304   Downloaded proc-macro-hack v0.5.20+deprecated
#15 6.307   Downloaded proc-macro-error-attr v1.0.4
#15 6.308   Downloaded polyval v0.6.2
#15 6.310   Downloaded notify v4.0.18
#15 6.314   Downloaded form_urlencoded v1.2.2
#15 6.315   Downloaded pem v3.0.6
#15 6.319   Downloaded qrcodegen-image v1.5.0
#15 6.321   Downloaded pq-sys v0.7.5
#15 6.325   Downloaded rend v0.4.2
#15 6.326   Downloaded rand_chacha v0.3.1
#15 6.328   Downloaded ghash v0.5.1
#15 6.331   Downloaded rand_core v0.6.4
#15 6.338   Downloaded num-traits v0.2.19
#15 6.346   Downloaded rust-embed-utils v8.9.0
#15 6.348   Downloaded fast_chemail v0.9.6
#15 6.351   Downloaded combine v4.6.7
#15 6.360   Downloaded quanta v0.12.6
#15 6.364   Downloaded bigdecimal v0.4.9
#15 6.372   Downloaded mio v1.1.1
#15 6.379   Downloaded rkyv_derive v0.7.45
#15 6.381   Downloaded futures-macro v0.3.31
#15 6.382   Downloaded derive_builder_macro v0.12.0
#15 6.384   Downloaded brotli-decompressor v5.0.0
#15 6.393   Downloaded serde_plain v1.0.2
#15 6.395   Downloaded aho-corasick v1.1.4
#15 6.408   Downloaded secrecy v0.8.0
#15 6.411   Downloaded scopeguard v1.2.0
#15 6.412   Downloaded reqwest-eventsource v0.4.0
#15 6.416   Downloaded semver v1.0.27
#15 6.420   Downloaded num-bigint v0.4.6
#15 6.427   Downloaded itertools v0.14.0
#15 6.435   Downloaded nom v7.1.3
#15 6.443   Downloaded sha1_smol v1.0.1
#15 6.445   Downloaded sha1 v0.10.6
#15 6.448   Downloaded serde_urlencoded v0.7.1
#15 6.450   Downloaded strsim v0.11.1
#15 6.453   Downloaded strsim v0.10.0
#15 6.455   Downloaded stable_deref_trait v1.2.1
#15 6.456   Downloaded eventsource-stream v0.2.3
#15 6.459   Downloaded sct v0.7.1
#15 6.465   Downloaded strum v0.26.3
#15 6.468   Downloaded simd-adler32 v0.3.8
#15 6.474   Downloaded smartstring v1.0.1
#15 6.477   Downloaded static_assertions_next v1.1.2
#15 6.480   Downloaded static_assertions v1.1.0
#15 6.482   Downloaded strum_macros v0.26.4
#15 6.485   Downloaded regex-lite v0.1.8
#15 6.490   Downloaded tap v1.0.1
#15 6.492   Downloaded sync_wrapper v1.0.2
#15 6.494   Downloaded time-macros-impl v0.1.2
#15 6.496   Downloaded simdutf8 v0.1.5
#15 6.500   Downloaded time-macros v0.1.1
#15 6.501   Downloaded serde_core v1.0.228
#15 6.504   Downloaded rand v0.8.5
#15 6.509   Downloaded thiserror-impl v2.0.17
#15 6.510   Downloaded thiserror-impl v1.0.69
#15 6.512   Downloaded termcolor v1.4.1
#15 6.514   Downloaded heck v0.5.0
#15 6.516   Downloaded tinystr v0.8.2
#15 6.519   Downloaded spinning_top v0.3.0
#15 6.522   Downloaded tokio-native-tls v0.3.1
#15 6.524   Downloaded thiserror v1.0.69
#15 6.536   Downloaded tokio-rustls v0.24.1
#15 6.539   Downloaded tower-service v0.3.3
#15 6.541   Downloaded tokio-stream v0.1.17
#15 6.546   Downloaded async-graphql v7.0.17
#15 6.580   Downloaded toml_parser v1.0.6+spec-1.1.0
#15 6.583   Downloaded utoipa-redoc v3.0.0
#15 6.586   Downloaded untrusted v0.9.0
#15 6.588   Downloaded unicase v2.8.1
#15 6.590   Downloaded want v0.3.1
#15 6.591   Downloaded version_check v0.9.5
#15 6.594   Downloaded v_htmlescape v0.15.8
#15 6.596   Downloaded tokio-cron-scheduler v0.9.4
#15 6.602   Downloaded serde_json v1.0.147
#15 6.610   Downloaded zerofrom-derive v0.1.6
#15 6.614   Downloaded yoke-derive v0.8.1
#15 6.619   Downloaded writeable v0.6.2
#15 6.623   Downloaded web-time v1.1.0
#15 6.626   Downloaded yoke v0.8.1
#15 6.629   Downloaded zerovec-derive v0.11.2
#15 6.631   Downloaded hyper-rustls v0.24.2
#15 6.634   Downloaded uuid v1.19.0
#15 6.639   Downloaded zstd-safe v7.2.4
#15 6.640   Downloaded zstd v0.13.3
#15 6.644   Downloaded zmij v0.1.8
#15 6.646   Downloaded fdeflate v0.3.7
#15 6.648   Downloaded utoipa v4.2.3
#15 6.651   Downloaded zune-inflate v0.2.54
#15 6.654   Downloaded openssl-probe v0.1.6
#15 6.656   Downloaded openssl v0.10.75
#15 6.667   Downloaded typenum v1.19.0
#15 6.671   Downloaded url v2.5.7
#15 6.675   Downloaded zip v0.6.6
#15 6.688   Downloaded zerocopy-derive v0.8.31
#15 6.696   Downloaded time-core v0.1.6
#15 6.698   Downloaded subtle v2.6.1
#15 6.700   Downloaded syn v1.0.109
#15 6.713   Downloaded zerovec v0.11.5
#15 6.720   Downloaded utoipa-gen v4.3.1
#15 6.726   Downloaded try-lock v0.2.5
#15 6.727   Downloaded regex-syntax v0.8.8
#15 6.738   Downloaded winnow v0.7.14
#15 6.753   Downloaded rustls v0.23.35
#15 6.769   Downloaded vcpkg v0.2.15
#15 6.811   Downloaded rustix v1.1.3
#15 6.844   Downloaded zerocopy v0.8.31
#15 6.865   Downloaded futures-timer v3.0.3
#15 6.869   Downloaded foldhash v0.1.5
#15 6.871   Downloaded derive_builder_core v0.20.2
#15 6.875   Downloaded filetime v0.2.26
#15 6.880   Downloaded humantime v2.3.0
#15 6.883   Downloaded futures-executor v0.3.31
#15 6.886   Downloaded tracing v0.1.44
#15 6.910   Downloaded multer v3.1.0
#15 6.913   Downloaded regex-automata v0.4.13
#15 6.931   Downloaded pest_generator v2.8.4
#15 6.933   Downloaded jpeg-decoder v0.3.2
#15 6.942   Downloaded rustc_version v0.4.1
#15 6.944   Downloaded rustls-pemfile v1.0.4
#15 6.947   Downloaded rustls-native-certs v0.6.3
#15 6.949   Downloaded libc v0.2.178
#15 6.987   Downloaded proc-macro-error v1.0.4
#15 6.991   Downloaded derive_builder_core v0.12.0
#15 6.993   Downloaded derive_builder v0.12.0
#15 6.997   Downloaded iana-time-zone v0.1.64
#15 7.000   Downloaded env_logger v0.8.4
#15 7.002   Downloaded gif v0.13.3
#15 7.005   Downloaded pxfm v0.1.27
#15 7.034   Downloaded getrandom v0.2.16
#15 7.038   Downloaded rust-embed v8.9.0
#15 7.050   Downloaded brotli v8.0.2
#15 7.077   Downloaded fs_extra v1.3.0
#15 7.081   Downloaded derive_builder v0.20.2
#15 7.086   Downloaded fnv v1.0.7
#15 7.088   Downloaded zstd-sys v2.0.16+zstd.1.5.7
#15 7.108   Downloaded httparse v1.10.1
#15 7.112   Downloaded find-msvc-tools v0.1.5
#15 7.113   Downloaded foldhash v0.2.0
#15 7.115   Downloaded futures-channel v0.3.31
#15 7.117   Downloaded syn v2.0.111
#15 7.131   Downloaded diesel_derives v2.3.6
#15 7.139   Downloaded pest_derive v2.8.4
#15 7.142   Downloaded http-body-util v0.1.3
#15 7.144   Downloaded redis v0.32.7
#15 7.156   Downloaded rustls-pki-types v1.13.2
#15 7.159   Downloaded tower-layer v0.3.3
#15 7.160   Downloaded tokio-rustls v0.26.4
#15 7.163   Downloaded tinyvec_macros v0.1.1
#15 7.164   Downloaded serde_spanned v1.0.4
#15 7.165   Downloaded same-file v1.0.6
#15 7.166   Downloaded rustls v0.21.12
#15 7.178   Downloaded icu_provider v2.1.1
#15 7.180   Downloaded zerotrie v0.2.3
#15 7.184   Downloaded tokio-util v0.7.17
#15 7.191   Downloaded tower-http v0.6.8
#15 7.206   Downloaded hyper-rustls v0.27.7
#15 7.209   Downloaded tower v0.5.2
#15 7.218   Downloaded time v0.3.44
#15 7.226   Downloaded rustls-webpki v0.101.7
#15 7.239   Downloaded ring v0.17.14
#15 7.298   Downloaded zeroize v1.8.2
#15 7.301   Downloaded futures v0.3.31
#15 7.307   Downloaded spin v0.9.8
#15 7.310   Downloaded weezl v0.1.12
#15 7.313   Downloaded flate2 v1.1.5
#15 7.320   Downloaded icu_properties v2.1.2
#15 7.323   Downloaded icu_normalizer_data v2.1.1
#15 7.326   Downloaded hmac v0.12.1
#15 7.329   Downloaded half v2.7.1
#15 7.332   Downloaded getrandom v0.3.4
#15 7.337   Downloaded httpdate v1.0.3
#15 7.339   Downloaded wyz v0.5.1
#15 7.341   Downloaded walkdir v2.5.0
#15 7.344   Downloaded unicode-ident v1.0.22
#15 7.348   Downloaded openssl-sys v0.9.111
#15 7.358   Downloaded time v0.2.27
#15 7.362   Downloaded derive_more v2.1.1
#15 7.375   Downloaded icu_locale_core v2.1.1
#15 7.381   Downloaded icu_normalizer v2.1.1
#15 7.385   Downloaded icu_collections v2.1.1
#15 7.390   Downloaded ucd-trie v0.1.7
#15 7.392   Downloaded tungstenite v0.21.0
#15 7.395   Downloaded tracing-core v0.1.36
#15 7.402   Downloaded http v0.2.12
#15 7.409   Downloaded handlebars v6.3.2
#15 7.422   Downloaded hyper-util v0.1.19
#15 7.429   Downloaded derive_more-impl v2.1.1
#15 7.437   Downloaded hashbrown v0.12.3
#15 7.442   Downloaded mio v0.6.23
#15 7.448   Downloaded rkyv v0.7.45
#15 7.457   Downloaded http v1.4.0
#15 7.462   Downloaded unicode-segmentation v1.12.0
#15 7.467   Downloaded idna v1.1.0
#15 7.473   Downloaded handlebars v5.1.2
#15 7.481   Downloaded toml_edit v0.23.10+spec-1.0.0
#15 7.485   Downloaded digest v0.10.7
#15 7.487   Downloaded zerofrom v0.1.6
#15 7.488   Downloaded hyper v1.8.1
#15 7.496   Downloaded hashbrown v0.16.1
#15 7.503   Downloaded governor v0.10.4
#15 7.508   Downloaded hashbrown v0.14.5
#15 7.515   Downloaded h2 v0.4.12
#15 7.525   Downloaded rayon v1.11.0
#15 7.536   Downloaded juniper v0.16.2
#15 7.557   Downloaded icu_properties_data v2.1.2
#15 7.578   Downloaded hyper v0.14.32
#15 7.594   Downloaded futures-util v0.3.31
#15 7.617   Downloaded exr v1.74.0
#15 7.628   Downloaded image v0.25.9
#15 7.641   Downloaded h2 v0.3.27
#15 7.651   Downloaded either v1.15.0
#15 7.654   Downloaded derive_utils v0.15.0
#15 7.656   Downloaded tracing-attributes v0.1.31
#15 7.659   Downloaded generic-array v0.14.7
#15 7.660   Downloaded utf8_iter v1.0.4
#15 7.661   Downloaded utf-8 v0.7.6
#15 7.662   Downloaded diesel v2.3.5
#15 7.693   Downloaded urlencoding v2.1.3
#15 7.694   Downloaded untrusted v0.7.1
#15 7.695   Downloaded universal-hash v0.5.1
#15 7.697   Downloaded unicode-xid v0.2.6
#15 7.698   Downloaded linux-raw-sys v0.11.0
#15 7.779   Downloaded toml v0.9.10+spec-1.1.0
#15 7.783   Downloaded tinyvec v1.10.0
#15 7.786   Downloaded rust_decimal v1.39.0
#15 7.792   Downloaded reqwest v0.12.28
#15 7.807   Downloaded reqwest v0.11.27
#15 7.815   Downloaded regex v1.12.2
#15 7.824   Downloaded hyper-tls v0.6.0
#15 7.825   Downloaded portable-atomic v1.12.0
#15 7.835   Downloaded migrations_internals v2.3.0
#15 7.837   Downloaded itoa v1.0.16
#15 7.839   Downloaded http-body v0.4.6
#15 7.841   Downloaded http-body v1.0.1
#15 7.842   Downloaded totp-rs v5.7.0
#15 7.845   Downloaded toml_datetime v0.7.5+spec-1.1.0
#15 7.846   Downloaded tokio-tungstenite v0.21.0
#15 7.849   Downloaded tokio v1.48.0
#15 7.891   Downloaded tokio-macros v2.6.0
#15 7.893   Downloaded time-macros v0.2.24
#15 7.895   Downloaded tempfile v3.24.0
#15 7.897   Downloaded serde v1.0.228
#15 7.907   Downloaded actix-web v4.12.1
#15 7.918   Downloaded socket2 v0.6.1
#15 7.921   Downloaded rustls-webpki v0.103.8
#15 7.925   Downloaded pest v2.8.4
#15 7.932   Downloaded http-range v0.1.5
#15 7.933   Downloaded derive_builder_macro v0.20.2
#15 7.938   Downloaded thiserror v2.0.17
#15 7.944   Downloaded synstructure v0.13.2
#15 7.947   Downloaded socket2 v0.5.10
#15 7.950   Downloaded moxcms v0.7.11
#15 7.961   Downloaded futures-sink v0.3.31
#15 7.963   Downloaded sync_wrapper v0.1.2
#15 7.963   Downloaded smallvec v1.15.1
#15 7.966   Downloaded signature v2.2.0
#15 7.968   Downloaded chrono v0.4.42
#15 7.977   Downloaded bitvec v1.0.1
#15 7.992   Downloaded rand v0.9.2
#15 7.997   Downloaded idna_adapter v1.2.1
#15 7.998   Downloaded standback v0.2.17
#15 8.000   Downloaded simple_asn1 v0.6.3
#15 8.002   Downloaded serde_derive v1.0.228
#15 8.005   Downloaded slab v0.4.11
#15 8.006   Downloaded ryu v1.0.21
#15 8.010   Downloaded png v0.18.0
#15 8.022   Downloaded encoding_rs v0.8.35
#15 8.052   Downloaded png v0.17.16
#15 8.057   Downloaded tiff v0.9.1
#15 8.076   Downloaded aws-lc-rs v1.15.2
#15 8.087   Downloaded signal-hook-registry v1.4.7
#15 8.089   Downloaded shlex v1.3.0
#15 8.090   Downloaded sha2 v0.10.9
#15 8.093   Downloaded rayon-core v1.13.0
#15 8.097   Downloaded libm v0.2.15
#15 8.108   Downloaded qoi v0.4.1
#15 8.111   Downloaded futures-io v0.3.31
#15 8.112   Downloaded ident_case v1.0.1
#15 8.113   Downloaded seahash v4.1.0
#15 8.114   Downloaded rustversion v1.0.22
#15 8.117   Downloaded iri-string v0.7.9
#15 8.126   Downloaded scheduled-thread-pool v0.2.7
#15 8.127   Downloaded proc-macro2 v1.0.103
#15 8.130   Downloaded futures-task v0.3.31
#15 8.131   Downloaded actix-http v3.11.2
#15 8.140   Downloaded rust-embed-impl v8.9.0
#15 8.141   Downloaded rand_core v0.9.3
#15 8.142   Downloaded rand_chacha v0.9.0
#15 8.143   Downloaded quote v1.0.42
#15 8.145   Downloaded minimal-lexical v0.2.1
#15 8.149   Downloaded jsonwebtoken v10.2.0
#15 8.154   Downloaded foreign-types v0.3.2
#15 8.155   Downloaded equivalent v1.0.2
#15 8.156   Downloaded r2d2 v0.8.10
#15 8.157   Downloaded ptr_meta_derive v0.1.4
#15 8.160   Downloaded pest_meta v2.8.4
#15 8.167   Downloaded ppv-lite86 v0.2.21
#15 8.169   Downloaded parking_lot_core v0.9.12
#15 8.172   Downloaded parking_lot v0.12.5
#15 8.174   Downloaded miniz_oxide v0.8.9
#15 8.177   Downloaded memchr v2.7.6
#15 8.184   Downloaded password-hash v0.5.0
#15 8.187   Downloaded once_cell v1.21.3
#15 8.189   Downloaded native-tls v0.2.14
#15 8.191   Downloaded liquid-core v0.26.11
#15 8.196   Downloaded juniper_codegen v0.16.0
#15 8.201   Downloaded aes v0.8.4
#15 8.206   Downloaded powerfmt v0.2.0
#15 8.208   Downloaded pin-utils v0.1.0
#15 8.209   Downloaded pgvector v0.3.4
#15 8.212   Downloaded percent-encoding v2.3.2
#15 8.213   Downloaded parse-size v1.1.0
#15 8.214   Downloaded log v0.4.29
#15 8.217   Downloaded num-modular v0.6.1
#15 8.220   Downloaded num-integer v0.1.46
#15 8.222   Downloaded net2 v0.2.39
#15 8.224   Downloaded displaydoc v0.2.5
#15 8.227   Downloaded jobserver v0.1.34
#15 8.229   Downloaded hex v0.4.3
#15 8.230   Downloaded foreign-types-shared v0.1.1
#15 8.231   Downloaded errno v0.3.14
#15 8.232   Downloaded borsh v1.6.0
#15 8.239   Downloaded language-tags v0.3.2
#15 8.243   Downloaded envy v0.4.2
#15 8.244   Downloaded bytes v1.11.0
#15 8.249   Downloaded nonzero_ext v0.3.0
#15 8.253   Downloaded num_cpus v1.17.0
#15 8.256   Downloaded funty v2.0.0
#15 8.258   Downloaded cc v1.2.50
#15 8.261   Downloaded lock_api v0.4.14
#15 8.263   Downloaded liquid-derive v0.26.10
#15 8.264   Downloaded liquid v0.26.11
#15 8.266   Downloaded base64 v0.22.1
#15 8.271   Downloaded darling_core v0.20.11
#15 8.275   Downloaded migrations_macros v2.3.0
#15 8.276   Downloaded local-waker v0.1.4
#15 8.277   Downloaded local-channel v0.1.5
#15 8.277   Downloaded lebe v0.5.3
#15 8.278   Downloaded kstring v2.0.2
#15 8.280   Downloaded juniper_actix v0.6.0
#15 8.281   Downloaded downcast-rs v2.0.2
#15 8.282   Downloaded bytemuck v1.24.0
#15 8.285   Downloaded bitflags v2.10.0
#15 8.295   Downloaded async-graphql-value v7.0.17
#15 8.297   Downloaded allocator-api2 v0.2.21
#15 8.300   Downloaded aes-gcm v0.10.3
#15 8.304   Downloaded deadpool v0.12.3
#15 8.308   Downloaded darling v0.20.11
#15 8.312   Downloaded crossbeam-epoch v0.9.18
#15 8.315   Downloaded async-openai v0.18.3
#15 8.320   Downloaded base64ct v1.8.1
#15 8.322   Downloaded dashmap v6.1.0
#15 8.325   Downloaded darling v0.14.4
#15 8.327   Downloaded ahash v0.7.8
#15 8.330   Downloaded crossbeam-utils v0.8.21
#15 8.332   Downloaded cipher v0.4.4
#15 8.334   Downloaded actix-server v2.6.0
#15 8.337   Downloaded actix-router v0.5.3
#15 8.340   Downloaded diesel_table_macro_syntax v0.3.0
#15 8.341   Downloaded ctr v0.9.2
#15 8.343   Downloaded crossbeam-deque v0.8.6
#15 8.344   Downloaded cron v0.12.1
#15 8.346   Downloaded borsh-derive v1.6.0
#15 8.349   Downloaded inotify-sys v0.1.5
#15 8.350   Downloaded impl-more v0.1.9
#15 8.353   Downloaded diesel_migrations v2.3.1
#15 8.354   Downloaded deadpool-redis v0.22.0
#15 8.356   Downloaded cookie v0.16.2
#15 8.359   Downloaded actix-service v2.0.3
#15 8.361   Downloaded anyhow v1.0.100
#15 8.365   Downloaded const_fn v0.4.11
#15 8.367   Downloaded bytecheck v0.6.12
#15 8.369   Downloaded blake2 v0.10.6
#15 8.372   Downloaded base64 v0.21.7
#15 8.376   Downloaded actix-rt v2.11.0
#15 8.377   Downloaded actix-files v0.6.9
#15 8.380   Downloaded bit_field v0.10.3
#15 8.381   Downloaded actix-governor v0.10.0
#15 8.383   Downloaded bitflags v1.3.2
#15 8.386   Downloaded async-trait v0.1.89
#15 8.389   Downloaded actix-multipart-derive v0.7.0
#15 8.391   Downloaded darling_macro v0.21.3
#15 8.391   Downloaded cfg_aliases v0.2.1
#15 8.392   Downloaded cfg-if v1.0.4
#15 8.393   Downloaded ascii_utils v0.9.3
#15 8.395   Downloaded adler2 v2.0.1
#15 8.396   Downloaded darling_macro v0.14.4
#15 8.396   Downloaded crypto-common v0.1.7
#15 8.397   Downloaded cpufeatures v0.2.17
#15 8.398   Downloaded async-stream-impl v0.3.6
#15 8.399   Downloaded arc-swap v1.8.0
#15 8.406   Downloaded byteorder-lite v0.1.0
#15 8.410   Downloaded aead v0.5.2
#15 8.412   Downloaded block-buffer v0.10.4
#15 8.413   Downloaded auto_enums v0.8.7
#15 8.421   Downloaded async-graphql-derive v7.0.17
#15 8.424   Downloaded anymap2 v0.13.0
#15 8.425   Downloaded crc32fast v1.5.0
#15 8.428   Downloaded alloc-stdlib v0.2.2
#15 8.429   Downloaded actix-macros v0.2.4
#15 8.431   Downloaded utoipa-swagger-ui v6.0.0
#15 8.467   Downloaded backon v1.6.0
#15 8.470   Downloaded backoff v0.4.0
#15 8.472   Downloaded async-graphql-parser v7.0.17
#15 8.476   Downloaded autocfg v1.5.0
#15 8.477   Downloaded arrayvec v0.7.6
#15 8.487   Downloaded aws-lc-sys v0.35.0
#15 8.738   Downloaded image v0.24.9
#15 8.950    Compiling proc-macro2 v1.0.103
#15 8.950    Compiling quote v1.0.42
#15 8.952    Compiling unicode-ident v1.0.22
#15 8.952    Compiling libc v0.2.178
#15 8.952    Compiling serde_core v1.0.228
#15 8.952    Compiling cfg-if v1.0.4
#15 8.952    Compiling serde v1.0.228
#15 8.954    Compiling version_check v0.9.5
#15 9.151    Compiling memchr v2.7.6
#15 9.220    Compiling smallvec v1.15.1
#15 9.448    Compiling log v0.4.29
#15 9.741    Compiling pin-project-lite v0.2.16
#15 9.872    Compiling itoa v1.0.16
#15 9.970    Compiling parking_lot_core v0.9.12
#15 10.04    Compiling scopeguard v1.2.0
#15 10.11    Compiling lock_api v0.4.14
#15 10.13    Compiling futures-core v0.3.31
#15 10.17    Compiling find-msvc-tools v0.1.5
#15 10.25    Compiling shlex v1.3.0
#15 10.33    Compiling typenum v1.19.0
#15 10.46    Compiling generic-array v0.14.7
#15 10.66    Compiling syn v2.0.111
#15 10.67    Compiling futures-sink v0.3.31
#15 10.70    Compiling slab v0.4.11
#15 10.75    Compiling once_cell v1.21.3
#15 10.75    Compiling fnv v1.0.7
#15 10.90    Compiling futures-channel v0.3.31
#15 11.02    Compiling jobserver v0.1.34
#15 11.05    Compiling getrandom v0.2.16
#15 11.16    Compiling signal-hook-registry v1.4.7
#15 11.24    Compiling cc v1.2.50
#15 11.31    Compiling parking_lot v0.12.5
#15 11.33    Compiling socket2 v0.6.1
#15 11.42    Compiling mio v1.1.1
#15 12.19    Compiling rand_core v0.6.4
#15 12.40    Compiling pin-utils v0.1.0
#15 12.45    Compiling futures-task v0.3.31
#15 12.46    Compiling icu_properties_data v2.1.2
#15 12.62    Compiling futures-io v0.3.31
#15 12.62    Compiling icu_normalizer_data v2.1.1
#15 12.74    Compiling pkg-config v0.3.32
#15 12.76    Compiling autocfg v1.5.0
#15 12.78    Compiling stable_deref_trait v1.2.1
#15 12.79    Compiling serde_json v1.0.147
#15 12.88    Compiling foldhash v0.2.0
#15 12.90    Compiling equivalent v1.0.2
#15 12.93    Compiling allocator-api2 v0.2.21
#15 13.04    Compiling getrandom v0.3.4
#15 13.09    Compiling percent-encoding v2.3.2
#15 13.11    Compiling crypto-common v0.1.7
#15 13.12    Compiling tracing-core v0.1.36
#15 13.15    Compiling ident_case v1.0.1
#15 13.21    Compiling subtle v2.6.1
#15 13.22    Compiling zerocopy v0.8.31
#15 13.28    Compiling hashbrown v0.16.1
#15 13.28    Compiling bitflags v2.10.0
#15 13.29    Compiling crc32fast v1.5.0
#15 13.31    Compiling litemap v0.8.1
#15 13.33    Compiling httparse v1.10.1
#15 13.50    Compiling writeable v0.6.2
#15 13.51    Compiling num-traits v0.2.19
#15 13.61    Compiling zmij v0.1.8
#15 13.80    Compiling simd-adler32 v0.3.8
#15 13.93    Compiling form_urlencoded v1.2.2
#15 14.03    Compiling block-buffer v0.10.4
#15 14.10    Compiling indexmap v2.12.1
#15 14.14    Compiling cpufeatures v0.2.17
#15 14.15    Compiling digest v0.10.7
#15 14.17    Compiling aho-corasick v1.1.4
#15 14.19    Compiling utf8_iter v1.0.4
#15 14.29    Compiling syn v1.0.109
#15 14.35    Compiling regex-syntax v0.8.8
#15 14.43    Compiling synstructure v0.13.2
#15 14.51    Compiling adler2 v2.0.1
#15 14.70    Compiling miniz_oxide v0.8.9
#15 14.76    Compiling strsim v0.11.1
#15 15.07    Compiling base64 v0.22.1
#15 15.26    Compiling flate2 v1.1.5
#15 16.45    Compiling num-conv v0.1.0
#15 16.49    Compiling powerfmt v0.2.0
#15 16.73    Compiling time-core v0.1.6
#15 16.84    Compiling mime v0.3.17
#15 17.11    Compiling serde_derive v1.0.228
#15 17.35    Compiling zerofrom-derive v0.1.6
#15 17.54    Compiling yoke-derive v0.8.1
#15 17.60    Compiling zerovec-derive v0.11.2
#15 17.91    Compiling displaydoc v0.2.5
#15 19.11    Compiling tokio-macros v2.6.0
#15 19.15    Compiling futures-macro v0.3.31
#15 19.25    Compiling tracing-attributes v0.1.31
#15 19.29    Compiling zerofrom v0.1.6
#15 19.39    Compiling yoke v0.8.1
#15 19.60    Compiling zerovec v0.11.5
#15 19.92    Compiling zerocopy-derive v0.8.31
#15 19.94    Compiling futures-util v0.3.31
#15 20.30    Compiling tinystr v0.8.2
#15 20.64    Compiling icu_locale_core v2.1.1
#15 21.33    Compiling potential_utf v0.1.4
#15 21.51    Compiling tracing v0.1.44
#15 21.98    Compiling zerotrie v0.2.3
#15 22.10    Compiling bytes v1.11.0
#15 22.21    Compiling icu_provider v2.1.1
#15 22.37    Compiling icu_collections v2.1.1
#15 22.63    Compiling regex-automata v0.4.13
#15 22.74    Compiling tokio v1.48.0
#15 23.14    Compiling icu_normalizer v2.1.1
#15 23.21    Compiling icu_properties v2.1.2
#15 23.83    Compiling http v0.2.12
#15 24.09    Compiling ppv-lite86 v0.2.21
#15 24.31    Compiling idna_adapter v1.2.1
#15 24.37    Compiling idna v1.1.0
#15 24.84    Compiling url v2.5.7
#15 24.95    Compiling regex v1.12.2
#15 25.08    Compiling ryu v1.0.21
#15 25.53    Compiling time-macros v0.2.24
#15 26.19    Compiling deranged v0.5.5
#15 26.27    Compiling encoding_rs v0.8.35
#15 27.04    Compiling zstd-sys v2.0.16+zstd.1.5.7
#15 27.13    Compiling socket2 v0.5.10
#15 27.45    Compiling crossbeam-utils v0.8.21
#15 27.47    Compiling httpdate v1.0.3
#15 27.63    Compiling time v0.3.44
#15 28.14    Compiling tokio-util v0.7.17
#15 28.21    Compiling serde_urlencoded v0.7.1
#15 28.41    Compiling rand_core v0.9.3
#15 28.61    Compiling rand_chacha v0.9.0
#15 29.27    Compiling h2 v0.3.27
#15 29.88    Compiling http v1.4.0
#15 30.46    Compiling sha1 v0.10.6
#15 30.73    Compiling ucd-trie v0.1.7
#15 31.02    Compiling unicode-segmentation v1.12.0
#15 31.08    Compiling alloc-no-stdlib v2.0.4
#15 31.13    Compiling local-waker v0.1.4
#15 31.22    Compiling zstd-safe v7.2.4
#15 31.43    Compiling convert_case v0.10.0
#15 31.45    Compiling alloc-stdlib v0.2.2
#15 31.64    Compiling pest v2.8.4
#15 31.71    Compiling rand v0.9.2
#15 31.85    Compiling ring v0.17.14
#15 32.05    Compiling unicode-xid v0.2.6
#15 32.17    Compiling thiserror v1.0.69
#15 32.49    Compiling derive_more-impl v2.1.1
#15 33.21    Compiling brotli-decompressor v5.0.0
#15 33.45    Compiling actix-utils v3.0.1
#15 34.00    Compiling actix-rt v2.11.0
#15 37.24    Compiling bytestring v1.5.0
#15 37.53    Compiling darling_core v0.20.11
#15 37.66    Compiling actix-service v2.0.3
#15 38.01    Compiling cookie v0.16.2
#15 38.16    Compiling vcpkg v0.2.15
#15 38.35    Compiling tower-service v0.3.3
#15 38.40    Compiling regex-lite v0.1.8
#15 38.93    Compiling try-lock v0.2.5
#15 39.09    Compiling want v0.3.1
#15 39.19    Compiling actix-router v0.5.3
#15 39.74    Compiling openssl-sys v0.9.111
#15 39.83    Compiling darling_macro v0.20.11
#15 40.07    Compiling derive_more v2.1.1
#15 40.09    Compiling brotli v8.0.2
#15 40.16    Compiling local-channel v0.1.5
#15 40.25    Compiling actix-codec v0.5.2
#15 40.42    Compiling thiserror-impl v1.0.69
#15 40.56    Compiling rustversion v1.0.22
#15 40.69    Compiling winnow v0.7.14
#15 40.71    Compiling untrusted v0.9.0
#15 40.84    Compiling language-tags v0.3.2
#15 40.95    Compiling foldhash v0.1.5
#15 42.41    Compiling darling v0.20.11
#15 42.46    Compiling toml_parser v1.0.6+spec-1.1.0
#15 42.96    Compiling actix-web-codegen v4.3.0
#15 43.11    Compiling actix-server v2.6.0
#15 44.18    Compiling pest_meta v2.8.4
#15 44.26    Compiling actix-macros v0.2.4
#15 44.26    Compiling num-integer v0.1.46
#15 44.68    Compiling toml_datetime v0.7.5+spec-1.1.0
#15 44.75    Compiling heck v0.5.0
#15 44.90    Compiling either v1.15.0
#15 44.92    Compiling openssl-probe v0.1.6
#15 45.03    Compiling impl-more v0.1.9
#15 45.10    Compiling unicase v2.8.1
#15 45.23    Compiling mime_guess v2.0.5
#15 45.67    Compiling pest_generator v2.8.4
#15 45.80    Compiling num-bigint v0.4.6
#15 45.98    Compiling crossbeam-epoch v0.9.18
#15 46.31    Compiling standback v0.2.17
#15 46.36    Compiling proc-macro-error-attr v1.0.4
#15 46.44    Compiling strsim v0.10.0
#15 46.51    Compiling rustls v0.21.12
#15 46.64    Compiling byteorder v1.5.0
#15 46.65    Compiling static_assertions v1.1.0
#15 46.68    Compiling rayon-core v1.13.0
#15 46.75    Compiling darling_core v0.14.4
#15 46.83    Compiling pest_derive v2.8.4
#15 46.83    Compiling crossbeam-deque v0.8.6
#15 47.39    Compiling rustls-webpki v0.101.7
#15 47.54    Compiling sct v0.7.1
#15 47.90    Compiling http-body v1.0.1
#15 48.04    Compiling rand_chacha v0.3.1
#15 48.10    Compiling darling_core v0.21.3
#15 48.71    Compiling fdeflate v0.3.7
#15 49.03    Compiling cmake v0.1.57
#15 49.32    Compiling proc-macro-error v1.0.4
#15 49.49    Compiling dunce v1.0.5
#15 49.54    Compiling ipnet v2.11.0
#15 49.55    Compiling openssl v0.10.75
#15 49.61    Compiling minimal-lexical v0.2.1
#15 49.75    Compiling zeroize v1.8.2
#15 49.84    Compiling fs_extra v1.3.0
#15 49.90    Compiling same-file v1.0.6
#15 50.03    Compiling fastrand v2.3.0
#15 50.03    Compiling foreign-types-shared v0.1.1
#15 50.08    Compiling foreign-types v0.3.2
#15 50.21    Compiling aws-lc-sys v0.35.0
#15 50.30    Compiling walkdir v2.5.0
#15 50.70    Compiling nom v7.1.3
#15 50.71    Compiling darling_macro v0.21.3
#15 51.07    Compiling darling_macro v0.14.4
#15 51.12    Compiling rand v0.8.5
#15 51.56    Compiling http-body v0.4.6
#15 51.66    Compiling futures-executor v0.3.31
#15 51.80    Compiling openssl-macros v0.1.1
#15 52.22    Compiling async-trait v0.1.89
#15 52.31    Compiling libm v0.2.15
#15 52.55    Compiling atomic-waker v1.1.2
#15 52.56    Compiling iana-time-zone v0.1.64
#15 52.62    Compiling thiserror v2.0.17
#15 52.78    Compiling native-tls v0.2.14
#15 52.93    Compiling bytemuck v1.24.0
#15 52.95    Compiling futures-timer v3.0.3
#15 53.05    Compiling base64 v0.21.7
#15 53.13    Compiling proc-macro-hack v0.5.20+deprecated
#15 53.18    Compiling rustix v1.1.3
#15 53.24    Compiling chrono v0.4.42
#15 53.39    Compiling rustls-pemfile v1.0.4
#15 53.53    Compiling tokio-rustls v0.24.1
#15 53.71    Compiling h2 v0.4.12
#15 53.93    Compiling sha2 v0.10.9
#15 54.13    Compiling hyper v0.14.32
#15 54.35    Compiling futures v0.3.31
#15 54.40    Compiling darling v0.14.4
#15 54.70    Compiling darling v0.21.3
#15 55.32    Compiling uuid v1.19.0
#15 55.69    Compiling thiserror-impl v2.0.17
#15 57.18    Compiling pxfm v0.1.27
#15 58.77    Compiling pq-sys v0.7.5
#15 59.03    Compiling inout v0.1.4
#15 59.11    Compiling smartstring v1.0.1
#15 59.28    Compiling bigdecimal v0.4.9
#15 59.46    Compiling serde_spanned v1.0.4
#15 59.57    Compiling linux-raw-sys v0.11.0
#15 59.88    Compiling portable-atomic v1.12.0
#15 60.31    Compiling bitflags v1.3.2
#15 60.34    Compiling diesel_derives v2.3.6
#15 61.15    Compiling cfg-if v0.1.10
#15 61.19    Compiling net2 v0.2.39
#15 61.61    Compiling dsl_auto_type v0.2.0
#15 62.09    Compiling zip v0.6.6
#15 62.85    Compiling moxcms v0.7.11
#15 63.37    Compiling toml v0.9.10+spec-1.1.0
#15 64.19    Compiling cipher v0.4.4
#15 64.26    Compiling hyper v1.8.1
#15 64.41    Compiling hyper-rustls v0.24.2
#15 64.80    Compiling utoipa-gen v4.3.1
#15 65.13    Compiling async-graphql-value v7.0.17
#15 65.39    Compiling derive_builder_core v0.12.0
#15 65.69    Compiling rust-embed-utils v8.9.0
#15 66.49    Compiling rustls-native-certs v0.6.3
#15 67.32    Compiling rayon v1.11.0
#15 67.48    Compiling png v0.18.0
#15 67.85    Compiling toml_edit v0.23.10+spec-1.0.0
#15 68.29    Compiling kstring v2.0.2
#15 68.54    Compiling strum_macros v0.26.4
#15 68.74    Compiling itertools v0.14.0
#15 70.11    Compiling derive_builder_core v0.20.2
#15 70.18    Compiling liquid-derive v0.26.10
#15 70.71    Compiling derive_utils v0.15.0
#15 70.90    Compiling diesel_table_macro_syntax v0.3.0
#15 70.98    Compiling universal-hash v0.5.1
#15 71.09    Compiling scheduled-thread-pool v0.2.7
#15 71.10    Compiling iovec v0.1.4
#15 71.19    Compiling sync_wrapper v1.0.2
#15 71.24    Compiling multer v3.1.0
#15 71.38    Compiling anymap2 v0.13.0
#15 71.42    Compiling sync_wrapper v0.1.2
#15 71.47    Compiling byteorder-lite v0.1.0
#15 71.49    Compiling anyhow v1.0.100
#15 71.50    Compiling weezl v0.1.12
#15 71.62    Compiling lazy_static v1.5.0
#15 71.64    Compiling const_fn v0.4.11
#15 71.66    Compiling tower-layer v0.3.3
#15 71.67    Compiling opaque-debug v0.3.1
#15 71.70    Compiling v_htmlescape v0.15.8
#15 71.73    Compiling hashbrown v0.14.5
#15 71.83    Compiling aws-lc-rs v1.15.2
#15 71.94    Compiling tower v0.5.2
#15 71.97    Compiling polyval v0.6.2
#15 72.11    Compiling Inflector v0.11.4
#15 72.19    Compiling image v0.25.9
#15 72.42    Compiling liquid-core v0.26.11
#15 72.46    Compiling dashmap v6.1.0
#15 72.52    Compiling reqwest v0.11.27
#15 72.95    Compiling r2d2 v0.8.10
#15 73.12    Compiling mio v0.6.23
#15 75.25    Compiling derive_builder_macro v0.20.2
#15 76.70    Compiling auto_enums v0.8.7
#15 78.75    Compiling strum v0.26.3
#15 78.89    Compiling utoipa v4.2.3
#15 81.74    Compiling jpeg-decoder v0.3.2
#15 82.80    Compiling proc-macro-crate v3.4.0
#15 83.28    Compiling time-macros-impl v0.1.2
#15 85.19    Compiling juniper_codegen v0.16.0
#15 89.20    Compiling derive_builder_macro v0.12.0
#15 89.55    Compiling rust-embed-impl v8.9.0
#15 89.62    Compiling async-graphql-parser v7.0.17
#15 89.67    Compiling hyper-util v0.1.19
#15 90.24    Compiling tokio-native-tls v0.3.1
#15 90.74    Compiling migrations_internals v2.3.0
#15 91.01    Compiling tempfile v3.24.0
#15 91.68    Compiling utoipa-swagger-ui v6.0.0
#15 92.09    Compiling eventsource-stream v0.2.3
#15 92.24    Compiling backon v1.6.0
#15 92.44    Compiling http-body-util v0.1.3
#15 92.50    Compiling arc-swap v1.8.0
#15 92.79    Compiling quanta v0.12.6
#15 92.82    Compiling combine v4.6.7
#15 92.91    Compiling deadpool-runtime v0.1.4
#15 93.02    Compiling half v2.7.1
#15 93.36    Compiling async-stream-impl v0.3.6
#15 93.53    Compiling zune-inflate v0.2.54
#15 94.06    Compiling num_cpus v1.17.0
#15 94.10    Compiling inotify-sys v0.1.5
#15 94.16    Compiling spinning_top v0.3.0
#15 94.22    Compiling time v0.2.27
#15 94.32    Compiling instant v0.1.13
#15 94.38    Compiling iri-string v0.7.9
#15 94.41    Compiling base64ct v1.8.1
#15 94.67    Compiling convert_case v0.4.0
#15 94.95    Compiling utf-8 v0.7.6
#15 95.12    Compiling sha1_smol v1.0.1
#15 95.14    Compiling qrcodegen v1.8.0
#15 95.88    Compiling untrusted v0.7.1
#15 95.96    Compiling lazycell v1.3.0
#15 96.01    Compiling data-encoding v2.9.0
#15 96.04    Compiling spin v0.9.8
#15 96.12    Compiling color_quant v1.1.0
#15 96.19    Compiling parse-size v1.1.0
#15 96.27    Compiling num-modular v0.6.1
#15 96.29    Compiling downcast-rs v2.0.2
#15 96.34    Compiling tokio-cron-scheduler v0.9.4
#15 96.39    Compiling bit_field v0.10.3
#15 96.49    Compiling web-time v1.1.0
#15 96.51    Compiling lebe v0.5.3
#15 96.53    Compiling ascii_utils v0.9.3
#15 96.65    Compiling nonzero_ext v0.3.0
#15 96.66    Compiling rust_decimal v1.39.0
#15 96.73    Compiling governor v0.10.4
#15 96.90    Compiling num-order v1.2.0
#15 97.13    Compiling exr v1.74.0
#15 97.30    Compiling fast_chemail v0.9.6
#15 97.32    Compiling diesel v2.3.5
#15 97.49    Compiling tungstenite v0.21.0
#15 97.56    Compiling redis v0.32.7
#15 97.59    Compiling actix-multipart-derive v0.7.0
#15 97.80    Compiling zstd v0.13.3
#15 98.26    Compiling actix-http v3.11.2
#15 98.42    Compiling deadpool v0.12.3
#15 98.68    Compiling gif v0.13.3
#15 101.0    Compiling tower-http v0.6.8
#15 101.1    Compiling mio-extras v2.0.6
#15 101.2    Compiling liquid-lib v0.26.11
#15 101.7    Compiling qrcodegen-image v1.5.0
#15 102.4    Compiling actix-web v4.12.1
#15 103.1    Compiling derive_more v0.99.20
#15 106.6    Compiling password-hash v0.5.0
#15 107.6    Compiling backoff v0.4.0
#15 107.8    Compiling inotify v0.7.1
#15 107.8    Compiling async-stream v0.3.6
#15 108.4    Compiling hyper-tls v0.6.0
#15 109.3    Compiling reqwest-eventsource v0.4.0
#15 110.4    Compiling rust-embed v8.9.0
#15 110.5    Compiling async-graphql-derive v7.0.17
#15 115.8    Compiling migrations_macros v2.3.0
#15 116.7    Compiling juniper v0.16.2
#15 117.7    Compiling derive_builder v0.12.0
#15 117.9    Compiling time-macros v0.1.1
#15 117.9    Compiling tiff v0.9.1
#15 118.7    Compiling derive_builder v0.20.2
#15 119.3    Compiling ghash v0.5.1
#15 119.7    Compiling cfb v0.7.3
#15 119.8    Compiling simple_asn1 v0.6.3
#15 119.9    Compiling aes v0.8.4
#15 120.0    Compiling ctr v0.9.2
#15 120.2    Compiling png v0.17.16
#15 120.6    Compiling cron v0.12.1
#15 121.6    Compiling async-convert v1.0.0
#15 121.7    Compiling qoi v0.4.1
#15 121.9    Compiling secrecy v0.8.0
#15 122.0    Compiling rustls-pki-types v1.13.2
#15 122.1    Compiling handlebars v5.1.2
#15 122.8    Compiling tokio-stream v0.1.17
#15 123.3    Compiling serde_plain v1.0.2
#15 123.5    Compiling num-derive v0.3.3
#15 123.6    Compiling pem v3.0.6
#15 123.7    Compiling hmac v0.12.1
#15 123.9    Compiling blake2 v0.10.6
#15 124.4    Compiling aead v0.5.2
#15 124.5    Compiling filetime v0.2.26
#15 124.6    Compiling atty v0.2.14
#15 124.6    Compiling arrayvec v0.7.6
#15 124.7    Compiling urlencoding v2.1.3
#15 124.7    Compiling base32 v0.5.1
#15 124.7    Compiling signature v2.2.0
#15 124.8    Compiling termcolor v1.4.1
#15 124.8    Compiling constant_time_eq v0.3.1
#15 124.9    Compiling humantime v2.3.0
#15 124.9    Compiling static_assertions_next v1.1.2
#15 124.9    Compiling http-range v0.1.5
#15 124.9    Compiling async-graphql v7.0.17
#15 125.1    Compiling env_logger v0.8.4
#15 125.2    Compiling actix-files v0.6.9
#15 125.3    Compiling totp-rs v5.7.0
#15 126.5    Compiling notify v4.0.18
#15 128.6    Compiling diesel_migrations v2.3.1
#15 129.1    Compiling aes-gcm v0.10.3
#15 129.2    Compiling argon2 v0.5.3
#15 129.2    Compiling async-openai v0.18.3
#15 130.1    Compiling actix-multipart v0.7.2
#15 130.8    Compiling reqwest v0.12.28
#15 132.2    Compiling image v0.24.9
#15 132.9    Compiling juniper_actix v0.6.0
#15 133.2    Compiling infer v0.15.0
#15 134.6    Compiling handlebars v6.3.2
#15 137.0    Compiling deadpool-redis v0.22.0
#15 138.0    Compiling actix-cors v0.7.1
#15 139.1    Compiling utoipa-redoc v3.0.0
#15 140.1    Compiling actix-governor v0.10.0
#15 140.3    Compiling liquid v0.26.11
#15 140.5    Compiling tokio-tungstenite v0.21.0
#15 140.8    Compiling envy v0.4.2
#15 141.0    Compiling pgvector v0.3.4
#15 141.1    Compiling dotenv v0.15.0
#15 142.1    Compiling hex v0.4.3
#15 151.9    Compiling jsonwebtoken v10.2.0
#15 153.0    Compiling freeradical v1.4.0 (/app)
#15 153.9 error[E0428]: the name `tenant_id` is defined multiple times
#15 153.9    --> src/schema.rs:609:9
#15 153.9     |
#15 153.9 597 |         tenant_id -> Nullable<Int4>,
#15 153.9     |         --------- previous definition of the type `tenant_id` here
#15 153.9 ...
#15 153.9 609 |         tenant_id -> Nullable<Int4>,
#15 153.9     |         ^^^^^^^^^ `tenant_id` redefined here
#15 153.9     |
#15 153.9     = note: `tenant_id` must be defined only once in the type namespace of this module
#15 153.9     = note: this error originates in the macro `diesel::table` (in Nightly builds, run with -Z macro-backtrace for more info)
#15 153.9 
#15 153.9 error[E0252]: the name `tenant_id` is defined multiple times
#15 153.9    --> src/schema.rs:561:1
#15 153.9     |
#15 153.9 561 | diesel::table! {
#15 153.9     | ^^^^^^^^^^^^^^
#15 153.9     | |
#15 153.9     | `tenant_id` reimported here
#15 153.9     | previous import of the type `tenant_id` here
#15 153.9     |
#15 153.9     = note: `tenant_id` must be defined only once in the type namespace of this module
#15 153.9     = note: this error originates in the macro `diesel::table` (in Nightly builds, run with -Z macro-backtrace for more info)
#15 153.9 
#15 154.3 warning: unused import: `diesel::pg::PgConnection`
#15 154.3  --> src/main.rs:5:5
#15 154.3   |
#15 154.3 5 | use diesel::pg::PgConnection;
#15 154.3   |     ^^^^^^^^^^^^^^^^^^^^^^^^
#15 154.3   |
#15 154.3   = note: `#[warn(unused_imports)]` (part of `#[warn(unused)]`) on by default
#15 154.3 
#15 154.3 warning: unused imports: `ConnectionManager` and `Pool`
#15 154.3  --> src/main.rs:6:20
#15 154.3   |
#15 154.3 6 | use diesel::r2d2::{ConnectionManager, Pool};
#15 154.3   |                    ^^^^^^^^^^^^^^^^^  ^^^^
#15 154.3 
#15 154.3 warning: unused import: `diesel::Connection`
#15 154.3  --> src/main.rs:7:5
#15 154.3   |
#15 154.3 7 | use diesel::Connection;
#15 154.3   |     ^^^^^^^^^^^^^^^^^^
#15 154.3 
#15 154.3 warning: unused import: `handlebars::Handlebars`
#15 154.3  --> src/main.rs:8:5
#15 154.3   |
#15 154.3 8 | use handlebars::Handlebars;
#15 154.3   |     ^^^^^^^^^^^^^^^^^^^^^^
#15 154.3 
#15 154.3 warning: unused import: `std::sync::Mutex`
#15 154.3  --> src/main.rs:9:5
#15 154.3   |
#15 154.3 9 | use std::sync::Mutex;
#15 154.3   |     ^^^^^^^^^^^^^^^^
#15 154.3 
#15 154.3 warning: unused import: `std::time::Duration`
#15 154.3   --> src/main.rs:10:5
#15 154.3    |
#15 154.3 10 | use std::time::Duration;
#15 154.3    |     ^^^^^^^^^^^^^^^^^^^
#15 154.3 
#15 154.3 warning: unused import: `MigrationHarness`
#15 154.3   --> src/main.rs:14:63
#15 154.3    |
#15 154.3 14 | use diesel_migrations::{embed_migrations, EmbeddedMigrations, MigrationHarness};
#15 154.3    |                                                               ^^^^^^^^^^^^^^^^
#15 154.3 
#15 154.3 warning: unused import: `crate::services::auth_service::Claims`
#15 154.3   --> src/controllers/page_controllers.rs:12:5
#15 154.3    |
#15 154.3 12 | use crate::services::auth_service::Claims;
#15 154.3    |     ^^^^^^^^^^^^^^^^^^^^^^^^^^^^^^^^^^^^^
#15 154.3 
#15 154.3 warning: unused import: `crate::models::PooledDatabaseConnection`
#15 154.3   --> src/controllers/product_controller.rs:38:9
#15 154.3    |
#15 154.3 38 |     use crate::models::PooledDatabaseConnection;
#15 154.3    |         ^^^^^^^^^^^^^^^^^^^^^^^^^^^^^^^^^^^^^^^
#15 154.3 
#15 154.3 warning: unused import: `crate::models::PooledDatabaseConnection`
#15 154.3   --> src/controllers/product_controller.rs:76:9
#15 154.3    |
#15 154.3 76 |     use crate::models::PooledDatabaseConnection;
#15 154.3    |         ^^^^^^^^^^^^^^^^^^^^^^^^^^^^^^^^^^^^^^^
#15 154.3 
#15 154.3 warning: unused import: `crate::models::PooledDatabaseConnection`
#15 154.3   --> src/controllers/product_controller.rs:98:9
#15 154.3    |
#15 154.3 98 |     use crate::models::PooledDatabaseConnection;
#15 154.3    |         ^^^^^^^^^^^^^^^^^^^^^^^^^^^^^^^^^^^^^^^
#15 154.3 
#15 154.3 warning: unnecessary trailing semicolon
#15 154.3    --> src/controllers/product_controller.rs:153:9
#15 154.3     |
#15 154.3 153 |         ;
#15 154.3     |         ^ help: remove this semicolon
#15 154.3     |
#15 154.3     = note: `#[warn(redundant_semicolons)]` (part of `#[warn(unused)]`) on by default
#15 154.3 
#15 154.3 warning: unused import: `crate::models::PooledDatabaseConnection`
#15 154.3    --> src/controllers/product_controller.rs:133:9
#15 154.3     |
#15 154.3 133 |     use crate::models::PooledDatabaseConnection;
#15 154.3     |         ^^^^^^^^^^^^^^^^^^^^^^^^^^^^^^^^^^^^^^^
#15 154.3 
#15 154.3 warning: unnecessary trailing semicolon
#15 154.3    --> src/controllers/product_controller.rs:189:9
#15 154.3     |
#15 154.3 189 |         ;
#15 154.3     |         ^ help: remove this semicolon
#15 154.3 
#15 154.3 warning: unused import: `crate::models::PooledDatabaseConnection`
#15 154.3    --> src/controllers/product_controller.rs:172:9
#15 154.3     |
#15 154.3 172 |     use crate::models::PooledDatabaseConnection;
#15 154.3     |         ^^^^^^^^^^^^^^^^^^^^^^^^^^^^^^^^^^^^^^^
#15 154.3 
#15 154.3 warning: unused import: `chrono::NaiveDateTime`
#15 154.3  --> src/controllers/order_controller.rs:5:5
#15 154.3   |
#15 154.3 5 | use chrono::NaiveDateTime;
#15 154.3   |     ^^^^^^^^^^^^^^^^^^^^^
#15 154.3 
#15 154.3 warning: unused import: `PooledDatabaseConnection`
#15 154.3  --> src/controllers/order_controller.rs:7:49
#15 154.3   |
#15 154.3 7 | use crate::models::{pool_handler, DatabasePool, PooledDatabaseConnection};
#15 154.3   |                                                 ^^^^^^^^^^^^^^^^^^^^^^^^
#15 154.3 
#15 154.3 warning: unused import: `OrderItem`
#15 154.3  --> src/controllers/order_controller.rs:8:45
#15 154.3   |
#15 154.3 8 | use crate::models::commerce_models::{Order, OrderItem, NewOrder, NewOrderItem, Product};
#15 154.3   |                                             ^^^^^^^^^
#15 154.3 
#15 154.3 warning: unused import: `pool_handler`
#15 154.3  --> src/controllers/relationship_controller.rs:6:35
#15 154.3   |
#15 154.3 6 | use crate::models::{DatabasePool, pool_handler};
#15 154.3   |                                   ^^^^^^^^^^^^
#15 154.3 
#15 154.3 warning: unused import: `pool_handler`
#15 154.3  --> src/controllers/webhook_controller.rs:5:35
#15 154.3   |
#15 154.3 5 | use crate::models::{DatabasePool, pool_handler};
#15 154.3   |                                   ^^^^^^^^^^^^
#15 154.3 
#15 154.3 warning: unused import: `web`
#15 154.3  --> src/controllers/backup_controller.rs:1:28
#15 154.3   |
#15 154.3 1 | use actix_web::{get, post, web, HttpResponse, Responder};
#15 154.3   |                            ^^^
#15 154.3 
#15 154.3 warning: unused import: `Serialize`
#15 154.3  --> src/controllers/payment_controller.rs:6:26
#15 154.3   |
#15 154.3 6 | use serde::{Deserialize, Serialize};
#15 154.3   |                          ^^^^^^^^^
#15 154.3 
#15 154.3 warning: unused import: `async_graphql::http`
#15 154.3  --> src/controllers/graphql_controller.rs:5:5
#15 154.3   |
#15 154.3 5 | use async_graphql::http;
#15 154.3   |     ^^^^^^^^^^^^^^^^^^^
#15 154.3 
#15 154.3 warning: unused import: `Serialize`
#15 154.3  --> src/controllers/graphql_controller.rs:7:26
#15 154.3   |
#15 154.3 7 | use serde::{Deserialize, Serialize};
#15 154.3   |                          ^^^^^^^^^
#15 154.3 
#15 154.3 warning: unused import: `pool_handler`
#15 154.3  --> src/controllers/search_controller.rs:3:35
#15 154.3   |
#15 154.3 3 | use crate::models::{DatabasePool, pool_handler};
#15 154.3   |                                   ^^^^^^^^^^^^
#15 154.3 
#15 154.3 warning: unused imports: `delete` and `put`
#15 154.3  --> src/controllers/i18n_controller.rs:1:58
#15 154.3   |
#15 154.3 1 | use actix_web::{web, HttpResponse, Responder, get, post, put, delete};
#15 154.3   |                                                          ^^^  ^^^^^^
#15 154.3 
#15 154.3 warning: unused import: `Language`
#15 154.3  --> src/controllers/i18n_controller.rs:5:58
#15 154.3   |
#15 154.3 5 | use crate::services::language_service::{LanguageService, Language, NewLanguage};
#15 154.3   |                                                          ^^^^^^^^
#15 154.3 
#15 154.3 warning: unused import: `post`
#15 154.3  --> src/controllers/oauth_controller.rs:1:52
#15 154.3   |
#15 154.3 1 | use actix_web::{web, HttpResponse, Responder, get, post};
#15 154.3   |                                                    ^^^^
#15 154.3 
#15 154.3 warning: unused import: `Serialize`
#15 154.3  --> src/controllers/oauth_controller.rs:2:26
#15 154.3   |
#15 154.3 2 | use serde::{Deserialize, Serialize};
#15 154.3   |                          ^^^^^^^^^
#15 154.3 
#15 154.3 warning: unused import: `web`
#15 154.3  --> src/controllers/dashboard_controller.rs:1:47
#15 154.3   |
#15 154.3 1 | use actix_web::{get, HttpResponse, Responder, web};
#15 154.3   |                                               ^^^
#15 154.3 
#15 154.3 warning: unused import: `Deserialize`
#15 154.3  --> src/controllers/dashboard_controller.rs:2:24
#15 154.3   |
#15 154.3 2 | use serde::{Serialize, Deserialize};
#15 154.3   |                        ^^^^^^^^^^^
#15 154.3 
#15 154.3 warning: unused import: `crate::schema::tenants`
#15 154.3  --> src/helpers/tenant_helper.rs:4:5
#15 154.3   |
#15 154.3 4 | use crate::schema::tenants;
#15 154.3   |     ^^^^^^^^^^^^^^^^^^^^^^
#15 154.3 
#15 154.3 warning: unused import: `std::time::Duration`
#15 154.3  --> src/services/cache_service.rs:2:5
#15 154.3   |
#15 154.3 2 | use std::time::Duration;
#15 154.3   |     ^^^^^^^^^^^^^^^^^^^
#15 154.3 
#15 154.3 warning: unused import: `chrono::NaiveDateTime`
#15 154.3  --> src/services/analytics_service.rs:2:5
#15 154.3   |
#15 154.3 2 | use chrono::NaiveDateTime;
#15 154.3   |     ^^^^^^^^^^^^^^^^^^^^^
#15 154.3 
#15 154.3 warning: unused imports: `Duration` and `Timelike`
#15 154.3   --> src/services/analytics_service.rs:83:27
#15 154.3    |
#15 154.3 83 |         use chrono::{Utc, Duration, Timelike};
#15 154.3    |                           ^^^^^^^^  ^^^^^^^^
#15 154.3 
#15 154.3 warning: unused import: `Timelike`
#15 154.3    --> src/services/analytics_service.rs:128:27
#15 154.3     |
#15 154.3 128 |         use chrono::{Utc, Timelike};
#15 154.3     |                           ^^^^^^^^
#15 154.3 
#15 154.3 warning: unused imports: `PasswordHash` and `PasswordVerifier`
#15 154.3  --> src/services/auth_service.rs:4:33
#15 154.3   |
#15 154.3 4 | use password_hash::{SaltString, PasswordHash, PasswordVerifier};
#15 154.3   |                                 ^^^^^^^^^^^^  ^^^^^^^^^^^^^^^^
#15 154.3 
#15 154.3 warning: unused import: `diesel::prelude::*`
#15 154.3  --> src/services/auth_service.rs:5:5
#15 154.3   |
#15 154.3 5 | use diesel::prelude::*;
#15 154.3   |     ^^^^^^^^^^^^^^^^^^
#15 154.3 
#15 154.3 warning: unused import: `pool_handler`
#15 154.3   --> src/services/auth_service.rs:13:21
#15 154.3    |
#15 154.3 13 | use crate::models::{pool_handler, user_models, Model, DatabasePool};
#15 154.3    |                     ^^^^^^^^^^^^
#15 154.3 
#15 154.3 warning: unused imports: `page_revisions` and `pages`
#15 154.3  --> src/services/revision_service.rs:5:21
#15 154.3   |
#15 154.3 5 | use crate::schema::{pages, page_revisions};
#15 154.3   |                     ^^^^^  ^^^^^^^^^^^^^^
#15 154.3 
#15 154.3 warning: unused import: `chrono::Utc`
#15 154.3  --> src/services/inventory_service.rs:5:5
#15 154.3   |
#15 154.3 5 | use chrono::Utc;
#15 154.3   |     ^^^^^^^^^^^
#15 154.3 
#15 154.3 warning: unused import: `uuid::Uuid`
#15 154.3  --> src/services/inventory_service.rs:6:5
#15 154.3   |
#15 154.3 6 | use uuid::Uuid;
#15 154.3   |     ^^^^^^^^^^
#15 154.3 
#15 154.3 warning: unused import: `actix_web::web`
#15 154.3  --> src/services/ai_scope_service.rs:1:5
#15 154.3   |
#15 154.3 1 | use actix_web::web;
#15 154.3   |     ^^^^^^^^^^^^^^
#15 154.3 
#15 154.3 warning: unused import: `diesel::prelude::*`
#15 154.3  --> src/services/ai_scope_service.rs:2:5
#15 154.3   |
#15 154.3 2 | use diesel::prelude::*;
#15 154.3   |     ^^^^^^^^^^^^^^^^^^
#15 154.3 
#15 154.3 warning: unused import: `crate::models::DbPool`
#15 154.3  --> src/services/ai_scope_service.rs:4:5
#15 154.3   |
#15 154.3 4 | use crate::models::DbPool;
#15 154.3   |     ^^^^^^^^^^^^^^^^^^^^^
#15 154.3 
#15 154.3 warning: unused import: `AIUsageLog`
#15 154.3  --> src/services/ai_content_service.rs:6:59
#15 154.3   |
#15 154.3 6 | use crate::models::ai_provider_models::{AIProviderConfig, AIUsageLog, NewAIUsageLog};
#15 154.3   |                                                           ^^^^^^^^^^
#15 154.3 
#15 154.3 warning: unused import: `HttpResponse`
#15 154.3  --> src/services/ai_authorization_service.rs:1:35
#15 154.3   |
#15 154.3 1 | use actix_web::{web, HttpRequest, HttpResponse};
#15 154.3   |                                   ^^^^^^^^^^^^
#15 154.3 
#15 154.3 warning: unused import: `diesel::prelude::*`
#15 154.3  --> src/services/ai_authorization_service.rs:3:5
#15 154.3   |
#15 154.3 3 | use diesel::prelude::*;
#15 154.3   |     ^^^^^^^^^^^^^^^^^^
#15 154.3 
#15 154.3 warning: unused import: `crate::schema::pages`
#15 154.3   --> src/services/ai_authorization_service.rs:92:9
#15 154.3    |
#15 154.3 92 |     use crate::schema::pages;
#15 154.3    |         ^^^^^^^^^^^^^^^^^^^^
#15 154.3 
#15 154.3 warning: unused import: `crate::schema::pages`
#15 154.3    --> src/services/ai_authorization_service.rs:127:9
#15 154.3     |
#15 154.3 127 |     use crate::schema::pages;
#15 154.3     |         ^^^^^^^^^^^^^^^^^^^^
#15 154.3 
#15 154.3 warning: unused import: `error`
#15 154.3  --> src/services/ai_command_executor.rs:2:17
#15 154.3   |
#15 154.3 2 | use log::{info, error};
#15 154.3   |                 ^^^^^
#15 154.3 
#15 154.3 warning: unused import: `error`
#15 154.3  --> src/services/ai_response_handler.rs:1:23
#15 154.3   |
#15 154.3 1 | use log::{info, warn, error};
#15 154.3   |                       ^^^^^
#15 154.3 
#15 154.3 warning: unused imports: `error` and `warn`
#15 154.3  --> src/services/workflow_orchestrator.rs:3:17
#15 154.3   |
#15 154.3 3 | use log::{info, warn, error};
#15 154.3   |                 ^^^^  ^^^^^
#15 154.3 
#15 154.3 warning: unused imports: `Duration` and `sleep`
#15 154.3  --> src/services/content_scheduler.rs:3:19
#15 154.3   |
#15 154.3 3 | use tokio::time::{sleep, Duration};
#15 154.3   |                   ^^^^^  ^^^^^^^^
#15 154.3 
#15 154.3 warning: unused import: `serde_json::Value`
#15 154.3  --> src/services/schema_markup.rs:2:5
#15 154.3   |
#15 154.3 2 | use serde_json::Value;
#15 154.3   |     ^^^^^^^^^^^^^^^^^
#15 154.3 
#15 154.3 warning: unused import: `std::collections::HashMap`
#15 154.3  --> src/services/link_builder.rs:3:5
#15 154.3   |
#15 154.3 3 | use std::collections::HashMap;
#15 154.3   |     ^^^^^^^^^^^^^^^^^^^^^^^^^
#15 154.3 
#15 154.3 warning: unused import: `std::collections::HashMap`
#15 154.3  --> src/services/competitor_analyzer.rs:3:5
#15 154.3   |
#15 154.3 3 | use std::collections::HashMap;
#15 154.3   |     ^^^^^^^^^^^^^^^^^^^^^^^^^
#15 154.3 
#15 154.3 warning: unused import: `std::collections::HashMap`
#15 154.3  --> src/services/inventory_analytics.rs:3:5
#15 154.3   |
#15 154.3 3 | use std::collections::HashMap;
#15 154.3   |     ^^^^^^^^^^^^^^^^^^^^^^^^^
#15 154.3 
#15 154.3 warning: unused import: `roles`
#15 154.3   --> src/services/permission_service.rs:77:37
#15 154.3    |
#15 154.3 77 |     use crate::schema::{user_roles, roles};
#15 154.3    |                                     ^^^^^
#15 154.3 
#15 154.3 warning: unused import: `crate::schema::pages`
#15 154.3    --> src/services/permission_service.rs:123:9
#15 154.3     |
#15 154.3 123 |     use crate::schema::pages;
#15 154.3     |         ^^^^^^^^^^^^^^^^^^^^
#15 154.3 
#15 154.3 warning: unused import: `HttpResponse`
#15 154.3  --> src/services/plugin_service/mod.rs:1:38
#15 154.3   |
#15 154.3 1 | use actix_web::{dev::ServiceRequest, HttpResponse};
#15 154.3   |                                      ^^^^^^^^^^^^
#15 154.3 
#15 154.3 warning: unused import: `body::BoxBody`
#15 154.3  --> src/services/plugin_service/middleware.rs:2:24
#15 154.3   |
#15 154.3 2 | use actix_web::{Error, body::BoxBody};
#15 154.3   |                        ^^^^^^^^^^^^^
#15 154.3 
#15 154.3 warning: unused import: `std::path::Path`
#15 154.3  --> src/services/template_service.rs:1:5
#15 154.3   |
#15 154.3 1 | use std::path::Path;
#15 154.3   |     ^^^^^^^^^^^^^^^
#15 154.3 
#15 154.3 warning: unused import: `Template`
#15 154.3  --> src/services/template_service.rs:4:37
#15 154.3   |
#15 154.3 4 | use liquid::{Parser, ParserBuilder, Template};
#15 154.3   |                                     ^^^^^^^^
#15 154.3 
#15 154.3 warning: unused imports: `Deserialize` and `Serialize`
#15 154.3  --> src/services/language_service.rs:2:13
#15 154.3   |
#15 154.3 2 | use serde::{Deserialize, Serialize};
#15 154.3   |             ^^^^^^^^^^^  ^^^^^^^^^
#15 154.3 
#15 154.3 warning: unused import: `diesel::prelude::*`
#15 154.3  --> src/services/analytics_service_v2.rs:1:5
#15 154.3   |
#15 154.3 1 | use diesel::prelude::*;
#15 154.3   |     ^^^^^^^^^^^^^^^^^^
#15 154.3 
#15 154.3 warning: unused import: `Deserialize`
#15 154.3  --> src/services/analytics_service_v2.rs:2:13
#15 154.3   |
#15 154.3 2 | use serde::{Deserialize, Serialize};
#15 154.3   |             ^^^^^^^^^^^
#15 154.3 
#15 154.3 warning: unused import: `crate::services::language_service::LanguageService`
#15 154.3  --> src/services/hreflang_service.rs:1:5
#15 154.3   |
#15 154.3 1 | use crate::services::language_service::LanguageService;
#15 154.3   |     ^^^^^^^^^^^^^^^^^^^^^^^^^^^^^^^^^^^^^^^^^^^^^^^^^^
#15 154.3 
#15 154.3 warning: unused imports: `crm_segments` and `users`
#15 154.3  --> src/services/crm_service.rs:9:54
#15 154.3   |
#15 154.3 9 | use crate::schema::{crm_customers, crm_interactions, crm_segments, crm_tasks, crm_notes, users};
#15 154.3   |                                                      ^^^^^^^^^^^^                        ^^^^^
#15 154.3 
#15 154.3 warning: unused imports: `Deserialize` and `Serialize`
#15 154.3  --> src/models/config_models.rs:1:13
#15 154.3   |
#15 154.3 1 | use serde::{Deserialize, Serialize};
#15 154.3   |             ^^^^^^^^^^^  ^^^^^^^^^
#15 154.3 
#15 154.3 warning: unused import: `std::io::Write`
#15 154.3  --> src/models/status_enum.rs:8:5
#15 154.3   |
#15 154.3 8 | use std::io::Write;
#15 154.3   |     ^^^^^^^^^^^^^^
#15 154.3 
#15 154.3 warning: unused import: `diesel::serialize::ToSql`
#15 154.3  --> src/models/revision_models.rs:6:5
#15 154.3   |
#15 154.3 6 | use diesel::serialize::ToSql;
#15 154.3   |     ^^^^^^^^^^^^^^^^^^^^^^^^
#15 154.3 
#15 154.3 warning: unused import: `diesel::deserialize::FromSql`
#15 154.3  --> src/models/revision_models.rs:7:5
#15 154.3   |
#15 154.3 7 | use diesel::deserialize::FromSql;
#15 154.3   |     ^^^^^^^^^^^^^^^^^^^^^^^^^^^^
#15 154.3 
#15 154.3 warning: unused imports: `Jsonb` and `Numeric`
#15 154.3  --> src/models/inventory_models.rs:3:25
#15 154.3   |
#15 154.3 3 | use diesel::sql_types::{Jsonb, Numeric};
#15 154.3   |                         ^^^^^  ^^^^^^^
#15 154.3 
#15 154.3 warning: unused import: `PooledConnection`
#15 154.3   --> src/models/mod.rs:24:99
#15 154.3    |
#15 154.3 24 | use diesel::{PgConnection, query_builder::AsChangeset, r2d2::{ConnectionManager, Pool, PoolError, PooledConnection}};
#15 154.3    |                                                                                                   ^^^^^^^^^^^^^^^^
#15 154.3 
#15 154.4 warning: unused import: `crate::models::DatabasePool`
#15 154.4  --> src/graphql/query.rs:5:5
#15 154.4   |
#15 154.4 5 | use crate::models::DatabasePool;
#15 154.4   |     ^^^^^^^^^^^^^^^^^^^^^^^^^^^
#15 154.4 
#15 154.4 warning: unused import: `HttpResponse`
#15 154.4  --> src/middleware/rate_limit.rs:5:12
#15 154.4   |
#15 154.4 5 |     Error, HttpResponse,
#15 154.4   |            ^^^^^^^^^^^^
#15 154.4 
#15 154.4 warning: unused import: `HttpResponse`
#15 154.4  --> src/middleware/auth_middleware.rs:3:25
#15 154.4   |
#15 154.4 3 |     Error, HttpMessage, HttpResponse,
#15 154.4   |                         ^^^^^^^^^^^^
#15 154.4 
#15 154.4 warning: unused imports: `Claims`, `UserContext`, `create_jwt_token`, and `get_user_context`
#15 154.4  --> src/middleware/mod.rs:4:43
#15 154.4   |
#15 154.4 4 | pub use auth_middleware::{AuthMiddleware, UserContext, Claims, create_jwt_token, get_user_context};
#15 154.4   |                                           ^^^^^^^^^^^  ^^^^^^  ^^^^^^^^^^^^^^^^  ^^^^^^^^^^^^^^^^
#15 154.4 
#15 154.7 warning: use of deprecated type alias `diesel::dsl::count_distinct`
#15 154.7    --> src/services/analytics_service.rs:129:26
#15 154.7     |
#15 154.7 129 |         use diesel::dsl::count_distinct;
#15 154.7     |                          ^^^^^^^^^^^^^^
#15 154.7     |
#15 154.7     = note: `#[warn(deprecated)]` on by default
#15 154.7 
#15 154.7 warning: use of deprecated function `diesel::dsl::count_distinct`: Use `AggregateExpressionMethods::aggregate_distinct` instead
#15 154.7    --> src/services/analytics_service.rs:129:26
#15 154.7     |
#15 154.7 129 |         use diesel::dsl::count_distinct;
#15 154.7     |                          ^^^^^^^^^^^^^^
#15 154.7 
#15 154.7 warning: use of deprecated function `diesel::dsl::count_distinct`: Use `AggregateExpressionMethods::aggregate_distinct` instead
#15 154.7    --> src/services/analytics_service.rs:136:21
#15 154.7     |
#15 154.7 136 |             .select(count_distinct(dsl::user_id))
#15 154.7     |                     ^^^^^^^^^^^^^^
#15 154.7 
#15 154.7 warning: use of deprecated function `base64::encode`: Use Engine::encode
#15 154.7    --> src/services/payment_service/square.rs:237:32
#15 154.7     |
#15 154.7 237 |         let expected = base64::encode(mac.finalize().into_bytes());
#15 154.7     |                                ^^^^^^
#15 154.7 
#15 154.7 warning: use of deprecated type alias `diesel::backend::RawValue`: Use `Backend::RawValue` directly
#15 154.7   --> src/models/status_enum.rs:34:41
#15 154.7    |
#15 154.7 34 |     fn from_sql(bytes: diesel::backend::RawValue<Pg>) -> deserialize::Result<Self> {
#15 154.7    |                                         ^^^^^^^^
#15 154.7 
#15 154.9 error[E0119]: conflicting implementations of trait `std::fmt::Debug` for type `schema::pages::columns::tenant_id`
#15 154.9    --> src/schema.rs:597:9
#15 154.9     |
#15 154.9 597 |         tenant_id -> Nullable<Int4>,
#15 154.9     |         ^^^^^^^^^ conflicting implementation for `schema::pages::columns::tenant_id`
#15 154.9 ...
#15 154.9 609 |         tenant_id -> Nullable<Int4>,
#15 154.9     |         --------- first implementation here
#15 154.9     |
#15 154.9     = note: this error originates in the derive macro `Debug` which comes from the expansion of the macro `diesel::table` (in Nightly builds, run with -Z macro-backtrace for more info)
#15 154.9 
#15 154.9 error[E0119]: conflicting implementations of trait `Clone` for type `schema::pages::columns::tenant_id`
#15 154.9    --> src/schema.rs:597:9
#15 154.9     |
#15 154.9 597 |         tenant_id -> Nullable<Int4>,
#15 154.9     |         ^^^^^^^^^ conflicting implementation for `schema::pages::columns::tenant_id`
#15 154.9 ...
#15 154.9 609 |         tenant_id -> Nullable<Int4>,
#15 154.9     |         --------- first implementation here
#15 154.9     |
#15 154.9     = note: this error originates in the derive macro `Clone` which comes from the expansion of the macro `diesel::table` (in Nightly builds, run with -Z macro-backtrace for more info)
#15 154.9 
#15 154.9 error[E0119]: conflicting implementations of trait `std::marker::Copy` for type `schema::pages::columns::tenant_id`
#15 154.9    --> src/schema.rs:597:9
#15 154.9     |
#15 154.9 597 |         tenant_id -> Nullable<Int4>,
#15 154.9     |         ^^^^^^^^^ conflicting implementation for `schema::pages::columns::tenant_id`
#15 154.9 ...
#15 154.9 609 |         tenant_id -> Nullable<Int4>,
#15 154.9     |         --------- first implementation here
#15 154.9     |
#15 154.9     = note: this error originates in the derive macro `Copy` which comes from the expansion of the macro `diesel::table` (in Nightly builds, run with -Z macro-backtrace for more info)
#15 154.9 
#15 154.9 error[E0119]: conflicting implementations of trait `std::default::Default` for type `schema::pages::columns::tenant_id`
#15 154.9    --> src/schema.rs:597:9
#15 154.9     |
#15 154.9 597 |         tenant_id -> Nullable<Int4>,
#15 154.9     |         ^^^^^^^^^ conflicting implementation for `schema::pages::columns::tenant_id`
#15 154.9 ...
#15 154.9 609 |         tenant_id -> Nullable<Int4>,
#15 154.9     |         --------- first implementation here
#15 154.9     |
#15 154.9     = note: this error originates in the derive macro `Default` which comes from the expansion of the macro `diesel::table` (in Nightly builds, run with -Z macro-backtrace for more info)
#15 154.9 
#15 155.0 error[E0119]: conflicting implementations of trait `diesel::Expression` for type `schema::pages::columns::tenant_id`
#15 155.0    --> src/schema.rs:609:9
#15 155.0     |
#15 155.0 597 |         tenant_id -> Nullable<Int4>,
#15 155.0     |         --------- first implementation here
#15 155.0 ...
#15 155.0 609 |         tenant_id -> Nullable<Int4>,
#15 155.0     |         ^^^^^^^^^ conflicting implementation for `schema::pages::columns::tenant_id`
#15 155.0     |
#15 155.0     = note: this error originates in the macro `diesel::table` (in Nightly builds, run with -Z macro-backtrace for more info)
#15 155.0 
#15 155.1 error[E0119]: conflicting implementations of trait `Column` for type `schema::pages::columns::tenant_id`
#15 155.1    --> src/schema.rs:609:9
#15 155.1     |
#15 155.1 597 |         tenant_id -> Nullable<Int4>,
#15 155.1     |         --------- first implementation here
#15 155.1 ...
#15 155.1 609 |         tenant_id -> Nullable<Int4>,
#15 155.1     |         ^^^^^^^^^ conflicting implementation for `schema::pages::columns::tenant_id`
#15 155.1     |
#15 155.1     = note: this error originates in the macro `diesel::table` (in Nightly builds, run with -Z macro-backtrace for more info)
#15 155.1 
#15 155.1 error[E0283]: type annotations needed
#15 155.1   --> src/models/page_models.rs:52:10
#15 155.1    |
#15 155.1 52 | #[derive(Insertable, AsChangeset, Serialize, Deserialize)]
#15 155.1    |          ^^^^^^^^^^ cannot infer type
#15 155.1    |
#15 155.1 note: multiple `impl`s or `where` clauses satisfying `i32: AsExpression<_>` found
#15 155.1   --> src/models/page_models.rs:74:9
#15 155.1    |
#15 155.1 52 | #[derive(Insertable, AsChangeset, Serialize, Deserialize)]
#15 155.1    |          ---------- in this derive macro expansion
#15 155.1 ...
#15 155.1 74 |     pub word_count: Option<i32>,
#15 155.1    |         ^^^^^^^^^^
#15 155.1 75 |     pub reading_time: Option<i32>,
#15 155.1    |         ^^^^^^^^^^^^
#15 155.1 76 |     // Publishing
#15 155.1 77 |     pub current_revision: Option<i32>,
#15 155.1    |         ^^^^^^^^^^^^^^^^
#15 155.1 78 |     pub last_modified_by: Option<i32>,
#15 155.1    |         ^^^^^^^^^^^^^^^^
#15 155.1 ...
#15 155.1 82 |     pub tenant_id: Option<i32>,
#15 155.1    |         ^^^^^^^^^
#15 155.1    = note: and more `impl`s found in the following crates: `diesel`:
#15 155.1            - impl AsExpression<diesel::sql_types::Integer> for i32;
#15 155.1            - impl AsExpression<diesel::sql_types::Nullable<diesel::sql_types::Integer>> for i32;
#15 155.1 note: required for `MutPage` to implement `diesel::Insertable<schema::pages::table>`
#15 155.1   --> src/models/page_models.rs:52:10
#15 155.1    |
#15 155.1 52 | #[derive(Insertable, AsChangeset, Serialize, Deserialize)]
#15 155.1    |          ^^^^^^^^^^
#15 155.1 53 | #[diesel(table_name = pages)]
#15 155.1 54 | pub struct MutPage {
#15 155.1    |            ^^^^^^^
#15 155.1 ...
#15 155.1 82 |     pub tenant_id: Option<i32>,
#15 155.1    |         --------- unsatisfied trait bound introduced in this `derive` macro
#15 155.1    = note: this error originates in the derive macro `Insertable` (in Nightly builds, run with -Z macro-backtrace for more info)
#15 155.1 
#15 155.1 error[E0283]: type annotations needed
#15 155.1   --> src/models/page_models.rs:54:12
#15 155.1    |
#15 155.1 54 | pub struct MutPage {
#15 155.1    |            ^^^^^^^ cannot infer type
#15 155.1    |
#15 155.1 note: multiple `impl`s or `where` clauses satisfying `i32: AsExpression<_>` found
#15 155.1   --> src/models/page_models.rs:74:9
#15 155.1    |
#15 155.1 52 | #[derive(Insertable, AsChangeset, Serialize, Deserialize)]
#15 155.1    |          ---------- in this derive macro expansion
#15 155.1 ...
#15 155.1 74 |     pub word_count: Option<i32>,
#15 155.1    |         ^^^^^^^^^^
#15 155.1 75 |     pub reading_time: Option<i32>,
#15 155.1    |         ^^^^^^^^^^^^
#15 155.1 76 |     // Publishing
#15 155.1 77 |     pub current_revision: Option<i32>,
#15 155.1    |         ^^^^^^^^^^^^^^^^
#15 155.1 78 |     pub last_modified_by: Option<i32>,
#15 155.1    |         ^^^^^^^^^^^^^^^^
#15 155.1 ...
#15 155.1 82 |     pub tenant_id: Option<i32>,
#15 155.1    |         ^^^^^^^^^
#15 155.1    = note: and more `impl`s found in the following crates: `diesel`:
#15 155.1            - impl AsExpression<diesel::sql_types::Integer> for i32;
#15 155.1            - impl AsExpression<diesel::sql_types::Nullable<diesel::sql_types::Integer>> for i32;
#15 155.1 note: required for `MutPage` to implement `diesel::Insertable<schema::pages::table>`
#15 155.1   --> src/models/page_models.rs:52:10
#15 155.1    |
#15 155.1 52 | #[derive(Insertable, AsChangeset, Serialize, Deserialize)]
#15 155.1    |          ^^^^^^^^^^
#15 155.1 53 | #[diesel(table_name = pages)]
#15 155.1 54 | pub struct MutPage {
#15 155.1    |            ^^^^^^^
#15 155.1 ...
#15 155.1 82 |     pub tenant_id: Option<i32>,
#15 155.1    |         --------- unsatisfied trait bound introduced in this `derive` macro
#15 155.1    = note: this error originates in the derive macro `Insertable` (in Nightly builds, run with -Z macro-backtrace for more info)
#15 155.1 
#15 155.1 error[E0283]: type annotations needed
#15 155.1   --> src/models/page_models.rs:82:9
#15 155.1    |
#15 155.1 52 | #[derive(Insertable, AsChangeset, Serialize, Deserialize)]
#15 155.1    |          ---------- in this derive macro expansion
#15 155.1 ...
#15 155.1 82 |     pub tenant_id: Option<i32>,
#15 155.1    |         ^^^^^^^^^ cannot infer type
#15 155.1    |
#15 155.1 note: multiple `impl`s or `where` clauses satisfying `i32: AsExpression<_>` found
#15 155.1   --> src/models/page_models.rs:74:9
#15 155.1    |
#15 155.1 52 | #[derive(Insertable, AsChangeset, Serialize, Deserialize)]
#15 155.1    |          ---------- in this derive macro expansion
#15 155.1 ...
#15 155.1 74 |     pub word_count: Option<i32>,
#15 155.1    |         ^^^^^^^^^^
#15 155.1 75 |     pub reading_time: Option<i32>,
#15 155.1    |         ^^^^^^^^^^^^
#15 155.1 76 |     // Publishing
#15 155.1 77 |     pub current_revision: Option<i32>,
#15 155.1    |         ^^^^^^^^^^^^^^^^
#15 155.1 78 |     pub last_modified_by: Option<i32>,
#15 155.1    |         ^^^^^^^^^^^^^^^^
#15 155.1 ...
#15 155.1 82 |     pub tenant_id: Option<i32>,
#15 155.1    |         ^^^^^^^^^
#15 155.1    = note: and more `impl`s found in the following crates: `diesel`:
#15 155.1            - impl AsExpression<diesel::sql_types::Integer> for i32;
#15 155.1            - impl AsExpression<diesel::sql_types::Nullable<diesel::sql_types::Integer>> for i32;
#15 155.1    = help: see issue #48214
#15 155.1    = note: this error originates in the derive macro `Insertable` (in Nightly builds, run with -Z macro-backtrace for more info)
#15 155.1 help: add `#![feature(trivial_bounds)]` to the crate attributes to enable
#15 155.1   --> src/main.rs:1:1
#15 155.1    |
#15 155.1  1 + #![feature(trivial_bounds)]
#15 155.1    |
#15 155.1 
#15 155.1 error[E0283]: type annotations needed
#15 155.1   --> src/models/page_models.rs:82:9
#15 155.1    |
#15 155.1 52 | #[derive(Insertable, AsChangeset, Serialize, Deserialize)]
#15 155.1    |          ---------- in this derive macro expansion
#15 155.1 ...
#15 155.1 82 |     pub tenant_id: Option<i32>,
#15 155.1    |         ^^^^^^^^^ cannot infer type
#15 155.1    |
#15 155.1 note: multiple `impl`s or `where` clauses satisfying `i32: AsExpression<_>` found
#15 155.1   --> src/models/page_models.rs:74:9
#15 155.1    |
#15 155.1 52 | #[derive(Insertable, AsChangeset, Serialize, Deserialize)]
#15 155.1    |          ---------- in this derive macro expansion
#15 155.1 ...
#15 155.1 74 |     pub word_count: Option<i32>,
#15 155.1    |         ^^^^^^^^^^
#15 155.1 75 |     pub reading_time: Option<i32>,
#15 155.1    |         ^^^^^^^^^^^^
#15 155.1 76 |     // Publishing
#15 155.1 77 |     pub current_revision: Option<i32>,
#15 155.1    |         ^^^^^^^^^^^^^^^^
#15 155.1 78 |     pub last_modified_by: Option<i32>,
#15 155.1    |         ^^^^^^^^^^^^^^^^
#15 155.1 ...
#15 155.1 82 |     pub tenant_id: Option<i32>,
#15 155.1    |         ^^^^^^^^^
#15 155.1    = note: and more `impl`s found in the following crates: `diesel`:
#15 155.1            - impl AsExpression<diesel::sql_types::Integer> for i32;
#15 155.1            - impl AsExpression<diesel::sql_types::Nullable<diesel::sql_types::Integer>> for i32;
#15 155.1    = note: this error originates in the derive macro `Insertable` (in Nightly builds, run with -Z macro-backtrace for more info)
#15 155.1 
#15 155.2 error[E0283]: type annotations needed
#15 155.2   --> src/models/page_models.rs:52:10
#15 155.2    |
#15 155.2 52 | #[derive(Insertable, AsChangeset, Serialize, Deserialize)]
#15 155.2    |          ^^^^^^^^^^ cannot infer type
#15 155.2    |
#15 155.2 note: multiple `impl`s or `where` clauses satisfying `&i32: AsExpression<_>` found
#15 155.2   --> src/models/page_models.rs:74:9
#15 155.2    |
#15 155.2 52 | #[derive(Insertable, AsChangeset, Serialize, Deserialize)]
#15 155.2    |          ---------- in this derive macro expansion
#15 155.2 ...
#15 155.2 74 |     pub word_count: Option<i32>,
#15 155.2    |         ^^^^^^^^^^
#15 155.2 75 |     pub reading_time: Option<i32>,
#15 155.2    |         ^^^^^^^^^^^^
#15 155.2 76 |     // Publishing
#15 155.2 77 |     pub current_revision: Option<i32>,
#15 155.2    |         ^^^^^^^^^^^^^^^^
#15 155.2 78 |     pub last_modified_by: Option<i32>,
#15 155.2    |         ^^^^^^^^^^^^^^^^
#15 155.2 ...
#15 155.2 82 |     pub tenant_id: Option<i32>,
#15 155.2    |         ^^^^^^^^^
#15 155.2 note: required for `&'insert MutPage` to implement `diesel::Insertable<schema::pages::table>`
#15 155.2   --> src/models/page_models.rs:52:10
#15 155.2    |
#15 155.2 52 | #[derive(Insertable, AsChangeset, Serialize, Deserialize)]
#15 155.2    |          ^^^^^^^^^^
#15 155.2 ...
#15 155.2 82 |     pub tenant_id: Option<i32>,
#15 155.2    |         --------- unsatisfied trait bound introduced in this `derive` macro
#15 155.2    = note: this error originates in the derive macro `Insertable` (in Nightly builds, run with -Z macro-backtrace for more info)
#15 155.2 
#15 155.2 error[E0283]: type annotations needed
#15 155.2   --> src/models/page_models.rs:82:9
#15 155.2    |
#15 155.2 52 | #[derive(Insertable, AsChangeset, Serialize, Deserialize)]
#15 155.2    |          ---------- in this derive macro expansion
#15 155.2 ...
#15 155.2 82 |     pub tenant_id: Option<i32>,
#15 155.2    |         ^^^^^^^^^ cannot infer type
#15 155.2    |
#15 155.2 note: multiple `impl`s or `where` clauses satisfying `&'insert i32: AsExpression<_>` found
#15 155.2   --> src/models/page_models.rs:74:9
#15 155.2    |
#15 155.2 52 | #[derive(Insertable, AsChangeset, Serialize, Deserialize)]
#15 155.2    |          ---------- in this derive macro expansion
#15 155.2 ...
#15 155.2 74 |     pub word_count: Option<i32>,
#15 155.2    |         ^^^^^^^^^^
#15 155.2 75 |     pub reading_time: Option<i32>,
#15 155.2    |         ^^^^^^^^^^^^
#15 155.2 76 |     // Publishing
#15 155.2 77 |     pub current_revision: Option<i32>,
#15 155.2    |         ^^^^^^^^^^^^^^^^
#15 155.2 78 |     pub last_modified_by: Option<i32>,
#15 155.2    |         ^^^^^^^^^^^^^^^^
#15 155.2 ...
#15 155.2 82 |     pub tenant_id: Option<i32>,
#15 155.2    |         ^^^^^^^^^
#15 155.2    = note: this error originates in the derive macro `Insertable` (in Nightly builds, run with -Z macro-backtrace for more info)
#15 155.2 
#15 155.2 error[E0119]: conflicting implementations of trait `AppearsOnTable<_>` for type `schema::pages::columns::tenant_id`
#15 155.2    --> src/schema.rs:609:9
#15 155.2     |
#15 155.2 597 |         tenant_id -> Nullable<Int4>,
#15 155.2     |         --------- first implementation here
#15 155.2 ...
#15 155.2 609 |         tenant_id -> Nullable<Int4>,
#15 155.2     |         ^^^^^^^^^ conflicting implementation for `schema::pages::columns::tenant_id`
#15 155.2     |
#15 155.2     = note: this error originates in the macro `diesel::table` (in Nightly builds, run with -Z macro-backtrace for more info)
#15 155.2 
#15 155.2 error[E0119]: conflicting implementations of trait `QueryId` for type `schema::pages::columns::tenant_id`
#15 155.2    --> src/schema.rs:597:9
#15 155.2     |
#15 155.2 597 |         tenant_id -> Nullable<Int4>,
#15 155.2     |         ^^^^^^^^^ conflicting implementation for `schema::pages::columns::tenant_id`
#15 155.2 ...
#15 155.2 609 |         tenant_id -> Nullable<Int4>,
#15 155.2     |         --------- first implementation here
#15 155.2     |
#15 155.2     = note: this error originates in the derive macro `diesel::query_builder::QueryId` which comes from the expansion of the macro `diesel::table` (in Nightly builds, run with -Z macro-backtrace for more info)
#15 155.2 
#15 155.8 error[E0119]: conflicting implementations of trait `QueryFragment<_>` for type `schema::pages::columns::tenant_id`
#15 155.8    --> src/schema.rs:609:9
#15 155.8     |
#15 155.8 597 |         tenant_id -> Nullable<Int4>,
#15 155.8     |         --------- first implementation here
#15 155.8 ...
#15 155.8 609 |         tenant_id -> Nullable<Int4>,
#15 155.8     |         ^^^^^^^^^ conflicting implementation for `schema::pages::columns::tenant_id`
#15 155.8     |
#15 155.8     = note: this error originates in the macro `diesel::table` (in Nightly builds, run with -Z macro-backtrace for more info)
#15 155.8 
#15 155.8 error[E0119]: conflicting implementations of trait `AppearsInFromClause<Only<schema::pages::table>>` for type `schema::pages::columns::tenant_id`
#15 155.8    --> src/schema.rs:561:1
#15 155.8     |
#15 155.8 561 | // diesel::table! {
#15 155.8 562 | ||     use diesel::sql_types::*;
#15 155.8 563 | ||     use super::sql_types::PagesStatus;
#15 155.8 ...   ||
#15 155.8 596 | ||         author -> Nullable<Varchar>,
#15 155.8 597 | ||         tenant_id -> Nullable<Int4>,
#15 155.8     | ||_________________- first implementation here
#15 155.8 ...   |
#15 155.8 608 | |          unpublish_at -> Nullable<Timestamp>,
#15 155.8 609 | |          tenant_id -> Nullable<Int4>,
#15 155.8     | |__________________^ conflicting implementation for `schema::pages::columns::tenant_id`
#15 155.8     |
#15 155.8     = note: this error originates in the macro `diesel::table` (in Nightly builds, run with -Z macro-backtrace for more info)
#15 155.8 
#15 155.8 error[E0119]: conflicting implementations of trait `AppearsInFromClause<Tablesample<schema::pages::table, _>>` for type `schema::pages::columns::tenant_id`
#15 155.8    --> src/schema.rs:561:1
#15 155.8     |
#15 155.8 561 | / diesel::table! {
#15 155.8 562 | |     use diesel::sql_types::*;
#15 155.8 563 | |     use super::sql_types::PagesStatus;
#15 155.8 ...   |
#15 155.8 611 | | }
#15 155.8     | | ^
#15 155.8     | | |
#15 155.8     | |_first implementation here
#15 155.8     |   conflicting implementation for `schema::pages::columns::tenant_id`
#15 155.8     |
#15 155.8     = note: this error originates in the macro `diesel::table` (in Nightly builds, run with -Z macro-backtrace for more info)
#15 155.8 
#15 155.8 error[E0119]: conflicting implementations of trait `ValidGrouping<_>` for type `schema::pages::columns::tenant_id`
#15 155.8    --> src/schema.rs:609:9
#15 155.8     |
#15 155.8 597 |         tenant_id -> Nullable<Int4>,
#15 155.8     |         --------- first implementation here
#15 155.8 ...
#15 155.8 609 |         tenant_id -> Nullable<Int4>,
#15 155.8     |         ^^^^^^^^^ conflicting implementation for `schema::pages::columns::tenant_id`
#15 155.8     |
#15 155.8     = note: this error originates in the macro `diesel::table` (in Nightly builds, run with -Z macro-backtrace for more info)
#15 155.8 
#15 155.8 error[E0119]: conflicting implementations of trait `ValidGrouping<()>` for type `schema::pages::columns::tenant_id`
#15 155.8    --> src/schema.rs:609:9
#15 155.8     |
#15 155.8 597 |         tenant_id -> Nullable<Int4>,
#15 155.8     |         --------- first implementation here
#15 155.8 ...
#15 155.8 609 |         tenant_id -> Nullable<Int4>,
#15 155.8     |         ^^^^^^^^^ conflicting implementation for `schema::pages::columns::tenant_id`
#15 155.8     |
#15 155.8     = note: this error originates in the macro `diesel::table` (in Nightly builds, run with -Z macro-backtrace for more info)
#15 155.8 
#15 155.8 error[E0119]: conflicting implementations of trait `SelectableExpression<schema::pages::table>` for type `schema::pages::columns::tenant_id`
#15 155.8    --> src/schema.rs:609:9
#15 155.8     |
#15 155.8 597 |         tenant_id -> Nullable<Int4>,
#15 155.8     |         --------- first implementation here
#15 155.8 ...
#15 155.8 609 |         tenant_id -> Nullable<Int4>,
#15 155.8     |         ^^^^^^^^^ conflicting implementation for `schema::pages::columns::tenant_id`
#15 155.8     |
#15 155.8     = note: this error originates in the macro `diesel::table` (in Nightly builds, run with -Z macro-backtrace for more info)
#15 155.8 
#15 155.8 error[E0119]: conflicting implementations of trait `SelectableExpression<query_source::joins::Join<_, _, LeftOuter>>` for type `schema::pages::columns::tenant_id`
#15 155.8    --> src/schema.rs:609:9
#15 155.8     |
#15 155.8 597 |         tenant_id -> Nullable<Int4>,
#15 155.8     |         --------- first implementation here
#15 155.8 ...
#15 155.8 609 |         tenant_id -> Nullable<Int4>,
#15 155.8     |         ^^^^^^^^^ conflicting implementation for `schema::pages::columns::tenant_id`
#15 155.8     |
#15 155.8     = note: upstream crates may add a new impl of trait `diesel::query_builder::AsQuery` for type `diesel::query_source::joins::Join<_, _, diesel::query_source::joins::LeftOuter>` in future versions
#15 155.8     = note: upstream crates may add a new impl of trait `diesel::Table` for type `diesel::query_source::joins::Join<_, _, diesel::query_source::joins::LeftOuter>` in future versions
#15 155.8     = note: this error originates in the macro `diesel::table` (in Nightly builds, run with -Z macro-backtrace for more info)
#15 155.8 
#15 155.8 error[E0119]: conflicting implementations of trait `SelectableExpression<query_source::joins::Join<_, _, Inner>>` for type `schema::pages::columns::tenant_id`
#15 155.8    --> src/schema.rs:609:9
#15 155.8     |
#15 155.8 597 |         tenant_id -> Nullable<Int4>,
#15 155.8     |         --------- first implementation here
#15 155.8 ...
#15 155.8 609 |         tenant_id -> Nullable<Int4>,
#15 155.8     |         ^^^^^^^^^ conflicting implementation for `schema::pages::columns::tenant_id`
#15 155.8     |
#15 155.8     = note: upstream crates may add a new impl of trait `diesel::query_builder::AsQuery` for type `diesel::query_source::joins::Join<_, _, diesel::query_source::joins::Inner>` in future versions
#15 155.8     = note: upstream crates may add a new impl of trait `diesel::Table` for type `diesel::query_source::joins::Join<_, _, diesel::query_source::joins::Inner>` in future versions
#15 155.8     = note: this error originates in the macro `diesel::table` (in Nightly builds, run with -Z macro-backtrace for more info)
#15 155.8 
#15 155.8 error[E0119]: conflicting implementations of trait `SelectableExpression<JoinOn<_, _>>` for type `schema::pages::columns::tenant_id`
#15 155.8    --> src/schema.rs:609:9
#15 155.8     |
#15 155.8 597 |         tenant_id -> Nullable<Int4>,
#15 155.8     |         --------- first implementation here
#15 155.8 ...
#15 155.8 609 |         tenant_id -> Nullable<Int4>,
#15 155.8     |         ^^^^^^^^^ conflicting implementation for `schema::pages::columns::tenant_id`
#15 155.8     |
#15 155.8     = note: upstream crates may add a new impl of trait `diesel::query_builder::AsQuery` for type `diesel::query_source::joins::JoinOn<_, _>` in future versions
#15 155.8     = note: upstream crates may add a new impl of trait `diesel::Table` for type `diesel::query_source::joins::JoinOn<_, _>` in future versions
#15 155.8     = note: this error originates in the macro `diesel::table` (in Nightly builds, run with -Z macro-backtrace for more info)
#15 155.8 
#15 155.8 error[E0119]: conflicting implementations of trait `SelectableExpression<SelectStatement<FromClause<_>>>` for type `schema::pages::columns::tenant_id`
#15 155.8    --> src/schema.rs:609:9
#15 155.8     |
#15 155.8 597 |         tenant_id -> Nullable<Int4>,
#15 155.8     |         --------- first implementation here
#15 155.8 ...
#15 155.8 609 |         tenant_id -> Nullable<Int4>,
#15 155.8     |         ^^^^^^^^^ conflicting implementation for `schema::pages::columns::tenant_id`
#15 155.8     |
#15 155.8     = note: upstream crates may add a new impl of trait `diesel::Table` for type `diesel::query_builder::select_statement::SelectStatement<diesel::query_builder::from_clause::FromClause<_>>` in future versions
#15 155.8     = note: this error originates in the macro `diesel::table` (in Nightly builds, run with -Z macro-backtrace for more info)
#15 155.8 
#15 155.8 error[E0119]: conflicting implementations of trait `SelectableExpression<Only<schema::pages::table>>` for type `schema::pages::columns::tenant_id`
#15 155.8    --> src/schema.rs:561:1
#15 155.8     |
#15 155.8 561 | // diesel::table! {
#15 155.8 562 | ||     use diesel::sql_types::*;
#15 155.8 563 | ||     use super::sql_types::PagesStatus;
#15 155.8 ...   ||
#15 155.8 596 | ||         author -> Nullable<Varchar>,
#15 155.8 597 | ||         tenant_id -> Nullable<Int4>,
#15 155.8     | ||_________________- first implementation here
#15 155.8 ...   |
#15 155.8 608 | |          unpublish_at -> Nullable<Timestamp>,
#15 155.8 609 | |          tenant_id -> Nullable<Int4>,
#15 155.8     | |__________________^ conflicting implementation for `schema::pages::columns::tenant_id`
#15 155.8     |
#15 155.8     = note: this error originates in the macro `diesel::table` (in Nightly builds, run with -Z macro-backtrace for more info)
#15 155.8 
#15 155.8 error[E0119]: conflicting implementations of trait `SelectableExpression<Tablesample<schema::pages::table, _>>` for type `schema::pages::columns::tenant_id`
#15 155.8    --> src/schema.rs:561:1
#15 155.8     |
#15 155.8 561 | / diesel::table! {
#15 155.8 562 | |     use diesel::sql_types::*;
#15 155.8 563 | |     use super::sql_types::PagesStatus;
#15 155.8 ...   |
#15 155.8 611 | | }
#15 155.8     | | ^
#15 155.8     | | |
#15 155.8     | |_first implementation here
#15 155.8     |   conflicting implementation for `schema::pages::columns::tenant_id`
#15 155.8     |
#15 155.8     = note: this error originates in the macro `diesel::table` (in Nightly builds, run with -Z macro-backtrace for more info)
#15 155.8 
#15 155.8 error[E0119]: conflicting implementations of trait `IsContainedInGroupBy<schema::pages::columns::tenant_id>` for type `schema::pages::columns::tenant_id`
#15 155.8    --> src/schema.rs:609:9
#15 155.8     |
#15 155.8 597 |         tenant_id -> Nullable<Int4>,
#15 155.8     |         --------- first implementation here
#15 155.8 ...
#15 155.8 609 |         tenant_id -> Nullable<Int4>,
#15 155.8     |         ^^^^^^^^^ conflicting implementation for `schema::pages::columns::tenant_id`
#15 155.8     |
#15 155.8     = note: this error originates in the macro `diesel::table` (in Nightly builds, run with -Z macro-backtrace for more info)
#15 155.8 
#15 155.8 error[E0119]: conflicting implementations of trait `IsContainedInGroupBy<schema::pages::columns::uuid>` for type `schema::pages::columns::tenant_id`
#15 155.8    --> src/schema.rs:561:1
#15 155.8     |
#15 155.8 561 | // diesel::table! {
#15 155.8 562 | ||     use diesel::sql_types::*;
#15 155.8 563 | ||     use super::sql_types::PagesStatus;
#15 155.8 ...   ||
#15 155.8 596 | ||         author -> Nullable<Varchar>,
#15 155.8 597 | ||         tenant_id -> Nullable<Int4>,
#15 155.8     | ||_________________- first implementation here
#15 155.8 ...   |
#15 155.8 608 | |          unpublish_at -> Nullable<Timestamp>,
#15 155.8 609 | |          tenant_id -> Nullable<Int4>,
#15 155.8     | |__________________^ conflicting implementation for `schema::pages::columns::tenant_id`
#15 155.8     |
#15 155.8     = note: this error originates in the macro `diesel::table` (in Nightly builds, run with -Z macro-backtrace for more info)
#15 155.8 
#15 155.8 error[E0119]: conflicting implementations of trait `IsContainedInGroupBy<schema::pages::columns::tenant_id>` for type `schema::pages::columns::uuid`
#15 155.8    --> src/schema.rs:561:1
#15 155.8     |
#15 155.8 561 | / diesel::table! {
#15 155.8 562 | |     use diesel::sql_types::*;
#15 155.8 563 | |     use super::sql_types::PagesStatus;
#15 155.8 ...   |
#15 155.8 566 | |         #[max_length = 255]
#15 155.8 567 | |         uuid -> Varchar,
#15 155.8     | |            ^
#15 155.8     | |            |
#15 155.8     | |____________first implementation here
#15 155.8     |              conflicting implementation for `schema::pages::columns::uuid`
#15 155.8     |
#15 155.8     = note: this error originates in the macro `diesel::table` (in Nightly builds, run with -Z macro-backtrace for more info)
#15 155.8 
#15 155.8 error[E0119]: conflicting implementations of trait `IsContainedInGroupBy<schema::pages::columns::page_name>` for type `schema::pages::columns::tenant_id`
#15 155.8    --> src/schema.rs:561:1
#15 155.8     |
#15 155.8 561 | // diesel::table! {
#15 155.8 562 | ||     use diesel::sql_types::*;
#15 155.8 563 | ||     use super::sql_types::PagesStatus;
#15 155.8 ...   ||
#15 155.8 596 | ||         author -> Nullable<Varchar>,
#15 155.8 597 | ||         tenant_id -> Nullable<Int4>,
#15 155.8     | ||_________________- first implementation here
#15 155.8 ...   |
#15 155.8 608 | |          unpublish_at -> Nullable<Timestamp>,
#15 155.8 609 | |          tenant_id -> Nullable<Int4>,
#15 155.8     | |__________________^ conflicting implementation for `schema::pages::columns::tenant_id`
#15 155.8     |
#15 155.8     = note: this error originates in the macro `diesel::table` (in Nightly builds, run with -Z macro-backtrace for more info)
#15 155.8 
#15 155.8 error[E0119]: conflicting implementations of trait `IsContainedInGroupBy<schema::pages::columns::tenant_id>` for type `schema::pages::columns::page_name`
#15 155.8    --> src/schema.rs:561:1
#15 155.8     |
#15 155.8 561 | / diesel::table! {
#15 155.8 562 | |     use diesel::sql_types::*;
#15 155.8 563 | |     use super::sql_types::PagesStatus;
#15 155.8 ...   |
#15 155.8 568 | |         #[max_length = 500]
#15 155.8 569 | |         page_name -> Varchar,
#15 155.8     | |                 ^
#15 155.8     | |                 |
#15 155.8     | |_________________first implementation here
#15 155.8     |                   conflicting implementation for `schema::pages::columns::page_name`
#15 155.8     |
#15 155.8     = note: this error originates in the macro `diesel::table` (in Nightly builds, run with -Z macro-backtrace for more info)
#15 155.8 
#15 155.8 error[E0119]: conflicting implementations of trait `IsContainedInGroupBy<schema::pages::columns::page_url>` for type `schema::pages::columns::tenant_id`
#15 155.8    --> src/schema.rs:561:1
#15 155.8     |
#15 155.8 561 | // diesel::table! {
#15 155.8 562 | ||     use diesel::sql_types::*;
#15 155.8 563 | ||     use super::sql_types::PagesStatus;
#15 155.8 ...   ||
#15 155.8 596 | ||         author -> Nullable<Varchar>,
#15 155.8 597 | ||         tenant_id -> Nullable<Int4>,
#15 155.8     | ||_________________- first implementation here
#15 155.8 ...   |
#15 155.8 608 | |          unpublish_at -> Nullable<Timestamp>,
#15 155.8 609 | |          tenant_id -> Nullable<Int4>,
#15 155.8     | |__________________^ conflicting implementation for `schema::pages::columns::tenant_id`
#15 155.8     |
#15 155.8     = note: this error originates in the macro `diesel::table` (in Nightly builds, run with -Z macro-backtrace for more info)
#15 155.8 
#15 155.8 error[E0119]: conflicting implementations of trait `IsContainedInGroupBy<schema::pages::columns::tenant_id>` for type `schema::pages::columns::page_url`
#15 155.8    --> src/schema.rs:561:1
#15 155.8     |
#15 155.8 561 | / diesel::table! {
#15 155.8 562 | |     use diesel::sql_types::*;
#15 155.8 563 | |     use super::sql_types::PagesStatus;
#15 155.8 ...   |
#15 155.8 570 | |         #[max_length = 255]
#15 155.8 571 | |         page_url -> Varchar,
#15 155.8     | |                ^
#15 155.8     | |                |
#15 155.8     | |________________first implementation here
#15 155.8     |                  conflicting implementation for `schema::pages::columns::page_url`
#15 155.8     |
#15 155.8     = note: this error originates in the macro `diesel::table` (in Nightly builds, run with -Z macro-backtrace for more info)
#15 155.8 
#15 155.8 error[E0119]: conflicting implementations of trait `IsContainedInGroupBy<schema::pages::columns::page_title>` for type `schema::pages::columns::tenant_id`
#15 155.8    --> src/schema.rs:561:1
#15 155.8     |
#15 155.8 561 | // diesel::table! {
#15 155.8 562 | ||     use diesel::sql_types::*;
#15 155.8 563 | ||     use super::sql_types::PagesStatus;
#15 155.8 ...   ||
#15 155.8 596 | ||         author -> Nullable<Varchar>,
#15 155.8 597 | ||         tenant_id -> Nullable<Int4>,
#15 155.8     | ||_________________- first implementation here
#15 155.8 ...   |
#15 155.8 608 | |          unpublish_at -> Nullable<Timestamp>,
#15 155.8 609 | |          tenant_id -> Nullable<Int4>,
#15 155.8     | |__________________^ conflicting implementation for `schema::pages::columns::tenant_id`
#15 155.8     |
#15 155.8     = note: this error originates in the macro `diesel::table` (in Nightly builds, run with -Z macro-backtrace for more info)
#15 155.8 
#15 155.8 error[E0119]: conflicting implementations of trait `IsContainedInGroupBy<schema::pages::columns::tenant_id>` for type `schema::pages::columns::page_title`
#15 155.8    --> src/schema.rs:561:1
#15 155.8     |
#15 155.8 561 | / diesel::table! {
#15 155.8 562 | |     use diesel::sql_types::*;
#15 155.8 563 | |     use super::sql_types::PagesStatus;
#15 155.8 ...   |
#15 155.8 572 | |         #[max_length = 500]
#15 155.8 573 | |         page_title -> Varchar,
#15 155.8     | |                  ^
#15 155.8     | |                  |
#15 155.8     | |__________________first implementation here
#15 155.8     |                    conflicting implementation for `schema::pages::columns::page_title`
#15 155.8     |
#15 155.8     = note: this error originates in the macro `diesel::table` (in Nightly builds, run with -Z macro-backtrace for more info)
#15 155.8 
#15 155.8 error[E0119]: conflicting implementations of trait `IsContainedInGroupBy<schema::pages::columns::time_created>` for type `schema::pages::columns::tenant_id`
#15 155.8    --> src/schema.rs:561:1
#15 155.8     |
#15 155.8 561 | // diesel::table! {
#15 155.8 562 | ||     use diesel::sql_types::*;
#15 155.8 563 | ||     use super::sql_types::PagesStatus;
#15 155.8 ...   ||
#15 155.8 596 | ||         author -> Nullable<Varchar>,
#15 155.8 597 | ||         tenant_id -> Nullable<Int4>,
#15 155.8     | ||_________________- first implementation here
#15 155.8 ...   |
#15 155.8 608 | |          unpublish_at -> Nullable<Timestamp>,
#15 155.8 609 | |          tenant_id -> Nullable<Int4>,
#15 155.8     | |__________________^ conflicting implementation for `schema::pages::columns::tenant_id`
#15 155.8     |
#15 155.8     = note: this error originates in the macro `diesel::table` (in Nightly builds, run with -Z macro-backtrace for more info)
#15 155.8 
#15 155.8 error[E0119]: conflicting implementations of trait `IsContainedInGroupBy<schema::pages::columns::tenant_id>` for type `schema::pages::columns::time_created`
#15 155.8    --> src/schema.rs:561:1
#15 155.8     |
#15 155.8 561 | / diesel::table! {
#15 155.8 562 | |     use diesel::sql_types::*;
#15 155.8 563 | |     use super::sql_types::PagesStatus;
#15 155.8 ...   |
#15 155.8 573 | |         page_title -> Varchar,
#15 155.8 574 | |         time_created -> Timestamp,
#15 155.8     | |                    ^
#15 155.8     | |                    |
#15 155.8     | |____________________first implementation here
#15 155.8     |                      conflicting implementation for `schema::pages::columns::time_created`
#15 155.8     |
#15 155.8     = note: this error originates in the macro `diesel::table` (in Nightly builds, run with -Z macro-backtrace for more info)
#15 155.8 
#15 155.8 error[E0119]: conflicting implementations of trait `IsContainedInGroupBy<schema::pages::columns::meta_title>` for type `schema::pages::columns::tenant_id`
#15 155.8    --> src/schema.rs:561:1
#15 155.8     |
#15 155.8 561 | // diesel::table! {
#15 155.8 562 | ||     use diesel::sql_types::*;
#15 155.8 563 | ||     use super::sql_types::PagesStatus;
#15 155.8 ...   ||
#15 155.8 596 | ||         author -> Nullable<Varchar>,
#15 155.8 597 | ||         tenant_id -> Nullable<Int4>,
#15 155.8     | ||_________________- first implementation here
#15 155.8 ...   |
#15 155.8 608 | |          unpublish_at -> Nullable<Timestamp>,
#15 155.8 609 | |          tenant_id -> Nullable<Int4>,
#15 155.8     | |__________________^ conflicting implementation for `schema::pages::columns::tenant_id`
#15 155.8     |
#15 155.8     = note: this error originates in the macro `diesel::table` (in Nightly builds, run with -Z macro-backtrace for more info)
#15 155.8 
#15 155.8 error[E0119]: conflicting implementations of trait `IsContainedInGroupBy<schema::pages::columns::tenant_id>` for type `schema::pages::columns::meta_title`
#15 155.8    --> src/schema.rs:561:1
#15 155.8     |
#15 155.8 561 | / diesel::table! {
#15 155.8 562 | |     use diesel::sql_types::*;
#15 155.8 563 | |     use super::sql_types::PagesStatus;
#15 155.8 ...   |
#15 155.8 575 | |         #[max_length = 70]
#15 155.8 576 | |         meta_title -> Nullable<Varchar>,
#15 155.8     | |                  ^
#15 155.8     | |                  |
#15 155.8     | |__________________first implementation here
#15 155.8     |                    conflicting implementation for `schema::pages::columns::meta_title`
#15 155.8     |
#15 155.8     = note: this error originates in the macro `diesel::table` (in Nightly builds, run with -Z macro-backtrace for more info)
#15 155.8 
#15 155.8 error[E0119]: conflicting implementations of trait `IsContainedInGroupBy<schema::pages::columns::meta_description>` for type `schema::pages::columns::tenant_id`
#15 155.8    --> src/schema.rs:561:1
#15 155.8     |
#15 155.8 561 | // diesel::table! {
#15 155.8 562 | ||     use diesel::sql_types::*;
#15 155.8 563 | ||     use super::sql_types::PagesStatus;
#15 155.8 ...   ||
#15 155.8 596 | ||         author -> Nullable<Varchar>,
#15 155.8 597 | ||         tenant_id -> Nullable<Int4>,
#15 155.8     | ||_________________- first implementation here
#15 155.8 ...   |
#15 155.8 608 | |          unpublish_at -> Nullable<Timestamp>,
#15 155.8 609 | |          tenant_id -> Nullable<Int4>,
#15 155.8     | |__________________^ conflicting implementation for `schema::pages::columns::tenant_id`
#15 155.8     |
#15 155.8     = note: this error originates in the macro `diesel::table` (in Nightly builds, run with -Z macro-backtrace for more info)
#15 155.8 
#15 155.8 error[E0119]: conflicting implementations of trait `IsContainedInGroupBy<schema::pages::columns::tenant_id>` for type `schema::pages::columns::meta_description`
#15 155.8    --> src/schema.rs:561:1
#15 155.8     |
#15 155.8 561 | / diesel::table! {
#15 155.8 562 | |     use diesel::sql_types::*;
#15 155.8 563 | |     use super::sql_types::PagesStatus;
#15 155.8 ...   |
#15 155.8 577 | |         #[max_length = 160]
#15 155.8 578 | |         meta_description -> Nullable<Varchar>,
#15 155.8     | |                        ^
#15 155.8     | |                        |
#15 155.8     | |________________________first implementation here
#15 155.8     |                          conflicting implementation for `schema::pages::columns::meta_description`
#15 155.8     |
#15 155.8     = note: this error originates in the macro `diesel::table` (in Nightly builds, run with -Z macro-backtrace for more info)
#15 155.8 
#15 155.8 error[E0119]: conflicting implementations of trait `IsContainedInGroupBy<schema::pages::columns::meta_keywords>` for type `schema::pages::columns::tenant_id`
#15 155.8    --> src/schema.rs:561:1
#15 155.8     |
#15 155.8 561 | // diesel::table! {
#15 155.8 562 | ||     use diesel::sql_types::*;
#15 155.8 563 | ||     use super::sql_types::PagesStatus;
#15 155.8 ...   ||
#15 155.8 596 | ||         author -> Nullable<Varchar>,
#15 155.8 597 | ||         tenant_id -> Nullable<Int4>,
#15 155.8     | ||_________________- first implementation here
#15 155.8 ...   |
#15 155.8 608 | |          unpublish_at -> Nullable<Timestamp>,
#15 155.8 609 | |          tenant_id -> Nullable<Int4>,
#15 155.8     | |__________________^ conflicting implementation for `schema::pages::columns::tenant_id`
#15 155.8     |
#15 155.8     = note: this error originates in the macro `diesel::table` (in Nightly builds, run with -Z macro-backtrace for more info)
#15 155.8 
#15 155.8 error[E0119]: conflicting implementations of trait `IsContainedInGroupBy<schema::pages::columns::tenant_id>` for type `schema::pages::columns::meta_keywords`
#15 155.8    --> src/schema.rs:561:1
#15 155.8     |
#15 155.8 561 | / diesel::table! {
#15 155.8 562 | |     use diesel::sql_types::*;
#15 155.8 563 | |     use super::sql_types::PagesStatus;
#15 155.8 ...   |
#15 155.8 579 | |         #[max_length = 255]
#15 155.8 580 | |         meta_keywords -> Nullable<Varchar>,
#15 155.8     | |                     ^
#15 155.8     | |                     |
#15 155.8     | |_____________________first implementation here
#15 155.8     |                       conflicting implementation for `schema::pages::columns::meta_keywords`
#15 155.8     |
#15 155.8     = note: this error originates in the macro `diesel::table` (in Nightly builds, run with -Z macro-backtrace for more info)
#15 155.8 
#15 155.8 error[E0119]: conflicting implementations of trait `IsContainedInGroupBy<schema::pages::columns::canonical_url>` for type `schema::pages::columns::tenant_id`
#15 155.8    --> src/schema.rs:561:1
#15 155.8     |
#15 155.8 561 | // diesel::table! {
#15 155.8 562 | ||     use diesel::sql_types::*;
#15 155.8 563 | ||     use super::sql_types::PagesStatus;
#15 155.8 ...   ||
#15 155.8 596 | ||         author -> Nullable<Varchar>,
#15 155.8 597 | ||         tenant_id -> Nullable<Int4>,
#15 155.8     | ||_________________- first implementation here
#15 155.8 ...   |
#15 155.8 608 | |          unpublish_at -> Nullable<Timestamp>,
#15 155.8 609 | |          tenant_id -> Nullable<Int4>,
#15 155.8     | |__________________^ conflicting implementation for `schema::pages::columns::tenant_id`
#15 155.8     |
#15 155.8     = note: this error originates in the macro `diesel::table` (in Nightly builds, run with -Z macro-backtrace for more info)
#15 155.8 
#15 155.8 error[E0119]: conflicting implementations of trait `IsContainedInGroupBy<schema::pages::columns::tenant_id>` for type `schema::pages::columns::canonical_url`
#15 155.8    --> src/schema.rs:561:1
#15 155.8     |
#15 155.8 561 | / diesel::table! {
#15 155.8 562 | |     use diesel::sql_types::*;
#15 155.8 563 | |     use super::sql_types::PagesStatus;
#15 155.8 ...   |
#15 155.8 581 | |         #[max_length = 500]
#15 155.8 582 | |         canonical_url -> Nullable<Varchar>,
#15 155.8     | |                     ^
#15 155.8     | |                     |
#15 155.8     | |_____________________first implementation here
#15 155.8     |                       conflicting implementation for `schema::pages::columns::canonical_url`
#15 155.8     |
#15 155.8     = note: this error originates in the macro `diesel::table` (in Nightly builds, run with -Z macro-backtrace for more info)
#15 155.8 
#15 155.8 error[E0119]: conflicting implementations of trait `IsContainedInGroupBy<schema::pages::columns::og_title>` for type `schema::pages::columns::tenant_id`
#15 155.8    --> src/schema.rs:561:1
#15 155.8     |
#15 155.8 561 | // diesel::table! {
#15 155.8 562 | ||     use diesel::sql_types::*;
#15 155.8 563 | ||     use super::sql_types::PagesStatus;
#15 155.8 ...   ||
#15 155.8 596 | ||         author -> Nullable<Varchar>,
#15 155.8 597 | ||         tenant_id -> Nullable<Int4>,
#15 155.8     | ||_________________- first implementation here
#15 155.8 ...   |
#15 155.8 608 | |          unpublish_at -> Nullable<Timestamp>,
#15 155.8 609 | |          tenant_id -> Nullable<Int4>,
#15 155.8     | |__________________^ conflicting implementation for `schema::pages::columns::tenant_id`
#15 155.8     |
#15 155.8     = note: this error originates in the macro `diesel::table` (in Nightly builds, run with -Z macro-backtrace for more info)
#15 155.8 
#15 155.8 error[E0119]: conflicting implementations of trait `IsContainedInGroupBy<schema::pages::columns::tenant_id>` for type `schema::pages::columns::og_title`
#15 155.8    --> src/schema.rs:561:1
#15 155.8     |
#15 155.8 561 | / diesel::table! {
#15 155.8 562 | |     use diesel::sql_types::*;
#15 155.8 563 | |     use super::sql_types::PagesStatus;
#15 155.8 ...   |
#15 155.8 583 | |         #[max_length = 70]
#15 155.8 584 | |         og_title -> Nullable<Varchar>,
#15 155.8     | |                ^
#15 155.8     | |                |
#15 155.8     | |________________first implementation here
#15 155.8     |                  conflicting implementation for `schema::pages::columns::og_title`
#15 155.8     |
#15 155.8     = note: this error originates in the macro `diesel::table` (in Nightly builds, run with -Z macro-backtrace for more info)
#15 155.8 
#15 155.8 error[E0119]: conflicting implementations of trait `IsContainedInGroupBy<schema::pages::columns::og_description>` for type `schema::pages::columns::tenant_id`
#15 155.8    --> src/schema.rs:561:1
#15 155.8     |
#15 155.8 561 | // diesel::table! {
#15 155.8 562 | ||     use diesel::sql_types::*;
#15 155.8 563 | ||     use super::sql_types::PagesStatus;
#15 155.8 ...   ||
#15 155.8 596 | ||         author -> Nullable<Varchar>,
#15 155.8 597 | ||         tenant_id -> Nullable<Int4>,
#15 155.8     | ||_________________- first implementation here
#15 155.8 ...   |
#15 155.8 608 | |          unpublish_at -> Nullable<Timestamp>,
#15 155.8 609 | |          tenant_id -> Nullable<Int4>,
#15 155.8     | |__________________^ conflicting implementation for `schema::pages::columns::tenant_id`
#15 155.8     |
#15 155.8     = note: this error originates in the macro `diesel::table` (in Nightly builds, run with -Z macro-backtrace for more info)
#15 155.8 
#15 155.8 error[E0119]: conflicting implementations of trait `IsContainedInGroupBy<schema::pages::columns::tenant_id>` for type `schema::pages::columns::og_description`
#15 155.8    --> src/schema.rs:561:1
#15 155.8     |
#15 155.8 561 | / diesel::table! {
#15 155.8 562 | |     use diesel::sql_types::*;
#15 155.8 563 | |     use super::sql_types::PagesStatus;
#15 155.8 ...   |
#15 155.8 585 | |         #[max_length = 200]
#15 155.8 586 | |         og_description -> Nullable<Varchar>,
#15 155.8     | |                      ^
#15 155.8     | |                      |
#15 155.8     | |______________________first implementation here
#15 155.8     |                        conflicting implementation for `schema::pages::columns::og_description`
#15 155.8     |
#15 155.8     = note: this error originates in the macro `diesel::table` (in Nightly builds, run with -Z macro-backtrace for more info)
#15 155.8 
#15 155.8 error[E0119]: conflicting implementations of trait `IsContainedInGroupBy<schema::pages::columns::og_image>` for type `schema::pages::columns::tenant_id`
#15 155.8    --> src/schema.rs:561:1
#15 155.8     |
#15 155.8 561 | // diesel::table! {
#15 155.8 562 | ||     use diesel::sql_types::*;
#15 155.8 563 | ||     use super::sql_types::PagesStatus;
#15 155.8 ...   ||
#15 155.8 596 | ||         author -> Nullable<Varchar>,
#15 155.8 597 | ||         tenant_id -> Nullable<Int4>,
#15 155.8     | ||_________________- first implementation here
#15 155.8 ...   |
#15 155.8 608 | |          unpublish_at -> Nullable<Timestamp>,
#15 155.8 609 | |          tenant_id -> Nullable<Int4>,
#15 155.8     | |__________________^ conflicting implementation for `schema::pages::columns::tenant_id`
#15 155.8     |
#15 155.8     = note: this error originates in the macro `diesel::table` (in Nightly builds, run with -Z macro-backtrace for more info)
#15 155.8 
#15 155.8 error[E0119]: conflicting implementations of trait `IsContainedInGroupBy<schema::pages::columns::tenant_id>` for type `schema::pages::columns::og_image`
#15 155.8    --> src/schema.rs:561:1
#15 155.8     |
#15 155.8 561 | / diesel::table! {
#15 155.8 562 | |     use diesel::sql_types::*;
#15 155.8 563 | |     use super::sql_types::PagesStatus;
#15 155.8 ...   |
#15 155.8 587 | |         #[max_length = 500]
#15 155.8 588 | |         og_image -> Nullable<Varchar>,
#15 155.8     | |                ^
#15 155.8     | |                |
#15 155.8     | |________________first implementation here
#15 155.8     |                  conflicting implementation for `schema::pages::columns::og_image`
#15 155.8     |
#15 155.8     = note: this error originates in the macro `diesel::table` (in Nightly builds, run with -Z macro-backtrace for more info)
#15 155.8 
#15 155.8 error[E0119]: conflicting implementations of trait `IsContainedInGroupBy<schema::pages::columns::twitter_card>` for type `schema::pages::columns::tenant_id`
#15 155.8    --> src/schema.rs:561:1
#15 155.8     |
#15 155.8 561 | // diesel::table! {
#15 155.8 562 | ||     use diesel::sql_types::*;
#15 155.8 563 | ||     use super::sql_types::PagesStatus;
#15 155.8 ...   ||
#15 155.8 596 | ||         author -> Nullable<Varchar>,
#15 155.8 597 | ||         tenant_id -> Nullable<Int4>,
#15 155.8     | ||_________________- first implementation here
#15 155.8 ...   |
#15 155.8 608 | |          unpublish_at -> Nullable<Timestamp>,
#15 155.8 609 | |          tenant_id -> Nullable<Int4>,
#15 155.8     | |__________________^ conflicting implementation for `schema::pages::columns::tenant_id`
#15 155.8     |
#15 155.8     = note: this error originates in the macro `diesel::table` (in Nightly builds, run with -Z macro-backtrace for more info)
#15 155.8 
#15 155.8 error[E0119]: conflicting implementations of trait `IsContainedInGroupBy<schema::pages::columns::tenant_id>` for type `schema::pages::columns::twitter_card`
#15 155.8    --> src/schema.rs:561:1
#15 155.8     |
#15 155.8 561 | / diesel::table! {
#15 155.8 562 | |     use diesel::sql_types::*;
#15 155.8 563 | |     use super::sql_types::PagesStatus;
#15 155.8 ...   |
#15 155.8 589 | |         #[max_length = 20]
#15 155.8 590 | |         twitter_card -> Nullable<Varchar>,
#15 155.8     | |                    ^
#15 155.8     | |                    |
#15 155.8     | |____________________first implementation here
#15 155.8     |                      conflicting implementation for `schema::pages::columns::twitter_card`
#15 155.8     |
#15 155.8     = note: this error originates in the macro `diesel::table` (in Nightly builds, run with -Z macro-backtrace for more info)
#15 155.8 
#15 155.8 error[E0119]: conflicting implementations of trait `IsContainedInGroupBy<schema::pages::columns::twitter_title>` for type `schema::pages::columns::tenant_id`
#15 155.8    --> src/schema.rs:561:1
#15 155.8     |
#15 155.8 561 | // diesel::table! {
#15 155.8 562 | ||     use diesel::sql_types::*;
#15 155.8 563 | ||     use super::sql_types::PagesStatus;
#15 155.8 ...   ||
#15 155.8 596 | ||         author -> Nullable<Varchar>,
#15 155.8 597 | ||         tenant_id -> Nullable<Int4>,
#15 155.8     | ||_________________- first implementation here
#15 155.8 ...   |
#15 155.8 608 | |          unpublish_at -> Nullable<Timestamp>,
#15 155.8 609 | |          tenant_id -> Nullable<Int4>,
#15 155.8     | |__________________^ conflicting implementation for `schema::pages::columns::tenant_id`
#15 155.8     |
#15 155.8     = note: this error originates in the macro `diesel::table` (in Nightly builds, run with -Z macro-backtrace for more info)
#15 155.8 
#15 155.8 error[E0119]: conflicting implementations of trait `IsContainedInGroupBy<schema::pages::columns::tenant_id>` for type `schema::pages::columns::twitter_title`
#15 155.8    --> src/schema.rs:561:1
#15 155.8     |
#15 155.8 561 | / diesel::table! {
#15 155.8 562 | |     use diesel::sql_types::*;
#15 155.8 563 | |     use super::sql_types::PagesStatus;
#15 155.8 ...   |
#15 155.8 591 | |         #[max_length = 70]
#15 155.8 592 | |         twitter_title -> Nullable<Varchar>,
#15 155.8     | |                     ^
#15 155.8     | |                     |
#15 155.8     | |_____________________first implementation here
#15 155.8     |                       conflicting implementation for `schema::pages::columns::twitter_title`
#15 155.8     |
#15 155.8     = note: this error originates in the macro `diesel::table` (in Nightly builds, run with -Z macro-backtrace for more info)
#15 155.8 
#15 155.8 error[E0119]: conflicting implementations of trait `IsContainedInGroupBy<schema::pages::columns::twitter_description>` for type `schema::pages::columns::tenant_id`
#15 155.8    --> src/schema.rs:561:1
#15 155.8     |
#15 155.8 561 | // diesel::table! {
#15 155.8 562 | ||     use diesel::sql_types::*;
#15 155.8 563 | ||     use super::sql_types::PagesStatus;
#15 155.8 ...   ||
#15 155.8 596 | ||         author -> Nullable<Varchar>,
#15 155.8 597 | ||         tenant_id -> Nullable<Int4>,
#15 155.8     | ||_________________- first implementation here
#15 155.8 ...   |
#15 155.8 608 | |          unpublish_at -> Nullable<Timestamp>,
#15 155.8 609 | |          tenant_id -> Nullable<Int4>,
#15 155.8     | |__________________^ conflicting implementation for `schema::pages::columns::tenant_id`
#15 155.8     |
#15 155.8     = note: this error originates in the macro `diesel::table` (in Nightly builds, run with -Z macro-backtrace for more info)
#15 155.8 
#15 155.8 error[E0119]: conflicting implementations of trait `IsContainedInGroupBy<schema::pages::columns::tenant_id>` for type `schema::pages::columns::twitter_description`
#15 155.8    --> src/schema.rs:561:1
#15 155.8     |
#15 155.8 561 | / diesel::table! {
#15 155.8 562 | |     use diesel::sql_types::*;
#15 155.8 563 | |     use super::sql_types::PagesStatus;
#15 155.8 ...   |
#15 155.8 593 | |         #[max_length = 200]
#15 155.8 594 | |         twitter_description -> Nullable<Varchar>,
#15 155.8     | |                           ^
#15 155.8     | |                           |
#15 155.8     | |___________________________first implementation here
#15 155.8     |                             conflicting implementation for `schema::pages::columns::twitter_description`
#15 155.8     |
#15 155.8     = note: this error originates in the macro `diesel::table` (in Nightly builds, run with -Z macro-backtrace for more info)
#15 155.8 
#15 155.8 error[E0119]: conflicting implementations of trait `IsContainedInGroupBy<schema::pages::columns::author>` for type `schema::pages::columns::tenant_id`
#15 155.8    --> src/schema.rs:561:1
#15 155.8     |
#15 155.8 561 | // diesel::table! {
#15 155.8 562 | ||     use diesel::sql_types::*;
#15 155.8 563 | ||     use super::sql_types::PagesStatus;
#15 155.8 ...   ||
#15 155.8 596 | ||         author -> Nullable<Varchar>,
#15 155.8 597 | ||         tenant_id -> Nullable<Int4>,
#15 155.8     | ||_________________- first implementation here
#15 155.8 ...   |
#15 155.8 608 | |          unpublish_at -> Nullable<Timestamp>,
#15 155.8 609 | |          tenant_id -> Nullable<Int4>,
#15 155.8     | |__________________^ conflicting implementation for `schema::pages::columns::tenant_id`
#15 155.8     |
#15 155.8     = note: this error originates in the macro `diesel::table` (in Nightly builds, run with -Z macro-backtrace for more info)
#15 155.8 
#15 155.8 error[E0119]: conflicting implementations of trait `IsContainedInGroupBy<schema::pages::columns::tenant_id>` for type `schema::pages::columns::author`
#15 155.8    --> src/schema.rs:561:1
#15 155.8     |
#15 155.8 561 | / diesel::table! {
#15 155.8 562 | |     use diesel::sql_types::*;
#15 155.8 563 | |     use super::sql_types::PagesStatus;
#15 155.8 ...   |
#15 155.8 595 | |         #[max_length = 100]
#15 155.8 596 | |         author -> Nullable<Varchar>,
#15 155.8     | |              ^
#15 155.8     | |              |
#15 155.8     | |______________first implementation here
#15 155.8     |                conflicting implementation for `schema::pages::columns::author`
#15 155.8     |
#15 155.8     = note: this error originates in the macro `diesel::table` (in Nightly builds, run with -Z macro-backtrace for more info)
#15 155.8 
#15 155.8 error[E0119]: conflicting implementations of trait `IsContainedInGroupBy<schema::pages::columns::article_type>` for type `schema::pages::columns::tenant_id`
#15 155.8    --> src/schema.rs:561:1
#15 155.8     |
#15 155.8 561 | // diesel::table! {
#15 155.8 562 | ||     use diesel::sql_types::*;
#15 155.8 563 | ||     use super::sql_types::PagesStatus;
#15 155.8 ...   ||
#15 155.8 596 | ||         author -> Nullable<Varchar>,
#15 155.8 597 | ||         tenant_id -> Nullable<Int4>,
#15 155.8     | ||_________________- first implementation here
#15 155.8 ...   |
#15 155.8 608 | |          unpublish_at -> Nullable<Timestamp>,
#15 155.8 609 | |          tenant_id -> Nullable<Int4>,
#15 155.8     | |__________________^ conflicting implementation for `schema::pages::columns::tenant_id`
#15 155.8     |
#15 155.8     = note: this error originates in the macro `diesel::table` (in Nightly builds, run with -Z macro-backtrace for more info)
#15 155.8 
#15 155.8 error[E0119]: conflicting implementations of trait `IsContainedInGroupBy<schema::pages::columns::tenant_id>` for type `schema::pages::columns::article_type`
#15 155.8    --> src/schema.rs:561:1
#15 155.8     |
#15 155.8 561 | / diesel::table! {
#15 155.8 562 | |     use diesel::sql_types::*;
#15 155.8 563 | |     use super::sql_types::PagesStatus;
#15 155.8 ...   |
#15 155.8 598 | |         #[max_length = 50]
#15 155.8 599 | |         article_type -> Nullable<Varchar>,
#15 155.8     | |                    ^
#15 155.8     | |                    |
#15 155.8     | |____________________first implementation here
#15 155.8     |                      conflicting implementation for `schema::pages::columns::article_type`
#15 155.8     |
#15 155.8     = note: this error originates in the macro `diesel::table` (in Nightly builds, run with -Z macro-backtrace for more info)
#15 155.8 
#15 155.8 error[E0119]: conflicting implementations of trait `IsContainedInGroupBy<schema::pages::columns::featured_image>` for type `schema::pages::columns::tenant_id`
#15 155.8    --> src/schema.rs:561:1
#15 155.8     |
#15 155.8 561 | // diesel::table! {
#15 155.8 562 | ||     use diesel::sql_types::*;
#15 155.8 563 | ||     use super::sql_types::PagesStatus;
#15 155.8 ...   ||
#15 155.8 596 | ||         author -> Nullable<Varchar>,
#15 155.8 597 | ||         tenant_id -> Nullable<Int4>,
#15 155.8     | ||_________________- first implementation here
#15 155.8 ...   |
#15 155.8 608 | |          unpublish_at -> Nullable<Timestamp>,
#15 155.8 609 | |          tenant_id -> Nullable<Int4>,
#15 155.8     | |__________________^ conflicting implementation for `schema::pages::columns::tenant_id`
#15 155.8     |
#15 155.8     = note: this error originates in the macro `diesel::table` (in Nightly builds, run with -Z macro-backtrace for more info)
#15 155.8 
#15 155.8 error[E0119]: conflicting implementations of trait `IsContainedInGroupBy<schema::pages::columns::tenant_id>` for type `schema::pages::columns::featured_image`
#15 155.8    --> src/schema.rs:561:1
#15 155.8     |
#15 155.8 561 | / diesel::table! {
#15 155.8 562 | |     use diesel::sql_types::*;
#15 155.8 563 | |     use super::sql_types::PagesStatus;
#15 155.8 ...   |
#15 155.8 600 | |         #[max_length = 500]
#15 155.8 601 | |         featured_image -> Nullable<Varchar>,
#15 155.8     | |                      ^
#15 155.8     | |                      |
#15 155.8     | |______________________first implementation here
#15 155.8     |                        conflicting implementation for `schema::pages::columns::featured_image`
#15 155.8     |
#15 155.8     = note: this error originates in the macro `diesel::table` (in Nightly builds, run with -Z macro-backtrace for more info)
#15 155.8 
#15 155.8 error[E0119]: conflicting implementations of trait `IsContainedInGroupBy<schema::pages::columns::word_count>` for type `schema::pages::columns::tenant_id`
#15 155.8    --> src/schema.rs:561:1
#15 155.8     |
#15 155.8 561 | // diesel::table! {
#15 155.8 562 | ||     use diesel::sql_types::*;
#15 155.8 563 | ||     use super::sql_types::PagesStatus;
#15 155.8 ...   ||
#15 155.8 596 | ||         author -> Nullable<Varchar>,
#15 155.8 597 | ||         tenant_id -> Nullable<Int4>,
#15 155.8     | ||_________________- first implementation here
#15 155.8 ...   |
#15 155.8 608 | |          unpublish_at -> Nullable<Timestamp>,
#15 155.8 609 | |          tenant_id -> Nullable<Int4>,
#15 155.8     | |__________________^ conflicting implementation for `schema::pages::columns::tenant_id`
#15 155.8     |
#15 155.8     = note: this error originates in the macro `diesel::table` (in Nightly builds, run with -Z macro-backtrace for more info)
#15 155.8 
#15 155.8 error[E0119]: conflicting implementations of trait `IsContainedInGroupBy<schema::pages::columns::tenant_id>` for type `schema::pages::columns::word_count`
#15 155.8    --> src/schema.rs:561:1
#15 155.8     |
#15 155.8 561 | / diesel::table! {
#15 155.8 562 | |     use diesel::sql_types::*;
#15 155.8 563 | |     use super::sql_types::PagesStatus;
#15 155.8 ...   |
#15 155.8 601 | |         featured_image -> Nullable<Varchar>,
#15 155.8 602 | |         word_count -> Nullable<Int4>,
#15 155.8     | |                  ^
#15 155.8     | |                  |
#15 155.8     | |__________________first implementation here
#15 155.8     |                    conflicting implementation for `schema::pages::columns::word_count`
#15 155.8     |
#15 155.8     = note: this error originates in the macro `diesel::table` (in Nightly builds, run with -Z macro-backtrace for more info)
#15 155.8 
#15 155.8 error[E0119]: conflicting implementations of trait `IsContainedInGroupBy<schema::pages::columns::reading_time>` for type `schema::pages::columns::tenant_id`
#15 155.8    --> src/schema.rs:561:1
#15 155.8     |
#15 155.8 561 | // diesel::table! {
#15 155.8 562 | ||     use diesel::sql_types::*;
#15 155.8 563 | ||     use super::sql_types::PagesStatus;
#15 155.8 ...   ||
#15 155.8 596 | ||         author -> Nullable<Varchar>,
#15 155.8 597 | ||         tenant_id -> Nullable<Int4>,
#15 155.8     | ||_________________- first implementation here
#15 155.8 ...   |
#15 155.8 608 | |          unpublish_at -> Nullable<Timestamp>,
#15 155.8 609 | |          tenant_id -> Nullable<Int4>,
#15 155.8     | |__________________^ conflicting implementation for `schema::pages::columns::tenant_id`
#15 155.8     |
#15 155.8     = note: this error originates in the macro `diesel::table` (in Nightly builds, run with -Z macro-backtrace for more info)
#15 155.8 
#15 155.8 error[E0119]: conflicting implementations of trait `IsContainedInGroupBy<schema::pages::columns::tenant_id>` for type `schema::pages::columns::reading_time`
#15 155.8    --> src/schema.rs:561:1
#15 155.8     |
#15 155.8 561 | / diesel::table! {
#15 155.8 562 | |     use diesel::sql_types::*;
#15 155.8 563 | |     use super::sql_types::PagesStatus;
#15 155.8 ...   |
#15 155.8 602 | |         word_count -> Nullable<Int4>,
#15 155.8 603 | |         reading_time -> Nullable<Int4>,
#15 155.8     | |                    ^
#15 155.8     | |                    |
#15 155.8     | |____________________first implementation here
#15 155.8     |                      conflicting implementation for `schema::pages::columns::reading_time`
#15 155.8     |
#15 155.8     = note: this error originates in the macro `diesel::table` (in Nightly builds, run with -Z macro-backtrace for more info)
#15 155.8 
#15 155.8 error[E0119]: conflicting implementations of trait `IsContainedInGroupBy<schema::pages::columns::current_revision>` for type `schema::pages::columns::tenant_id`
#15 155.8    --> src/schema.rs:561:1
#15 155.8     |
#15 155.8 561 | // diesel::table! {
#15 155.8 562 | ||     use diesel::sql_types::*;
#15 155.8 563 | ||     use super::sql_types::PagesStatus;
#15 155.8 ...   ||
#15 155.8 596 | ||         author -> Nullable<Varchar>,
#15 155.8 597 | ||         tenant_id -> Nullable<Int4>,
#15 155.8     | ||_________________- first implementation here
#15 155.8 ...   |
#15 155.8 608 | |          unpublish_at -> Nullable<Timestamp>,
#15 155.8 609 | |          tenant_id -> Nullable<Int4>,
#15 155.8     | |__________________^ conflicting implementation for `schema::pages::columns::tenant_id`
#15 155.8     |
#15 155.8     = note: this error originates in the macro `diesel::table` (in Nightly builds, run with -Z macro-backtrace for more info)
#15 155.8 
#15 155.8 error[E0119]: conflicting implementations of trait `IsContainedInGroupBy<schema::pages::columns::tenant_id>` for type `schema::pages::columns::current_revision`
#15 155.8    --> src/schema.rs:561:1
#15 155.8     |
#15 155.8 561 | / diesel::table! {
#15 155.8 562 | |     use diesel::sql_types::*;
#15 155.8 563 | |     use super::sql_types::PagesStatus;
#15 155.8 ...   |
#15 155.8 603 | |         reading_time -> Nullable<Int4>,
#15 155.8 604 | |         current_revision -> Nullable<Int4>,
#15 155.8     | |                        ^
#15 155.8     | |                        |
#15 155.8     | |________________________first implementation here
#15 155.8     |                          conflicting implementation for `schema::pages::columns::current_revision`
#15 155.8     |
#15 155.8     = note: this error originates in the macro `diesel::table` (in Nightly builds, run with -Z macro-backtrace for more info)
#15 155.8 
#15 155.8 error[E0119]: conflicting implementations of trait `IsContainedInGroupBy<schema::pages::columns::last_modified_by>` for type `schema::pages::columns::tenant_id`
#15 155.8    --> src/schema.rs:561:1
#15 155.8     |
#15 155.8 561 | // diesel::table! {
#15 155.8 562 | ||     use diesel::sql_types::*;
#15 155.8 563 | ||     use super::sql_types::PagesStatus;
#15 155.8 ...   ||
#15 155.8 596 | ||         author -> Nullable<Varchar>,
#15 155.8 597 | ||         tenant_id -> Nullable<Int4>,
#15 155.8     | ||_________________- first implementation here
#15 155.8 ...   |
#15 155.8 608 | |          unpublish_at -> Nullable<Timestamp>,
#15 155.8 609 | |          tenant_id -> Nullable<Int4>,
#15 155.8     | |__________________^ conflicting implementation for `schema::pages::columns::tenant_id`
#15 155.8     |
#15 155.8     = note: this error originates in the macro `diesel::table` (in Nightly builds, run with -Z macro-backtrace for more info)
#15 155.8 
#15 155.8 error[E0119]: conflicting implementations of trait `IsContainedInGroupBy<schema::pages::columns::tenant_id>` for type `schema::pages::columns::last_modified_by`
#15 155.8    --> src/schema.rs:561:1
#15 155.8     |
#15 155.8 561 | / diesel::table! {
#15 155.8 562 | |     use diesel::sql_types::*;
#15 155.8 563 | |     use super::sql_types::PagesStatus;
#15 155.8 ...   |
#15 155.8 604 | |         current_revision -> Nullable<Int4>,
#15 155.8 605 | |         last_modified_by -> Nullable<Int4>,
#15 155.8     | |                        ^
#15 155.8     | |                        |
#15 155.8     | |________________________first implementation here
#15 155.8     |                          conflicting implementation for `schema::pages::columns::last_modified_by`
#15 155.8     |
#15 155.8     = note: this error originates in the macro `diesel::table` (in Nightly builds, run with -Z macro-backtrace for more info)
#15 155.8 
#15 155.8 error[E0119]: conflicting implementations of trait `IsContainedInGroupBy<schema::pages::columns::status>` for type `schema::pages::columns::tenant_id`
#15 155.8    --> src/schema.rs:561:1
#15 155.8     |
#15 155.8 561 | // diesel::table! {
#15 155.8 562 | ||     use diesel::sql_types::*;
#15 155.8 563 | ||     use super::sql_types::PagesStatus;
#15 155.8 ...   ||
#15 155.8 596 | ||         author -> Nullable<Varchar>,
#15 155.8 597 | ||         tenant_id -> Nullable<Int4>,
#15 155.8     | ||_________________- first implementation here
#15 155.8 ...   |
#15 155.8 608 | |          unpublish_at -> Nullable<Timestamp>,
#15 155.8 609 | |          tenant_id -> Nullable<Int4>,
#15 155.8     | |__________________^ conflicting implementation for `schema::pages::columns::tenant_id`
#15 155.8     |
#15 155.8     = note: this error originates in the macro `diesel::table` (in Nightly builds, run with -Z macro-backtrace for more info)
#15 155.8 
#15 155.8 error[E0119]: conflicting implementations of trait `IsContainedInGroupBy<schema::pages::columns::tenant_id>` for type `schema::pages::columns::status`
#15 155.8    --> src/schema.rs:561:1
#15 155.8     |
#15 155.8 561 | / diesel::table! {
#15 155.8 562 | |     use diesel::sql_types::*;
#15 155.8 563 | |     use super::sql_types::PagesStatus;
#15 155.8 ...   |
#15 155.8 605 | |         last_modified_by -> Nullable<Int4>,
#15 155.8 606 | |         status -> Nullable<PagesStatus>,
#15 155.8     | |              ^
#15 155.8     | |              |
#15 155.8     | |______________first implementation here
#15 155.8     |                conflicting implementation for `schema::pages::columns::status`
#15 155.8     |
#15 155.8     = note: this error originates in the macro `diesel::table` (in Nightly builds, run with -Z macro-backtrace for more info)
#15 155.8 
#15 155.8 error[E0119]: conflicting implementations of trait `IsContainedInGroupBy<schema::pages::columns::publish_at>` for type `schema::pages::columns::tenant_id`
#15 155.8    --> src/schema.rs:561:1
#15 155.8     |
#15 155.8 561 | // diesel::table! {
#15 155.8 562 | ||     use diesel::sql_types::*;
#15 155.8 563 | ||     use super::sql_types::PagesStatus;
#15 155.8 ...   ||
#15 155.8 596 | ||         author -> Nullable<Varchar>,
#15 155.8 597 | ||         tenant_id -> Nullable<Int4>,
#15 155.8     | ||_________________- first implementation here
#15 155.8 ...   |
#15 155.8 608 | |          unpublish_at -> Nullable<Timestamp>,
#15 155.8 609 | |          tenant_id -> Nullable<Int4>,
#15 155.8     | |__________________^ conflicting implementation for `schema::pages::columns::tenant_id`
#15 155.8     |
#15 155.8     = note: this error originates in the macro `diesel::table` (in Nightly builds, run with -Z macro-backtrace for more info)
#15 155.8 
#15 155.8 error[E0119]: conflicting implementations of trait `IsContainedInGroupBy<schema::pages::columns::tenant_id>` for type `schema::pages::columns::publish_at`
#15 155.8    --> src/schema.rs:561:1
#15 155.8     |
#15 155.8 561 | / diesel::table! {
#15 155.8 562 | |     use diesel::sql_types::*;
#15 155.8 563 | |     use super::sql_types::PagesStatus;
#15 155.8 ...   |
#15 155.8 606 | |         status -> Nullable<PagesStatus>,
#15 155.8 607 | |         publish_at -> Nullable<Timestamp>,
#15 155.8     | |                  ^
#15 155.8     | |                  |
#15 155.8     | |__________________first implementation here
#15 155.8     |                    conflicting implementation for `schema::pages::columns::publish_at`
#15 155.8     |
#15 155.8     = note: this error originates in the macro `diesel::table` (in Nightly builds, run with -Z macro-backtrace for more info)
#15 155.8 
#15 155.8 error[E0119]: conflicting implementations of trait `IsContainedInGroupBy<schema::pages::columns::unpublish_at>` for type `schema::pages::columns::tenant_id`
#15 155.8    --> src/schema.rs:561:1
#15 155.8     |
#15 155.8 561 | // diesel::table! {
#15 155.8 562 | ||     use diesel::sql_types::*;
#15 155.8 563 | ||     use super::sql_types::PagesStatus;
#15 155.8 ...   ||
#15 155.8 596 | ||         author -> Nullable<Varchar>,
#15 155.8 597 | ||         tenant_id -> Nullable<Int4>,
#15 155.8     | ||_________________- first implementation here
#15 155.8 ...   |
#15 155.8 608 | |          unpublish_at -> Nullable<Timestamp>,
#15 155.8 609 | |          tenant_id -> Nullable<Int4>,
#15 155.8     | |__________________^ conflicting implementation for `schema::pages::columns::tenant_id`
#15 155.8     |
#15 155.8     = note: this error originates in the macro `diesel::table` (in Nightly builds, run with -Z macro-backtrace for more info)
#15 155.8 
#15 155.8 error[E0119]: conflicting implementations of trait `IsContainedInGroupBy<schema::pages::columns::tenant_id>` for type `schema::pages::columns::unpublish_at`
#15 155.8    --> src/schema.rs:561:1
#15 155.8     |
#15 155.8 561 | / diesel::table! {
#15 155.8 562 | |     use diesel::sql_types::*;
#15 155.8 563 | |     use super::sql_types::PagesStatus;
#15 155.8 ...   |
#15 155.8 607 | |         publish_at -> Nullable<Timestamp>,
#15 155.8 608 | |         unpublish_at -> Nullable<Timestamp>,
#15 155.8     | |                    ^
#15 155.8     | |                    |
#15 155.8     | |____________________first implementation here
#15 155.8     |                      conflicting implementation for `schema::pages::columns::unpublish_at`
#15 155.8     |
#15 155.8     = note: this error originates in the macro `diesel::table` (in Nightly builds, run with -Z macro-backtrace for more info)
#15 155.8 
#15 155.9 error[E0119]: conflicting implementations of trait `EqAll<_>` for type `schema::pages::columns::tenant_id`
#15 155.9    --> src/schema.rs:609:9
#15 155.9     |
#15 155.9 597 |         tenant_id -> Nullable<Int4>,
#15 155.9     |         --------- first implementation here
#15 155.9 ...
#15 155.9 609 |         tenant_id -> Nullable<Int4>,
#15 155.9     |         ^^^^^^^^^ conflicting implementation for `schema::pages::columns::tenant_id`
#15 155.9     |
#15 155.9     = note: this error originates in the macro `diesel::table` (in Nightly builds, run with -Z macro-backtrace for more info)
#15 155.9 
#15 155.9 error[E0119]: conflicting implementations of trait `std::ops::Add<_>` for type `schema::pages::columns::tenant_id`
#15 155.9    --> src/schema.rs:561:1
#15 155.9     |
#15 155.9 561 | / diesel::table! {
#15 155.9 562 | |     use diesel::sql_types::*;
#15 155.9 563 | |     use super::sql_types::PagesStatus;
#15 155.9 ...   |
#15 155.9 611 | | }
#15 155.9     | | ^
#15 155.9     | | |
#15 155.9     | |_first implementation here
#15 155.9     |   conflicting implementation for `schema::pages::columns::tenant_id`
#15 155.9     |
#15 155.9     = note: this error originates in the macro `diesel::table` (in Nightly builds, run with -Z macro-backtrace for more info)
#15 155.9 
#15 155.9 error[E0119]: conflicting implementations of trait `std::ops::Sub<_>` for type `schema::pages::columns::tenant_id`
#15 155.9    --> src/schema.rs:561:1
#15 155.9     |
#15 155.9 561 | / diesel::table! {
#15 155.9 562 | |     use diesel::sql_types::*;
#15 155.9 563 | |     use super::sql_types::PagesStatus;
#15 155.9 ...   |
#15 155.9 611 | | }
#15 155.9     | | ^
#15 155.9     | | |
#15 155.9     | |_first implementation here
#15 155.9     |   conflicting implementation for `schema::pages::columns::tenant_id`
#15 155.9     |
#15 155.9     = note: this error originates in the macro `diesel::table` (in Nightly builds, run with -Z macro-backtrace for more info)
#15 155.9 
#15 155.9 error[E0119]: conflicting implementations of trait `std::ops::Div<_>` for type `schema::pages::columns::tenant_id`
#15 155.9    --> src/schema.rs:561:1
#15 155.9     |
#15 155.9 561 | / diesel::table! {
#15 155.9 562 | |     use diesel::sql_types::*;
#15 155.9 563 | |     use super::sql_types::PagesStatus;
#15 155.9 ...   |
#15 155.9 611 | | }
#15 155.9     | | ^
#15 155.9     | | |
#15 155.9     | |_first implementation here
#15 155.9     |   conflicting implementation for `schema::pages::columns::tenant_id`
#15 155.9     |
#15 155.9     = note: this error originates in the macro `diesel::table` (in Nightly builds, run with -Z macro-backtrace for more info)
#15 155.9 
#15 155.9 error[E0119]: conflicting implementations of trait `std::ops::Mul<_>` for type `schema::pages::columns::tenant_id`
#15 155.9    --> src/schema.rs:561:1
#15 155.9     |
#15 155.9 561 | / diesel::table! {
#15 155.9 562 | |     use diesel::sql_types::*;
#15 155.9 563 | |     use super::sql_types::PagesStatus;
#15 155.9 ...   |
#15 155.9 611 | | }
#15 155.9     | | ^
#15 155.9     | | |
#15 155.9     | |_first implementation here
#15 155.9     |   conflicting implementation for `schema::pages::columns::tenant_id`
#15 155.9     |
#15 155.9     = note: this error originates in the macro `diesel::table` (in Nightly builds, run with -Z macro-backtrace for more info)
#15 155.9 
#15 156.0 error[E0283]: type annotations needed
#15 156.0    --> src/schema.rs:561:1
#15 156.0     |
#15 156.0 561 | / diesel::table! {
#15 156.0 562 | |     use diesel::sql_types::*;
#15 156.0 563 | |     use super::sql_types::PagesStatus;
#15 156.0 ...   |
#15 156.0 611 | | }
#15 156.0     | |_^ cannot infer type
#15 156.0     |
#15 156.0     = note: multiple `impl`s satisfying `diesel::expression::is_aggregate::No: MixedAggregates<_>` found in the `diesel` crate:
#15 156.0             - impl MixedAggregates<diesel::expression::is_aggregate::Never> for diesel::expression::is_aggregate::No;
#15 156.0             - impl MixedAggregates<diesel::expression::is_aggregate::No> for diesel::expression::is_aggregate::No;
#15 156.0     = note: required for `(schema::pages::columns::unpublish_at, schema::pages::columns::tenant_id)` to implement `ValidGrouping<()>`
#15 156.0     = note: 25 redundant requirements hidden
#15 156.0     = note: required for `(..., ..., ..., ..., ..., ..., ..., ..., ..., ..., ..., ..., ..., ..., ..., ..., ..., ..., ..., ..., ..., ..., ..., ..., ..., ..., ...)` to implement `ValidGrouping<()>`
#15 156.0     = note: required for `SelectStatement<FromClause<schema::pages::table>>` to implement `diesel::query_builder::Query`
#15 156.0 note: required by a bound in `diesel::query_builder::AsQuery::Query`
#15 156.0    --> /usr/local/cargo/registry/src/index.crates.io-1949cf8c6b5b557f/diesel-2.3.5/src/query_builder/mod.rs:361:23
#15 156.0     |
#15 156.0 361 |     type Query: Query<SqlType = Self::SqlType>;
#15 156.0     |                       ^^^^^^^^^^^^^^^^^^^^^^^ required by this bound in `AsQuery::Query`
#15 156.0     = note: the full name for the type has been written to '/app/target/release/deps/freeradical-db88627b110750a0.long-type-10564650510379592063.txt'
#15 156.0     = note: consider using `--verbose` to print the full type name to the console
#15 156.0     = note: this error originates in the macro `diesel::table` (in Nightly builds, run with -Z macro-backtrace for more info)
#15 156.0 
#15 156.0 error[E0283]: type annotations needed
#15 156.0    --> src/schema.rs:561:1
#15 156.0     |
#15 156.0 561 | / diesel::table! {
#15 156.0 562 | |     use diesel::sql_types::*;
#15 156.0 563 | |     use super::sql_types::PagesStatus;
#15 156.0 ...   |
#15 156.0 611 | | }
#15 156.0     | |_^ cannot infer type
#15 156.0     |
#15 156.0     = note: multiple `impl`s satisfying `diesel::expression::is_aggregate::No: MixedAggregates<_>` found in the `diesel` crate:
#15 156.0             - impl MixedAggregates<diesel::expression::is_aggregate::Never> for diesel::expression::is_aggregate::No;
#15 156.0             - impl MixedAggregates<diesel::expression::is_aggregate::No> for diesel::expression::is_aggregate::No;
#15 156.0     = note: required for `(schema::pages::columns::unpublish_at, schema::pages::columns::tenant_id)` to implement `ValidGrouping<()>`
#15 156.0     = note: 25 redundant requirements hidden
#15 156.0     = note: required for `(..., ..., ..., ..., ..., ..., ..., ..., ..., ..., ..., ..., ..., ..., ..., ..., ..., ..., ..., ..., ..., ..., ..., ..., ..., ..., ...)` to implement `ValidGrouping<()>`
#15 156.0 note: required by a bound in `diesel::Table::AllColumns`
#15 156.0    --> /usr/local/cargo/registry/src/index.crates.io-1949cf8c6b5b557f/diesel-2.3.5/src/query_source/mod.rs:61:51
#15 156.0     |
#15 156.0  61 |     type AllColumns: SelectableExpression<Self> + ValidGrouping<()>;
#15 156.0     |                                                   ^^^^^^^^^^^^^^^^^ required by this bound in `Table::AllColumns`
#15 156.0     = note: the full name for the type has been written to '/app/target/release/deps/freeradical-db88627b110750a0.long-type-10564650510379592063.txt'
#15 156.0     = note: consider using `--verbose` to print the full type name to the console
#15 156.0     = note: this error originates in the macro `diesel::table` (in Nightly builds, run with -Z macro-backtrace for more info)
#15 156.0 
#15 156.2 error[E0283]: type annotations needed
#15 156.2    --> src/schema.rs:841:1
#15 156.2     |
#15 156.2 841 | / diesel::allow_tables_to_appear_in_same_query!(
#15 156.2 842 | |     ai_generated_content,
#15 156.2 843 | |     ai_key_rotation_history,
#15 156.2 844 | |     ai_provider_configs,
#15 156.2 ...   |
#15 156.2 883 | |     webhooks,
#15 156.2 884 | | );
#15 156.2     | |_^ cannot infer type
#15 156.2     |
#15 156.2     = note: multiple `impl`s satisfying `diesel::expression::is_aggregate::No: MixedAggregates<_>` found in the `diesel` crate:
#15 156.2             - impl MixedAggregates<diesel::expression::is_aggregate::Never> for diesel::expression::is_aggregate::No;
#15 156.2             - impl MixedAggregates<diesel::expression::is_aggregate::No> for diesel::expression::is_aggregate::No;
#15 156.2     = note: required for `(schema::pages::columns::unpublish_at, schema::pages::columns::tenant_id)` to implement `ValidGrouping<()>`
#15 156.2     = note: 25 redundant requirements hidden
#15 156.2     = note: required for `(..., ..., ..., ..., ..., ..., ..., ..., ..., ..., ..., ..., ..., ..., ..., ..., ..., ..., ..., ..., ..., ..., ..., ..., ..., ..., ...)` to implement `ValidGrouping<()>`
#15 156.2     = note: required for `Only<schema::pages::table>` to implement `Table`
#15 156.2 note: required by a bound in `TableNotEqual`
#15 156.2    --> /usr/local/cargo/registry/src/index.crates.io-1949cf8c6b5b557f/diesel-2.3.5/src/query_source/mod.rs:106:36
#15 156.2     |
#15 156.2 106 | pub trait TableNotEqual<T: Table>: Table {}
#15 156.2     |                                    ^^^^^ required by this bound in `TableNotEqual`
#15 156.2     = note: the full name for the type has been written to '/app/target/release/deps/freeradical-db88627b110750a0.long-type-10564650510379592063.txt'
#15 156.2     = note: consider using `--verbose` to print the full type name to the console
#15 156.2     = note: this error originates in the macro `$crate::__diesel_internal_backend_specific_allow_tables_to_appear_in_same_query` which comes from the expansion of the macro `diesel::allow_tables_to_appear_in_same_query` (in Nightly builds, run with -Z macro-backtrace for more info)
#15 156.2 
#15 156.2 error[E0283]: type annotations needed
#15 156.2    --> src/schema.rs:841:1
#15 156.2     |
#15 156.2 841 | / diesel::allow_tables_to_appear_in_same_query!(
#15 156.2 842 | |     ai_generated_content,
#15 156.2 843 | |     ai_key_rotation_history,
#15 156.2 844 | |     ai_provider_configs,
#15 156.2 ...   |
#15 156.2 883 | |     webhooks,
#15 156.2 884 | | );
#15 156.2     | |_^ cannot infer type
#15 156.2     |
#15 156.2     = note: multiple `impl`s satisfying `diesel::expression::is_aggregate::No: MixedAggregates<_>` found in the `diesel` crate:
#15 156.2             - impl MixedAggregates<diesel::expression::is_aggregate::Never> for diesel::expression::is_aggregate::No;
#15 156.2             - impl MixedAggregates<diesel::expression::is_aggregate::No> for diesel::expression::is_aggregate::No;
#15 156.2     = note: required for `(schema::pages::columns::unpublish_at, schema::pages::columns::tenant_id)` to implement `ValidGrouping<()>`
#15 156.2     = note: 25 redundant requirements hidden
#15 156.2     = note: required for `(..., ..., ..., ..., ..., ..., ..., ..., ..., ..., ..., ..., ..., ..., ..., ..., ..., ..., ..., ..., ..., ..., ..., ..., ..., ..., ...)` to implement `ValidGrouping<()>`
#15 156.2     = note: required for `Only<schema::pages::table>` to implement `Table`
#15 156.2 note: required by a bound in `TableNotEqual`
#15 156.2    --> /usr/local/cargo/registry/src/index.crates.io-1949cf8c6b5b557f/diesel-2.3.5/src/query_source/mod.rs:106:28
#15 156.2     |
#15 156.2 106 | pub trait TableNotEqual<T: Table>: Table {}
#15 156.2     |                            ^^^^^ required by this bound in `TableNotEqual`
#15 156.2     = note: the full name for the type has been written to '/app/target/release/deps/freeradical-db88627b110750a0.long-type-10564650510379592063.txt'
#15 156.2     = note: consider using `--verbose` to print the full type name to the console
#15 156.2     = note: this error originates in the macro `$crate::__diesel_internal_backend_specific_allow_tables_to_appear_in_same_query` which comes from the expansion of the macro `diesel::allow_tables_to_appear_in_same_query` (in Nightly builds, run with -Z macro-backtrace for more info)
#15 156.2 
#15 156.2 error[E0283]: type annotations needed
#15 156.2    --> src/schema.rs:841:1
#15 156.2     |
#15 156.2 841 | / diesel::allow_tables_to_appear_in_same_query!(
#15 156.2 842 | |     ai_generated_content,
#15 156.2 843 | |     ai_key_rotation_history,
#15 156.2 844 | |     ai_provider_configs,
#15 156.2 ...   |
#15 156.2 883 | |     webhooks,
#15 156.2 884 | | );
#15 156.2     | |_^ cannot infer type
#15 156.2     |
#15 156.2     = note: multiple `impl`s satisfying `diesel::expression::is_aggregate::No: MixedAggregates<_>` found in the `diesel` crate:
#15 156.2             - impl MixedAggregates<diesel::expression::is_aggregate::Never> for diesel::expression::is_aggregate::No;
#15 156.2             - impl MixedAggregates<diesel::expression::is_aggregate::No> for diesel::expression::is_aggregate::No;
#15 156.2     = note: required for `(schema::pages::columns::unpublish_at, schema::pages::columns::tenant_id)` to implement `ValidGrouping<()>`
#15 156.2     = note: 25 redundant requirements hidden
#15 156.2     = note: required for `(..., ..., ..., ..., ..., ..., ..., ..., ..., ..., ..., ..., ..., ..., ..., ..., ..., ..., ..., ..., ..., ..., ..., ..., ..., ..., ...)` to implement `ValidGrouping<()>`
#15 156.2     = note: required for `Tablesample<schema::pages::table, TSM>` to implement `Table`
#15 156.2 note: required by a bound in `TableNotEqual`
#15 156.2    --> /usr/local/cargo/registry/src/index.crates.io-1949cf8c6b5b557f/diesel-2.3.5/src/query_source/mod.rs:106:36
#15 156.2     |
#15 156.2 106 | pub trait TableNotEqual<T: Table>: Table {}
#15 156.2     |                                    ^^^^^ required by this bound in `TableNotEqual`
#15 156.2     = note: the full name for the type has been written to '/app/target/release/deps/freeradical-db88627b110750a0.long-type-10564650510379592063.txt'
#15 156.2     = note: consider using `--verbose` to print the full type name to the console
#15 156.2     = note: this error originates in the macro `$crate::__diesel_internal_backend_specific_allow_tables_to_appear_in_same_query` which comes from the expansion of the macro `diesel::allow_tables_to_appear_in_same_query` (in Nightly builds, run with -Z macro-backtrace for more info)
#15 156.2 
#15 156.2 error[E0283]: type annotations needed
#15 156.2    --> src/schema.rs:841:1
#15 156.2     |
#15 156.2 841 | / diesel::allow_tables_to_appear_in_same_query!(
#15 156.2 842 | |     ai_generated_content,
#15 156.2 843 | |     ai_key_rotation_history,
#15 156.2 844 | |     ai_provider_configs,
#15 156.2 ...   |
#15 156.2 883 | |     webhooks,
#15 156.2 884 | | );
#15 156.2     | |_^ cannot infer type
#15 156.2     |
#15 156.2     = note: multiple `impl`s satisfying `diesel::expression::is_aggregate::No: MixedAggregates<_>` found in the `diesel` crate:
#15 156.2             - impl MixedAggregates<diesel::expression::is_aggregate::Never> for diesel::expression::is_aggregate::No;
#15 156.2             - impl MixedAggregates<diesel::expression::is_aggregate::No> for diesel::expression::is_aggregate::No;
#15 156.2     = note: required for `(schema::pages::columns::unpublish_at, schema::pages::columns::tenant_id)` to implement `ValidGrouping<()>`
#15 156.2     = note: 25 redundant requirements hidden
#15 156.2     = note: required for `(..., ..., ..., ..., ..., ..., ..., ..., ..., ..., ..., ..., ..., ..., ..., ..., ..., ..., ..., ..., ..., ..., ..., ..., ..., ..., ...)` to implement `ValidGrouping<()>`
#15 156.2     = note: required for `Tablesample<schema::pages::table, TSM>` to implement `Table`
#15 156.2 note: required by a bound in `TableNotEqual`
#15 156.2    --> /usr/local/cargo/registry/src/index.crates.io-1949cf8c6b5b557f/diesel-2.3.5/src/query_source/mod.rs:106:28
#15 156.2     |
#15 156.2 106 | pub trait TableNotEqual<T: Table>: Table {}
#15 156.2     |                            ^^^^^ required by this bound in `TableNotEqual`
#15 156.2     = note: the full name for the type has been written to '/app/target/release/deps/freeradical-db88627b110750a0.long-type-10564650510379592063.txt'
#15 156.2     = note: consider using `--verbose` to print the full type name to the console
#15 156.2     = note: this error originates in the macro `$crate::__diesel_internal_backend_specific_allow_tables_to_appear_in_same_query` which comes from the expansion of the macro `diesel::allow_tables_to_appear_in_same_query` (in Nightly builds, run with -Z macro-backtrace for more info)
#15 156.2 
#15 159.5 warning: use of deprecated method `actix_web::HttpResponseBuilder::set_header`: Replaced with `insert_header((key, value))`. Will be removed in v5.
#15 159.5   --> src/controllers/sitemap_controller.rs:64:26
#15 159.5    |
#15 159.5 64 |                         .set_header("Content-Encoding", "gzip")
#15 159.5    |                          ^^^^^^^^^^
#15 159.5 
#15 159.5 warning: use of deprecated method `actix_web::HttpResponseBuilder::set_header`: Replaced with `insert_header((key, value))`. Will be removed in v5.
#15 159.5   --> src/controllers/sitemap_controller.rs:65:26
#15 159.5    |
#15 159.5 65 |                         .set_header("X-Sitemap-Count", page_count.to_string())
#15 159.5    |                          ^^^^^^^^^^
#15 159.5 
#15 159.5 warning: use of deprecated method `actix_web::HttpResponseBuilder::set_header`: Replaced with `insert_header((key, value))`. Will be removed in v5.
#15 159.5   --> src/controllers/sitemap_controller.rs:71:30
#15 159.5    |
#15 159.5 71 | ...                   .set_header("X-Sitemap-Count", page_count.to_string())
#15 159.5    |                        ^^^^^^^^^^
#15 159.5 
#15 159.5 warning: use of deprecated method `actix_web::HttpResponseBuilder::set_header`: Replaced with `insert_header((key, value))`. Will be removed in v5.
#15 159.5   --> src/controllers/sitemap_controller.rs:79:22
#15 159.5    |
#15 159.5 79 |                     .set_header("X-Sitemap-Count", page_count.to_string())
#15 159.5    |                      ^^^^^^^^^^
#15 159.5 
#15 159.8 warning: variable does not need to be mutable
#15 159.8   --> src/services/aeo_service.rs:79:13
#15 159.8    |
#15 159.8 79 |         let mut pairs = vec![
#15 159.8    |             ----^^^^^
#15 159.8    |             |
#15 159.8    |             help: remove this `mut`
#15 159.8    |
#15 159.8    = note: `#[warn(unused_mut)]` (part of `#[warn(unused)]`) on by default
#15 159.8 
#15 160.0 error[E0283]: type annotations needed
#15 160.0   --> src/services/scheduler_service.rs:42:6
#15 160.0    |
#15 160.0 42 |     .set(pages::status.eq(Some(PageStatus::Published)))
#15 160.0    |      ^^^ cannot infer type
#15 160.0    |
#15 160.0    = note: multiple `impl`s satisfying `diesel::expression::is_aggregate::No: MixedAggregates<_>` found in the `diesel` crate:
#15 160.0            - impl MixedAggregates<diesel::expression::is_aggregate::Never> for diesel::expression::is_aggregate::No;
#15 160.0            - impl MixedAggregates<diesel::expression::is_aggregate::No> for diesel::expression::is_aggregate::No;
#15 160.0    = note: required for `(schema::pages::columns::unpublish_at, schema::pages::columns::tenant_id)` to implement `ValidGrouping<()>`
#15 160.0    = note: 25 redundant requirements hidden
#15 160.0    = note: required for `(..., ..., ..., ..., ..., ..., ..., ..., ..., ..., ..., ..., ..., ..., ..., ..., ..., ..., ..., ..., ..., ..., ..., ..., ..., ..., ...)` to implement `ValidGrouping<()>`
#15 160.0    = note: required for `UpdateStatement<table, WhereClause<Grouped<And<..., ...>>>, ...>` to implement `AsQuery`
#15 160.0 note: required by a bound in `UpdateStatement::<T, U>::set`
#15 160.0   --> /usr/local/cargo/registry/src/index.crates.io-1949cf8c6b5b557f/diesel-2.3.5/src/query_builder/update_statement/mod.rs:39:46
#15 160.0    |
#15 160.0 35 |     pub fn set<V>(self, values: V) -> UpdateStatement<T, U, V::Changeset>
#15 160.0    |            --- required by a bound in this associated function
#15 160.0 ...
#15 160.0 39 |         UpdateStatement<T, U, V::Changeset>: AsQuery,
#15 160.0    |                                              ^^^^^^^ required by this bound in `UpdateStatement::<T, U>::set`
#15 160.0    = note: the full name for the type has been written to '/app/target/release/deps/freeradical-db88627b110750a0.long-type-10564650510379592063.txt'
#15 160.0    = note: consider using `--verbose` to print the full type name to the console
#15 160.0 
#15 160.4 warning: use of deprecated associated function `handlebars::RenderError::new`: Use RenderErrorReason instead
#15 160.4   --> src/helpers/default.rs:17:29
#15 160.4    |
#15 160.4 17 |         .ok_or(RenderError::new(
#15 160.4    |                             ^^^
#15 160.4 
#15 160.4 warning: use of deprecated associated function `handlebars::RenderError::new`: Use RenderErrorReason instead
#15 160.4   --> src/helpers/default.rs:28:33
#15 160.4    |
#15 160.4 28 |             .ok_or(RenderError::new("No fields exist on this page."))?
#15 160.4    |                                 ^^^
#15 160.4 
#15 160.4 warning: use of deprecated associated function `handlebars::RenderError::new`: Use RenderErrorReason instead
#15 160.4   --> src/helpers/default.rs:30:33
#15 160.4    |
#15 160.4 30 |             .ok_or(RenderError::new(&format!(
#15 160.4    |                                 ^^^
#15 160.4 
#15 160.4 warning: use of deprecated associated function `handlebars::RenderError::new`: Use RenderErrorReason instead
#15 160.4   --> src/helpers/default.rs:61:33
#15 160.4    |
#15 160.4 61 |             .ok_or(RenderError::new(
#15 160.4    |                                 ^^^
#15 160.4 
#15 160.4 warning: use of deprecated associated function `handlebars::RenderError::new`: Use RenderErrorReason instead
#15 160.4   --> src/helpers/default.rs:70:37
#15 160.4    |
#15 160.4 70 |                 .ok_or(RenderError::new("No fields exist on this page."))?
#15 160.4    |                                     ^^^
#15 160.4 
#15 160.4 warning: use of deprecated associated function `handlebars::RenderError::new`: Use RenderErrorReason instead
#15 160.4   --> src/helpers/default.rs:72:37
#15 160.4    |
#15 160.4 72 |                 .ok_or(RenderError::new(&format!(
#15 160.4    |                                     ^^^
#15 160.4 
#15 160.4 warning: use of deprecated method `chrono::DateTime::<Tz>::date`: Use `date_naive()` instead
#15 160.4   --> src/services/analytics_service.rs:86:38
#15 160.4    |
#15 160.4 86 |         let today_start = Utc::now().date().and_hms(0, 0, 0).naive_utc();
#15 160.4    |                                      ^^^^
#15 160.4 
#15 160.4 warning: use of deprecated method `chrono::Date::<Tz>::and_hms`: Use and_hms_opt() instead
#15 160.4   --> src/services/analytics_service.rs:86:45
#15 160.4    |
#15 160.4 86 |         let today_start = Utc::now().date().and_hms(0, 0, 0).naive_utc();
#15 160.4    |                                             ^^^^^^^
#15 160.4 
#15 160.4 warning: use of deprecated method `chrono::DateTime::<Tz>::date`: Use `date_naive()` instead
#15 160.4    --> src/services/analytics_service.rs:132:38
#15 160.4     |
#15 160.4 132 |         let today_start = Utc::now().date().and_hms(0, 0, 0).naive_utc();
#15 160.4     |                                      ^^^^
#15 160.4 
#15 160.4 warning: use of deprecated method `chrono::Date::<Tz>::and_hms`: Use and_hms_opt() instead
#15 160.4    --> src/services/analytics_service.rs:132:45
#15 160.4     |
#15 160.4 132 |         let today_start = Utc::now().date().and_hms(0, 0, 0).naive_utc();
#15 160.4     |                                             ^^^^^^^
#15 160.4 
#15 160.6 error[E0277]: the trait bound `(..., ..., ..., ..., ..., ..., ..., ..., ..., ..., ..., ..., ..., ..., ..., ..., _, ..., ..., ..., ..., ..., ..., ..., ..., ..., _): CompatibleType<..., ...>` is not satisfied
#15 160.6     --> src/services/revision_service.rs:27:77
#15 160.6      |
#15 160.6   27 |     let current_page: Page = pages.filter(uuid.eq(page_uuid)).first::<Page>(conn)?;
#15 160.6      |                                                               -----         ^^^^ unsatisfied trait bound
#15 160.6      |                                                               |
#15 160.6      |                                                               required by a bound introduced by this call
#15 160.6      |
#15 160.6      = help: the trait `load_dsl::private::CompatibleType<Page, Pg>` is not implemented for `(..., ..., ..., ..., ..., ..., ..., ..., ..., ..., ..., ..., ..., ..., ..., ..., _, ..., ..., ..., ..., ..., ..., ..., ..., ..., _)`
#15 160.6      = note: this is a mismatch between what your query returns and what your type expects the query to return
#15 160.6      = note: the fields in your struct need to match the fields returned by your query in count, order and type
#15 160.6      = note: consider using `#[diesel(check_for_backend(Pg))]` on either `#[derive(Selectable)]` or `#[derive(QueryableByName)]` 
#15 160.6              on your struct `Page` and in your query `.select(Page::as_select())` to get a better error message
#15 160.6      = help: the following other types implement trait `load_dsl::private::CompatibleType<U, DB>`:
#15 160.6                `Untyped` implements `load_dsl::private::CompatibleType<U, DB>`
#15 160.6                `diesel::expression::select_by::SelectBy<U, DB>` implements `load_dsl::private::CompatibleType<U, DB>`
#15 160.6                `diesel::sql_types::Nullable<(ST, ST1)>` implements `load_dsl::private::CompatibleType<std::option::Option<__T>, __DB>`
#15 160.6                `diesel::sql_types::Nullable<(ST, ST1, ST2)>` implements `load_dsl::private::CompatibleType<std::option::Option<__T>, __DB>`
#15 160.6                `diesel::sql_types::Nullable<(ST, ST1, ST2, ST3)>` implements `load_dsl::private::CompatibleType<std::option::Option<__T>, __DB>`
#15 160.6                `diesel::sql_types::Nullable<(ST, ST1, ST2, ST3, ST4)>` implements `load_dsl::private::CompatibleType<std::option::Option<__T>, __DB>`
#15 160.6                `diesel::sql_types::Nullable<(ST, ST1, ST2, ST3, ST4, ST5)>` implements `load_dsl::private::CompatibleType<std::option::Option<__T>, __DB>`
#15 160.6                `diesel::sql_types::Nullable<(ST, ST1, ST2, ST3, ST4, ST5, ST6)>` implements `load_dsl::private::CompatibleType<std::option::Option<__T>, __DB>`
#15 160.6              and 26 others
#15 160.6      = note: required for `SelectStatement<FromClause<table>, ..., ..., ..., ..., ...>` to implement `LoadQuery<'_, _, Page>`
#15 160.6 note: required by a bound in `diesel::RunQueryDsl::first`
#15 160.6     --> /usr/local/cargo/registry/src/index.crates.io-1949cf8c6b5b557f/diesel-2.3.5/src/query_dsl/mod.rs:1833:22
#15 160.6      |
#15 160.6 1830 |     fn first<'query, U>(self, conn: &mut Conn) -> QueryResult<U>
#15 160.6      |        ----- required by a bound in this associated function
#15 160.6 ...
#15 160.6 1833 |         Limit<Self>: LoadQuery<'query, Conn, U>,
#15 160.6      |                      ^^^^^^^^^^^^^^^^^^^^^^^^^^ required by this bound in `RunQueryDsl::first`
#15 160.6      = note: the full name for the type has been written to '/app/target/release/deps/freeradical-db88627b110750a0.long-type-2490675647089818051.txt'
#15 160.6      = note: consider using `--verbose` to print the full type name to the console
#15 160.6 
#15 161.5 error[E0283]: type annotations needed
#15 161.5   --> src/models/page_models.rs:52:10
#15 161.5    |
#15 161.5 52 | #[derive(Insertable, AsChangeset, Serialize, Deserialize)]
#15 161.5    |          ^^^^^^^^^^ cannot infer type
#15 161.5    |
#15 161.5 note: multiple `impl`s or `where` clauses satisfying `i32: AsExpression<_>` found
#15 161.5   --> src/models/page_models.rs:74:9
#15 161.5    |
#15 161.5 52 | #[derive(Insertable, AsChangeset, Serialize, Deserialize)]
#15 161.5    |          ---------- in this derive macro expansion
#15 161.5 ...
#15 161.5 74 |     pub word_count: Option<i32>,
#15 161.5    |         ^^^^^^^^^^
#15 161.5 75 |     pub reading_time: Option<i32>,
#15 161.5    |         ^^^^^^^^^^^^
#15 161.5 76 |     // Publishing
#15 161.5 77 |     pub current_revision: Option<i32>,
#15 161.5    |         ^^^^^^^^^^^^^^^^
#15 161.5 78 |     pub last_modified_by: Option<i32>,
#15 161.5    |         ^^^^^^^^^^^^^^^^
#15 161.5 ...
#15 161.5 82 |     pub tenant_id: Option<i32>,
#15 161.5    |         ^^^^^^^^^
#15 161.5    = note: and more `impl`s found in the following crates: `diesel`:
#15 161.5            - impl AsExpression<diesel::sql_types::Integer> for i32;
#15 161.5            - impl AsExpression<diesel::sql_types::Nullable<diesel::sql_types::Integer>> for i32;
#15 161.5 note: required by a bound in `page_models::_::<impl diesel::Insertable<schema::pages::table> for MutPage>`
#15 161.5   --> src/models/page_models.rs:82:9
#15 161.5    |
#15 161.5 52 | #[derive(Insertable, AsChangeset, Serialize, Deserialize)]
#15 161.5    |          ---------- in this derive macro expansion
#15 161.5 ...
#15 161.5 82 |     pub tenant_id: Option<i32>,
#15 161.5    |         ^^^^^^^^^ required by this bound in `_::<impl Insertable<table> for MutPage>`
#15 161.5    = note: this error originates in the derive macro `Insertable` (in Nightly builds, run with -Z macro-backtrace for more info)
#15 161.5 
#15 161.5 error[E0283]: type annotations needed
#15 161.5   --> src/models/page_models.rs:52:10
#15 161.5    |
#15 161.5 52 | #[derive(Insertable, AsChangeset, Serialize, Deserialize)]
#15 161.5    |          ^^^^^^^^^^ cannot infer type
#15 161.5    |
#15 161.5 note: multiple `impl`s or `where` clauses satisfying `&'insert i32: AsExpression<_>` found
#15 161.5   --> src/models/page_models.rs:74:9
#15 161.5    |
#15 161.5 52 | #[derive(Insertable, AsChangeset, Serialize, Deserialize)]
#15 161.5    |          ---------- in this derive macro expansion
#15 161.5 ...
#15 161.5 74 |     pub word_count: Option<i32>,
#15 161.5    |         ^^^^^^^^^^
#15 161.5 75 |     pub reading_time: Option<i32>,
#15 161.5    |         ^^^^^^^^^^^^
#15 161.5 76 |     // Publishing
#15 161.5 77 |     pub current_revision: Option<i32>,
#15 161.5    |         ^^^^^^^^^^^^^^^^
#15 161.5 78 |     pub last_modified_by: Option<i32>,
#15 161.5    |         ^^^^^^^^^^^^^^^^
#15 161.5 ...
#15 161.5 82 |     pub tenant_id: Option<i32>,
#15 161.5    |         ^^^^^^^^^
#15 161.5 note: required by a bound in `page_models::_::<impl diesel::Insertable<schema::pages::table> for &'insert MutPage>`
#15 161.5   --> src/models/page_models.rs:82:9
#15 161.5    |
#15 161.5 52 | #[derive(Insertable, AsChangeset, Serialize, Deserialize)]
#15 161.5    |          ---------- in this derive macro expansion
#15 161.5 ...
#15 161.5 82 |     pub tenant_id: Option<i32>,
#15 161.5    |         ^^^^^^^^^ required by this bound in `_::<impl Insertable<table> for &MutPage>`
#15 161.5    = note: this error originates in the derive macro `Insertable` (in Nightly builds, run with -Z macro-backtrace for more info)
#15 161.5 
#15 161.6 error[E0283]: type annotations needed
#15 161.6   --> src/models/page_models.rs:52:22
#15 161.6    |
#15 161.6 52 | #[derive(Insertable, AsChangeset, Serialize, Deserialize)]
#15 161.6    |                      ^^^^^^^^^^^ cannot infer type
#15 161.6    |
#15 161.6    = note: multiple `impl`s satisfying `i32: AsExpression<_>` found in the `diesel` crate:
#15 161.6            - impl AsExpression<diesel::sql_types::Integer> for i32;
#15 161.6            - impl AsExpression<diesel::sql_types::Nullable<diesel::sql_types::Integer>> for i32;
#15 161.6 note: required by a bound in `diesel::ExpressionMethods::eq`
#15 161.6   --> /usr/local/cargo/registry/src/index.crates.io-1949cf8c6b5b557f/diesel-2.3.5/src/expression_methods/global_expression_methods.rs:73:12
#15 161.6    |
#15 161.6 70 |     fn eq<T>(self, other: T) -> dsl::Eq<Self, T>
#15 161.6    |        -- required by a bound in this associated function
#15 161.6 ...
#15 161.6 73 |         T: AsExpression<Self::SqlType>,
#15 161.6    |            ^^^^^^^^^^^^^^^^^^^^^^^^^^^ required by this bound in `ExpressionMethods::eq`
#15 161.6    = note: this error originates in the derive macro `AsChangeset` (in Nightly builds, run with -Z macro-backtrace for more info)
#15 161.6 
#15 161.6 error[E0283]: type annotations needed
#15 161.6   --> src/models/page_models.rs:52:22
#15 161.6    |
#15 161.6 52 | #[derive(Insertable, AsChangeset, Serialize, Deserialize)]
#15 161.6    |                      ^^^^^^^^^^^ cannot infer type
#15 161.6    |
#15 161.6    = note: multiple `impl`s satisfying `&i32: AsExpression<_>` found in the `diesel` crate:
#15 161.6            - impl<'__expr> AsExpression<diesel::sql_types::Integer> for &'__expr i32;
#15 161.6            - impl<'__expr> AsExpression<diesel::sql_types::Nullable<diesel::sql_types::Integer>> for &'__expr i32;
#15 161.6 note: required by a bound in `diesel::ExpressionMethods::eq`
#15 161.6   --> /usr/local/cargo/registry/src/index.crates.io-1949cf8c6b5b557f/diesel-2.3.5/src/expression_methods/global_expression_methods.rs:73:12
#15 161.6    |
#15 161.6 70 |     fn eq<T>(self, other: T) -> dsl::Eq<Self, T>
#15 161.6    |        -- required by a bound in this associated function
#15 161.6 ...
#15 161.6 73 |         T: AsExpression<Self::SqlType>,
#15 161.6    |            ^^^^^^^^^^^^^^^^^^^^^^^^^^^ required by this bound in `ExpressionMethods::eq`
#15 161.6    = note: this error originates in the derive macro `AsChangeset` (in Nightly builds, run with -Z macro-backtrace for more info)
#15 161.6 
#15 161.7 error[E0283]: type annotations needed
#15 161.7    --> src/models/page_models.rs:202:14
#15 161.7     |
#15 161.7 202 |             .values(new_page)
#15 161.7     |              ^^^^^^ cannot infer type
#15 161.7     |
#15 161.7     = note: multiple `impl`s satisfying `&i32: AsExpression<_>` found in the `diesel` crate:
#15 161.7             - impl<'__expr> AsExpression<diesel::sql_types::Integer> for &'__expr i32;
#15 161.7             - impl<'__expr> AsExpression<diesel::sql_types::Nullable<diesel::sql_types::Integer>> for &'__expr i32;
#15 161.7 note: required for `&MutPage` to implement `diesel::Insertable<schema::pages::table>`
#15 161.7    --> src/models/page_models.rs:52:10
#15 161.7     |
#15 161.7  52 | #[derive(Insertable, AsChangeset, Serialize, Deserialize)]
#15 161.7     |          ^^^^^^^^^^
#15 161.7 ...
#15 161.7  82 |     pub tenant_id: Option<i32>,
#15 161.7     |         --------- unsatisfied trait bound introduced in this `derive` macro
#15 161.7     = note: this error originates in the derive macro `Insertable` (in Nightly builds, run with -Z macro-backtrace for more info)
#15 161.7 
#15 161.7 error[E0277]: the trait bound `(..., ..., ..., ..., ..., ..., ..., ..., ..., ..., ..., ..., ..., ..., ..., ..., _, ..., ..., ..., ..., ..., ..., ..., ..., ..., _): CompatibleType<..., ...>` is not satisfied
#15 161.7     --> src/models/page_models.rs:209:57
#15 161.7      |
#15 161.7  209 |         pages::table.filter(uuid.eq(_id)).first::<Self>(db).map(|p| p.into())
#15 161.7      |                                           -----         ^^ unsatisfied trait bound
#15 161.7      |                                           |
#15 161.7      |                                           required by a bound introduced by this call
#15 161.7      |
#15 161.7      = help: the trait `load_dsl::private::CompatibleType<Page, Pg>` is not implemented for `(..., ..., ..., ..., ..., ..., ..., ..., ..., ..., ..., ..., ..., ..., ..., ..., _, ..., ..., ..., ..., ..., ..., ..., ..., ..., _)`
#15 161.7      = note: this is a mismatch between what your query returns and what your type expects the query to return
#15 161.7      = note: the fields in your struct need to match the fields returned by your query in count, order and type
#15 161.7      = note: consider using `#[diesel(check_for_backend(Pg))]` on either `#[derive(Selectable)]` or `#[derive(QueryableByName)]` 
#15 161.7              on your struct `Page` and in your query `.select(Page::as_select())` to get a better error message
#15 161.7      = help: the following other types implement trait `load_dsl::private::CompatibleType<U, DB>`:
#15 161.7                `Untyped` implements `load_dsl::private::CompatibleType<U, DB>`
#15 161.7                `diesel::expression::select_by::SelectBy<U, DB>` implements `load_dsl::private::CompatibleType<U, DB>`
#15 161.7                `diesel::sql_types::Nullable<(ST, ST1)>` implements `load_dsl::private::CompatibleType<std::option::Option<__T>, __DB>`
#15 161.7                `diesel::sql_types::Nullable<(ST, ST1, ST2)>` implements `load_dsl::private::CompatibleType<std::option::Option<__T>, __DB>`
#15 161.7                `diesel::sql_types::Nullable<(ST, ST1, ST2, ST3)>` implements `load_dsl::private::CompatibleType<std::option::Option<__T>, __DB>`
#15 161.7                `diesel::sql_types::Nullable<(ST, ST1, ST2, ST3, ST4)>` implements `load_dsl::private::CompatibleType<std::option::Option<__T>, __DB>`
#15 161.7                `diesel::sql_types::Nullable<(ST, ST1, ST2, ST3, ST4, ST5)>` implements `load_dsl::private::CompatibleType<std::option::Option<__T>, __DB>`
#15 161.7                `diesel::sql_types::Nullable<(ST, ST1, ST2, ST3, ST4, ST5, ST6)>` implements `load_dsl::private::CompatibleType<std::option::Option<__T>, __DB>`
#15 161.7              and 26 others
#15 161.7      = note: required for `SelectStatement<FromClause<table>, ..., ..., ..., ..., ...>` to implement `LoadQuery<'_, _, Page>`
#15 161.7 note: required by a bound in `diesel::RunQueryDsl::first`
#15 161.7     --> /usr/local/cargo/registry/src/index.crates.io-1949cf8c6b5b557f/diesel-2.3.5/src/query_dsl/mod.rs:1833:22
#15 161.7      |
#15 161.7 1830 |     fn first<'query, U>(self, conn: &mut Conn) -> QueryResult<U>
#15 161.7      |        ----- required by a bound in this associated function
#15 161.7 ...
#15 161.7 1833 |         Limit<Self>: LoadQuery<'query, Conn, U>,
#15 161.7      |                      ^^^^^^^^^^^^^^^^^^^^^^^^^^ required by this bound in `RunQueryDsl::first`
#15 161.7      = note: the full name for the type has been written to '/app/target/release/deps/freeradical-db88627b110750a0.long-type-8697432538068095340.txt'
#15 161.7      = note: consider using `--verbose` to print the full type name to the console
#15 161.7 
#15 161.7 error[E0283]: type annotations needed
#15 161.7    --> src/models/page_models.rs:214:14
#15 161.7     |
#15 161.7 214 |             .select(Page::as_select())
#15 161.7     |              ^^^^^^ cannot infer type
#15 161.7     |
#15 161.7     = note: multiple `impl`s satisfying `diesel::expression::is_aggregate::No: MixedAggregates<_>` found in the `diesel` crate:
#15 161.7             - impl MixedAggregates<diesel::expression::is_aggregate::Never> for diesel::expression::is_aggregate::No;
#15 161.7             - impl MixedAggregates<diesel::expression::is_aggregate::No> for diesel::expression::is_aggregate::No;
#15 161.7     = note: required for `(schema::pages::columns::unpublish_at, schema::pages::columns::tenant_id)` to implement `ValidGrouping<()>`
#15 161.7     = note: 25 redundant requirements hidden
#15 161.7     = note: required for `diesel::expression::select_by::SelectBy<Page, Pg>` to implement `ValidGrouping<()>`
#15 161.7     = note: required for `SelectStatement<FromClause<schema::pages::table>>` to implement `SelectDsl<diesel::expression::select_by::SelectBy<Page, Pg>>`
#15 161.7 
#15 161.7 error[E0283]: type annotations needed
#15 161.7     --> src/models/page_models.rs:215:27
#15 161.7      |
#15 161.7  215 |             .load::<Self>(db)
#15 161.7      |              ----         ^^ cannot infer type
#15 161.7      |              |
#15 161.7      |              required by a bound introduced by this call
#15 161.7      |
#15 161.7      = note: multiple `impl`s satisfying `_: OneIsNullable<IsNullable>` found in the `diesel` crate:
#15 161.7              - impl OneIsNullable<IsNullable> for IsNullable;
#15 161.7              - impl OneIsNullable<IsNullable> for NotNull;
#15 161.7      = note: required for `(..., ..., ..., ..., ..., ..., ..., ..., ..., ..., ..., ..., ..., ..., ..., ..., ..., ..., ..., ..., ..., ..., ..., ..., ..., _)` to implement `diesel::sql_types::SqlType`
#15 161.7      = note: required for `diesel::expression::select_by::SelectBy<Page, Pg>` to implement `load_dsl::private::CompatibleType<Page, Pg>`
#15 161.7      = note: required for `SelectStatement<FromClause<table>, SelectClause<SelectBy<Page, Pg>>>` to implement `LoadQuery<'_, PooledConnection<diesel::r2d2::ConnectionManager<PgConnection>>, Page>`
#15 161.7 note: required by a bound in `diesel::RunQueryDsl::load`
#15 161.7     --> /usr/local/cargo/registry/src/index.crates.io-1949cf8c6b5b557f/diesel-2.3.5/src/query_dsl/mod.rs:1592:15
#15 161.7      |
#15 161.7 1590 |     fn load<'query, U>(self, conn: &mut Conn) -> QueryResult<Vec<U>>
#15 161.7      |        ---- required by a bound in this associated function
#15 161.7 1591 |     where
#15 161.7 1592 |         Self: LoadQuery<'query, Conn, U>,
#15 161.7      |               ^^^^^^^^^^^^^^^^^^^^^^^^^^ required by this bound in `RunQueryDsl::load`
#15 161.7      = note: the full name for the type has been written to '/app/target/release/deps/freeradical-db88627b110750a0.long-type-4965267711101305235.txt'
#15 161.7      = note: consider using `--verbose` to print the full type name to the console
#15 161.7 
#15 161.8 error[E0283]: type annotations needed
#15 161.8    --> src/models/page_models.rs:227:14
#15 161.8     |
#15 161.8 227 |             .set(new_page)
#15 161.8     |              ^^^ cannot infer type
#15 161.8     |
#15 161.8     = note: multiple `impl`s satisfying `diesel::expression::is_aggregate::No: MixedAggregates<_>` found in the `diesel` crate:
#15 161.8             - impl MixedAggregates<diesel::expression::is_aggregate::Never> for diesel::expression::is_aggregate::No;
#15 161.8             - impl MixedAggregates<diesel::expression::is_aggregate::No> for diesel::expression::is_aggregate::No;
#15 161.8     = note: required for `(schema::pages::columns::unpublish_at, schema::pages::columns::tenant_id)` to implement `ValidGrouping<()>`
#15 161.8     = note: 25 redundant requirements hidden
#15 161.8     = note: required for `(..., ..., ..., ..., ..., ..., ..., ..., ..., ..., ..., ..., ..., ..., ..., ..., ..., ..., ..., ..., ..., ..., ..., ..., ..., ..., ...)` to implement `ValidGrouping<()>`
#15 161.8     = note: required for `UpdateStatement<table, WhereClause<Grouped<Eq<uuid, ...>>>, ...>` to implement `AsQuery`
#15 161.8 note: required by a bound in `UpdateStatement::<T, U>::set`
#15 161.8    --> /usr/local/cargo/registry/src/index.crates.io-1949cf8c6b5b557f/diesel-2.3.5/src/query_builder/update_statement/mod.rs:39:46
#15 161.8     |
#15 161.8  35 |     pub fn set<V>(self, values: V) -> UpdateStatement<T, U, V::Changeset>
#15 161.8     |            --- required by a bound in this associated function
#15 161.8 ...
#15 161.8  39 |         UpdateStatement<T, U, V::Changeset>: AsQuery,
#15 161.8     |                                              ^^^^^^^ required by this bound in `UpdateStatement::<T, U>::set`
#15 161.8     = note: the full name for the type has been written to '/app/target/release/deps/freeradical-db88627b110750a0.long-type-10564650510379592063.txt'
#15 161.8     = note: consider using `--verbose` to print the full type name to the console
#15 161.8 
#15 161.9 error[E0283]: type annotations needed
#15 161.9    --> src/models/page_models.rs:373:14
#15 161.9     |
#15 161.9 373 |             .filter(pages::tenant_id.eq(tenant_id))
#15 161.9     |              ^^^^^^ cannot infer type
#15 161.9     |
#15 161.9     = note: cannot satisfy `_: BoolOrNullableBool`
#15 161.9 help: the following types implement trait `BoolOrNullableBool`
#15 161.9    --> /usr/local/cargo/registry/src/index.crates.io-1949cf8c6b5b557f/diesel-2.3.5/src/sql_types/mod.rs:798:1
#15 161.9     |
#15 161.9 798 | impl BoolOrNullableBool for Bool {}
#15 161.9     | ^^^^^^^^^^^^^^^^^^^^^^^^^^^^^^^^ `diesel::sql_types::Bool`
#15 161.9 799 | impl BoolOrNullableBool for Nullable<Bool> {}
#15 161.9     | ^^^^^^^^^^^^^^^^^^^^^^^^^^^^^^^^^^^^^^^^^^ `diesel::sql_types::Nullable<diesel::sql_types::Bool>`
#15 161.9     = note: required for `SelectStatement<FromClause<schema::pages::table>>` to implement `FilterDsl<Grouped<Eq<tenant_id, _>>>`
#15 161.9     = note: the full name for the type has been written to '/app/target/release/deps/freeradical-db88627b110750a0.long-type-12847967106184393822.txt'
#15 161.9     = note: consider using `--verbose` to print the full type name to the console
#15 161.9 
#15 161.9 error[E0283]: type annotations needed
#15 161.9    --> src/models/page_models.rs:373:38
#15 161.9     |
#15 161.9 373 |             .filter(pages::tenant_id.eq(tenant_id))
#15 161.9     |                                      ^^ cannot infer type
#15 161.9     |
#15 161.9     = note: multiple `impl`s satisfying `i32: AsExpression<_>` found in the `diesel` crate:
#15 161.9             - impl AsExpression<diesel::sql_types::Integer> for i32;
#15 161.9             - impl AsExpression<diesel::sql_types::Nullable<diesel::sql_types::Integer>> for i32;
#15 161.9 note: required by a bound in `diesel::ExpressionMethods::eq`
#15 161.9    --> /usr/local/cargo/registry/src/index.crates.io-1949cf8c6b5b557f/diesel-2.3.5/src/expression_methods/global_expression_methods.rs:73:12
#15 161.9     |
#15 161.9  70 |     fn eq<T>(self, other: T) -> dsl::Eq<Self, T>
#15 161.9     |        -- required by a bound in this associated function
#15 161.9 ...
#15 161.9  73 |         T: AsExpression<Self::SqlType>,
#15 161.9     |            ^^^^^^^^^^^^^^^^^^^^^^^^^^^ required by this bound in `ExpressionMethods::eq`
#15 161.9 
#15 161.9 error[E0283]: type annotations needed
#15 161.9    --> src/models/page_models.rs:373:14
#15 161.9     |
#15 161.9 373 |             .filter(pages::tenant_id.eq(tenant_id))
#15 161.9     |              ^^^^^^ cannot infer type
#15 161.9     |
#15 161.9     = note: multiple `impl`s satisfying `_: MaybeNullableType<diesel::sql_types::Bool>` found in the `diesel` crate:
#15 161.9             - impl<O> MaybeNullableType<O> for IsNullable
#15 161.9               where O: diesel::sql_types::SqlType, diesel::sql_types::Nullable<O>: TypedExpressionType, diesel::sql_types::Nullable<O>: ?Sized;
#15 161.9             - impl<O> MaybeNullableType<O> for NotNull
#15 161.9               where O: diesel::sql_types::SqlType, O: TypedExpressionType;
#15 161.9     = note: required for `diesel::expression::operators::Eq<schema::pages::columns::tenant_id, _>` to implement `diesel::Expression`
#15 161.9     = note: required for `SelectStatement<FromClause<schema::pages::table>>` to implement `FilterDsl<Grouped<Eq<tenant_id, _>>>`
#15 161.9     = note: the full name for the type has been written to '/app/target/release/deps/freeradical-db88627b110750a0.long-type-12847967106184393822.txt'
#15 161.9     = note: consider using `--verbose` to print the full type name to the console
#15 161.9 
#15 161.9 error[E0283]: type annotations needed
#15 161.9    --> src/models/page_models.rs:374:14
#15 161.9     |
#15 161.9 374 |             .select(Page::as_select())
#15 161.9     |              ^^^^^^ cannot infer type
#15 161.9     |
#15 161.9     = note: multiple `impl`s satisfying `diesel::expression::is_aggregate::No: MixedAggregates<_>` found in the `diesel` crate:
#15 161.9             - impl MixedAggregates<diesel::expression::is_aggregate::Never> for diesel::expression::is_aggregate::No;
#15 161.9             - impl MixedAggregates<diesel::expression::is_aggregate::No> for diesel::expression::is_aggregate::No;
#15 161.9     = note: required for `(schema::pages::columns::unpublish_at, schema::pages::columns::tenant_id)` to implement `ValidGrouping<()>`
#15 161.9     = note: 25 redundant requirements hidden
#15 161.9     = note: required for `diesel::expression::select_by::SelectBy<Page, Pg>` to implement `ValidGrouping<()>`
#15 161.9     = note: required for `SelectStatement<FromClause<table>, DefaultSelectClause<...>, ..., ...>` to implement `SelectDsl<diesel::expression::select_by::SelectBy<Page, Pg>>`
#15 161.9     = note: the full name for the type has been written to '/app/target/release/deps/freeradical-db88627b110750a0.long-type-15608813584587116946.txt'
#15 161.9     = note: consider using `--verbose` to print the full type name to the console
#15 161.9 
#15 162.0 error[E0283]: type annotations needed
#15 162.0     --> src/models/page_models.rs:375:27
#15 162.0      |
#15 162.0  375 |             .load::<Self>(db)
#15 162.0      |              ----         ^^ cannot infer type
#15 162.0      |              |
#15 162.0      |              required by a bound introduced by this call
#15 162.0      |
#15 162.0      = note: multiple `impl`s satisfying `_: OneIsNullable<IsNullable>` found in the `diesel` crate:
#15 162.0              - impl OneIsNullable<IsNullable> for IsNullable;
#15 162.0              - impl OneIsNullable<IsNullable> for NotNull;
#15 162.0      = note: required for `(..., ..., ..., ..., ..., ..., ..., ..., ..., ..., ..., ..., ..., ..., ..., ..., ..., ..., ..., ..., ..., ..., ..., ..., ..., _)` to implement `diesel::sql_types::SqlType`
#15 162.0      = note: required for `diesel::expression::select_by::SelectBy<Page, Pg>` to implement `load_dsl::private::CompatibleType<Page, Pg>`
#15 162.0      = note: required for `SelectStatement<FromClause<table>, SelectClause<...>, ..., ...>` to implement `LoadQuery<'_, PooledConnection<diesel::r2d2::ConnectionManager<PgConnection>>, Page>`
#15 162.0 note: required by a bound in `diesel::RunQueryDsl::load`
#15 162.0     --> /usr/local/cargo/registry/src/index.crates.io-1949cf8c6b5b557f/diesel-2.3.5/src/query_dsl/mod.rs:1592:15
#15 162.0      |
#15 162.0 1590 |     fn load<'query, U>(self, conn: &mut Conn) -> QueryResult<Vec<U>>
#15 162.0      |        ---- required by a bound in this associated function
#15 162.0 1591 |     where
#15 162.0 1592 |         Self: LoadQuery<'query, Conn, U>,
#15 162.0      |               ^^^^^^^^^^^^^^^^^^^^^^^^^^ required by this bound in `RunQueryDsl::load`
#15 162.0      = note: the full name for the type has been written to '/app/target/release/deps/freeradical-db88627b110750a0.long-type-5619592356842481020.txt'
#15 162.0      = note: consider using `--verbose` to print the full type name to the console
#15 162.0 
#15 162.0 error[E0283]: type annotations needed
#15 162.0     --> src/models/page_models.rs:375:27
#15 162.0      |
#15 162.0  375 |             .load::<Self>(db)
#15 162.0      |              ----         ^^ cannot infer type
#15 162.0      |              |
#15 162.0      |              required by a bound introduced by this call
#15 162.0      |
#15 162.0      = note: multiple `impl`s satisfying `_: MaybeNullableType<diesel::sql_types::Bool>` found in the `diesel` crate:
#15 162.0              - impl<O> MaybeNullableType<O> for IsNullable
#15 162.0                where O: diesel::sql_types::SqlType, diesel::sql_types::Nullable<O>: TypedExpressionType, diesel::sql_types::Nullable<O>: ?Sized;
#15 162.0              - impl<O> MaybeNullableType<O> for NotNull
#15 162.0                where O: diesel::sql_types::SqlType, O: TypedExpressionType;
#15 162.0      = note: required for `diesel::expression::operators::Eq<schema::pages::columns::tenant_id, _>` to implement `diesel::Expression`
#15 162.0      = note: 1 redundant requirement hidden
#15 162.0      = note: required for `Grouped<Eq<tenant_id, _>>` to implement `diesel::Expression`
#15 162.0      = note: required for `Grouped<Eq<tenant_id, _>>` to implement `AppearsOnTable<schema::pages::table>`
#15 162.0      = note: required for `WhereClause<Grouped<Eq<tenant_id, _>>>` to implement `query_builder::where_clause::ValidWhereClause<FromClause<schema::pages::table>>`
#15 162.0      = note: required for `SelectStatement<FromClause<table>, SelectClause<...>, ..., ...>` to implement `diesel::query_builder::Query`
#15 162.0      = note: required for `SelectStatement<FromClause<table>, SelectClause<...>, ..., ...>` to implement `LoadQuery<'_, PooledConnection<diesel::r2d2::ConnectionManager<PgConnection>>, Page>`
#15 162.0 note: required by a bound in `diesel::RunQueryDsl::load`
#15 162.0     --> /usr/local/cargo/registry/src/index.crates.io-1949cf8c6b5b557f/diesel-2.3.5/src/query_dsl/mod.rs:1592:15
#15 162.0      |
#15 162.0 1590 |     fn load<'query, U>(self, conn: &mut Conn) -> QueryResult<Vec<U>>
#15 162.0      |        ---- required by a bound in this associated function
#15 162.0 1591 |     where
#15 162.0 1592 |         Self: LoadQuery<'query, Conn, U>,
#15 162.0      |               ^^^^^^^^^^^^^^^^^^^^^^^^^^ required by this bound in `RunQueryDsl::load`
#15 162.0      = note: the full name for the type has been written to '/app/target/release/deps/freeradical-db88627b110750a0.long-type-5100365934909009120.txt'
#15 162.0      = note: consider using `--verbose` to print the full type name to the console
#15 162.0 
#15 163.4 warning: unused import: `diesel::prelude`
#15 163.4  --> src/controllers/i18n_controller.rs:2:5
#15 163.4   |
#15 163.4 2 | use diesel::prelude::*;
#15 163.4   |     ^^^^^^^^^^^^^^^
#15 163.4 
#15 163.4 warning: unused import: `Digest`
#15 163.4  --> src/services/webhook_service.rs:5:20
#15 163.4   |
#15 163.4 5 | use sha2::{Sha256, Digest};
#15 163.4   |                    ^^^^^^
#15 163.4 
#15 163.4 warning: unused variable: `pool`
#15 163.4   --> src/controllers/relationship_controller.rs:34:5
#15 163.4    |
#15 163.4 34 |     pool: web::Data<DatabasePool>
#15 163.4    |     ^^^^ help: if this is intentional, prefix it with an underscore: `_pool`
#15 163.4    |
#15 163.4    = note: `#[warn(unused_variables)]` (part of `#[warn(unused)]`) on by default
#15 163.4 
#15 163.4 warning: unused variable: `pool`
#15 163.4   --> src/controllers/relationship_controller.rs:52:5
#15 163.4    |
#15 163.4 52 |     pool: web::Data<DatabasePool>
#15 163.4    |     ^^^^ help: if this is intentional, prefix it with an underscore: `_pool`
#15 163.4 
#15 163.4 warning: unused variable: `id`
#15 163.4   --> src/controllers/relationship_controller.rs:67:5
#15 163.4    |
#15 163.4 67 |     id: web::Path<i64>,
#15 163.4    |     ^^ help: if this is intentional, prefix it with an underscore: `_id`
#15 163.4 
#15 163.4 warning: unused variable: `pool`
#15 163.4   --> src/controllers/relationship_controller.rs:68:5
#15 163.4    |
#15 163.4 68 |     pool: web::Data<DatabasePool>
#15 163.4    |     ^^^^ help: if this is intentional, prefix it with an underscore: `_pool`
#15 163.4 
#15 163.4 warning: unused variable: `pool`
#15 163.4   --> src/controllers/webhook_controller.rs:25:28
#15 163.4    |
#15 163.4 25 | pub async fn list_webhooks(pool: web::Data<DatabasePool>) -> impl Responder {
#15 163.4    |                            ^^^^ help: if this is intentional, prefix it with an underscore: `_pool`
#15 163.4 
#15 163.4 warning: unused variable: `pool`
#15 163.4   --> src/controllers/webhook_controller.rs:37:5
#15 163.4    |
#15 163.4 37 |     pool: web::Data<DatabasePool>
#15 163.4    |     ^^^^ help: if this is intentional, prefix it with an underscore: `_pool`
#15 163.4 
#15 163.4 warning: unused variable: `pool`
#15 163.4   --> src/controllers/webhook_controller.rs:53:5
#15 163.4    |
#15 163.4 53 |     pool: web::Data<DatabasePool>
#15 163.4    |     ^^^^ help: if this is intentional, prefix it with an underscore: `_pool`
#15 163.4 
#15 163.4 warning: unused variable: `id`
#15 163.4   --> src/controllers/webhook_controller.rs:66:5
#15 163.4    |
#15 163.4 66 |     id: web::Path<i32>,
#15 163.4    |     ^^ help: if this is intentional, prefix it with an underscore: `_id`
#15 163.4 
#15 163.4 warning: unused variable: `pool`
#15 163.4   --> src/controllers/webhook_controller.rs:67:5
#15 163.4    |
#15 163.4 67 |     pool: web::Data<DatabasePool>
#15 163.4    |     ^^^^ help: if this is intentional, prefix it with an underscore: `_pool`
#15 163.4 
#15 163.4 warning: unused variable: `id`
#15 163.4   --> src/controllers/webhook_controller.rs:78:5
#15 163.4    |
#15 163.4 78 |     id: web::Path<i32>,
#15 163.4    |     ^^ help: if this is intentional, prefix it with an underscore: `_id`
#15 163.4 
#15 163.4 warning: unused variable: `pool`
#15 163.4   --> src/controllers/webhook_controller.rs:79:5
#15 163.4    |
#15 163.4 79 |     pool: web::Data<DatabasePool>
#15 163.4    |     ^^^^ help: if this is intentional, prefix it with an underscore: `_pool`
#15 163.4 
#15 163.4 warning: unused variable: `pool`
#15 163.4   --> src/controllers/webhook_controller.rs:91:5
#15 163.4    |
#15 163.4 91 |     pool: web::Data<DatabasePool>
#15 163.4    |     ^^^^ help: if this is intentional, prefix it with an underscore: `_pool`
#15 163.4 
#15 163.5 warning: unused variable: `e`
#15 163.5    --> src/services/crm_service.rs:179:15
#15 163.5     |
#15 163.5 179 |     .map_err(|e| CustomHttpError::NotFound("Customer not found".to_string()))?;
#15 163.5     |               ^ help: if this is intentional, prefix it with an underscore: `_e`
#15 163.5 
#15 163.6 warning: unused variable: `page_url`
#15 163.6   --> src/services/analytics_service.rs:44:9
#15 163.6    |
#15 163.6 44 |         page_url: String,
#15 163.6    |         ^^^^^^^^ help: if this is intentional, prefix it with an underscore: `_page_url`
#15 163.6 
#15 163.6 warning: unused variable: `page_uuid`
#15 163.6   --> src/services/analytics_service.rs:45:9
#15 163.6    |
#15 163.6 45 |         page_uuid: Option<String>,
#15 163.6    |         ^^^^^^^^^ help: if this is intentional, prefix it with an underscore: `_page_uuid`
#15 163.6 
#15 163.6 warning: unused variable: `page_url`
#15 163.6   --> src/services/analytics_service.rs:68:27
#15 163.6    |
#15 163.6 68 |     pub fn get_page_views(page_url: &str) -> i64 {
#15 163.6    |                           ^^^^^^^^ help: if this is intentional, prefix it with an underscore: `_page_url`
#15 163.6 
#15 163.6 warning: unused variable: `team_role`
#15 163.6   --> src/services/ai_scope_service.rs:70:25
#15 163.6    |
#15 163.6 70 |             if let Some(team_role) = &user.team_role {
#15 163.6    |                         ^^^^^^^^^ help: if this is intentional, prefix it with an underscore: `_team_role`
#15 163.6 
#15 163.6 warning: unused variable: `payload`
#15 163.6    --> src/services/ai_provider_service.rs:137:5
#15 163.6     |
#15 163.6 137 |     payload: web::Json<UpdateProviderRequest>,
#15 163.6     |     ^^^^^^^ help: if this is intentional, prefix it with an underscore: `_payload`
#15 163.6 
#15 163.6 warning: variable does not need to be mutable
#15 163.6   --> src/services/ai_authorization_service.rs:94:9
#15 163.6    |
#15 163.6 94 |     let mut conn = pool.get().map_err(|_| diesel::result::Error::DatabaseError(
#15 163.6    |         ----^^^^
#15 163.6    |         |
#15 163.6    |         help: remove this `mut`
#15 163.6 
#15 163.6 warning: unused variable: `conn`
#15 163.6   --> src/services/ai_authorization_service.rs:94:9
#15 163.6    |
#15 163.6 94 |     let mut conn = pool.get().map_err(|_| diesel::result::Error::DatabaseError(
#15 163.6    |         ^^^^^^^^ help: if this is intentional, prefix it with an underscore: `_conn`
#15 163.6 
#15 163.7 warning: unused variable: `parameters`
#15 163.7    --> src/services/mcp_client.rs:131:9
#15 163.7     |
#15 163.7 131 |         parameters: serde_json::Value
#15 163.7     |         ^^^^^^^^^^ help: if this is intentional, prefix it with an underscore: `_parameters`
#15 163.7 
#15 164.1 warning: unused variable: `domain`
#15 164.1   --> src/services/geo_service.rs:32:9
#15 164.1    |
#15 164.1 32 |         domain: &str,
#15 164.1    |         ^^^^^^ help: if this is intentional, prefix it with an underscore: `_domain`
#15 164.1 
#15 164.1 warning: unused variable: `content`
#15 164.1   --> src/services/geo_service.rs:60:42
#15 164.1    |
#15 164.1 60 |     async fn extract_attributions(&self, content: &str) -> Result<Vec<SourceAttribution>, String> {
#15 164.1    |                                          ^^^^^^^ help: if this is intentional, prefix it with an underscore: `_content`
#15 164.1 
#15 164.1 warning: unused variable: `content`
#15 164.1   --> src/services/seo_meta_generator.rs:47:36
#15 164.1    |
#15 164.1 47 |     async fn generate_title(&self, content: &str, keyword: &str) -> Result<String, String> {
#15 164.1    |                                    ^^^^^^^ help: if this is intentional, prefix it with an underscore: `_content`
#15 164.1 
#15 164.1 warning: unused variable: `content`
#15 164.1   --> src/services/seo_meta_generator.rs:54:42
#15 164.1    |
#15 164.1 54 |     async fn generate_description(&self, content: &str, keyword: &str) -> Result<String, String> {
#15 164.1    |                                          ^^^^^^^ help: if this is intentional, prefix it with an underscore: `_content`
#15 164.1 
#15 164.1 warning: unused variable: `content`
#15 164.1   --> src/services/seo_meta_generator.rs:61:38
#15 164.1    |
#15 164.1 61 |     async fn extract_keywords(&self, content: &str) -> Result<Vec<String>, String> {
#15 164.1    |                                      ^^^^^^^ help: if this is intentional, prefix it with an underscore: `_content`
#15 164.1 
#15 164.2 warning: unused variable: `content`
#15 164.2   --> src/services/content_quality.rs:81:34
#15 164.2    |
#15 164.2 81 |     fn syllables_per_word(&self, content: &str) -> f64 {
#15 164.2    |                                  ^^^^^^^ help: if this is intentional, prefix it with an underscore: `_content`
#15 164.2 
#15 164.3 warning: unused variable: `total`
#15 164.3    --> src/services/content_calendar.rs:163:13
#15 164.3     |
#15 164.3 163 |         let total = schedule.len() as f64;
#15 164.3     |             ^^^^^ help: if this is intentional, prefix it with an underscore: `_total`
#15 164.3 
#15 164.3 warning: unused variable: `keyword`
#15 164.3   --> src/services/rank_tracker.rs:66:34
#15 164.3    |
#15 164.3 66 |     async fn get_rankings(&self, keyword: &str, url: &str) -> Result<Vec<RankingSnapshot>, String> {
#15 164.3    |                                  ^^^^^^^ help: if this is intentional, prefix it with an underscore: `_keyword`
#15 164.3 
#15 164.5 warning: unused variable: `product_name`
#15 164.5   --> src/services/wishlist.rs:49:9
#15 164.5    |
#15 164.5 49 |         product_name: String,
#15 164.5    |         ^^^^^^^^^^^^ help: if this is intentional, prefix it with an underscore: `_product_name`
#15 164.5 
#15 164.5 warning: unused variable: `price`
#15 164.5   --> src/services/wishlist.rs:50:9
#15 164.5    |
#15 164.5 50 |         price: f64,
#15 164.5    |         ^^^^^ help: if this is intentional, prefix it with an underscore: `_price`
#15 164.5 
#15 164.6 warning: unused variable: `required_permission`
#15 164.6   --> src/services/permission_service.rs:74:5
#15 164.6    |
#15 164.6 74 |     required_permission: &str,
#15 164.6    |     ^^^^^^^^^^^^^^^^^^^ help: if this is intentional, prefix it with an underscore: `_required_permission`
#15 164.6 
#15 164.7 warning: unused variable: `quality`
#15 164.7   --> src/services/image_service.rs:92:44
#15 164.7    |
#15 164.7 92 | pub fn convert_to_webp(img: &DynamicImage, quality: u8) -> Result<Vec<u8>, String> {
#15 164.7    |                                            ^^^^^^^ help: if this is intentional, prefix it with an underscore: `_quality`
#15 164.7 
#15 164.7 warning: unused variable: `content_type`
#15 164.7   --> src/services/plugin_service/mod.rs:28:37
#15 164.7    |
#15 164.7 28 |     async fn on_save_content(&self, content_type: &str, data: &serde_json::Value) -> Result<(), String> {
#15 164.7    |                                     ^^^^^^^^^^^^ help: if this is intentional, prefix it with an underscore: `_content_type`
#15 164.7 
#15 164.7 warning: unused variable: `data`
#15 164.7   --> src/services/plugin_service/mod.rs:28:57
#15 164.7    |
#15 164.7 28 |     async fn on_save_content(&self, content_type: &str, data: &serde_json::Value) -> Result<(), String> {
#15 164.7    |                                                         ^^^^ help: if this is intentional, prefix it with an underscore: `_data`
#15 164.7 
#15 164.9 warning: unused variable: `payload`
#15 164.9    --> src/services/payment_service/paypal.rs:242:40
#15 164.9     |
#15 164.9 242 |     fn verify_webhook_signature(&self, payload: &[u8], signature: &str) -> Result<bool, String> {
#15 164.9     |                                        ^^^^^^^ help: if this is intentional, prefix it with an underscore: `_payload`
#15 164.9 
#15 165.0 warning: variable does not need to be mutable
#15 165.0   --> src/services/encryption_service.rs:79:23
#15 165.0    |
#15 165.0 79 |     let (nonce_bytes, mut ciphertext) = combined.split_at(NONCE_LEN);
#15 165.0    |                       ----^^^^^^^^^^
#15 165.0    |                       |
#15 165.0    |                       help: remove this `mut`
#15 165.0 
#15 165.0 warning: unused variable: `session_id`
#15 165.0   --> src/services/analytics_service_v2.rs:24:9
#15 165.0    |
#15 165.0 24 |         session_id: String,
#15 165.0    |         ^^^^^^^^^^ help: if this is intentional, prefix it with an underscore: `_session_id`
#15 165.0 
#15 165.0 warning: unused variable: `user_agent`
#15 165.0   --> src/services/analytics_service_v2.rs:26:9
#15 165.0    |
#15 165.0 26 |         user_agent: String,
#15 165.0    |         ^^^^^^^^^^ help: if this is intentional, prefix it with an underscore: `_user_agent`
#15 165.0 
#15 165.0 warning: unused variable: `referer`
#15 165.0   --> src/services/analytics_service_v2.rs:27:9
#15 165.0    |
#15 165.0 27 |         referer: Option<String>
#15 165.0    |         ^^^^^^^ help: if this is intentional, prefix it with an underscore: `_referer`
#15 165.0 
#15 165.0 warning: unused variable: `page_uuid`
#15 165.0   --> src/services/analytics_service_v2.rs:36:9
#15 165.0    |
#15 165.0 36 |         page_uuid: Option<String>,
#15 165.0    |         ^^^^^^^^^ help: if this is intentional, prefix it with an underscore: `_page_uuid`
#15 165.0 
#15 165.0 warning: unused variable: `metadata`
#15 165.0   --> src/services/analytics_service_v2.rs:37:9
#15 165.0    |
#15 165.0 37 |         metadata: Option<serde_json::Value>
#15 165.0    |         ^^^^^^^^ help: if this is intentional, prefix it with an underscore: `_metadata`
#15 165.0 
#15 165.0 warning: unused variable: `page_uuid`
#15 165.0   --> src/services/analytics_service_v2.rs:44:9
#15 165.0    |
#15 165.0 44 |         page_uuid: &str,
#15 165.0    |         ^^^^^^^^^ help: if this is intentional, prefix it with an underscore: `_page_uuid`
#15 165.0 
#15 165.0 warning: unused variable: `from_date`
#15 165.0   --> src/services/analytics_service_v2.rs:45:9
#15 165.0    |
#15 165.0 45 |         from_date: NaiveDateTime,
#15 165.0    |         ^^^^^^^^^ help: if this is intentional, prefix it with an underscore: `_from_date`
#15 165.0 
#15 165.0 warning: unused variable: `to_date`
#15 165.0   --> src/services/analytics_service_v2.rs:46:9
#15 165.0    |
#15 165.0 46 |         to_date: NaiveDateTime
#15 165.0    |         ^^^^^^^ help: if this is intentional, prefix it with an underscore: `_to_date`
#15 165.0 
#15 165.1 warning: unused variable: `redirect_uri`
#15 165.1   --> src/services/oauth_service.rs:57:9
#15 165.1    |
#15 165.1 57 |         redirect_uri: &str,
#15 165.1    |         ^^^^^^^^^^^^ help: if this is intentional, prefix it with an underscore: `_redirect_uri`
#15 165.1 
#15 165.1 warning: unused variable: `token_url`
#15 165.1   --> src/services/oauth_service.rs:63:21
#15 165.1    |
#15 165.1 63 |                 let token_url = "https://oauth2.googleapis.com/token";
#15 165.1    |                     ^^^^^^^^^ help: if this is intentional, prefix it with an underscore: `_token_url`
#15 165.1 
#15 165.1 warning: unused variable: `token_url`
#15 165.1   --> src/services/oauth_service.rs:75:21
#15 165.1    |
#15 165.1 75 |                 let token_url = "https://github.com/login/oauth/access_token";
#15 165.1    |                     ^^^^^^^^^ help: if this is intentional, prefix it with an underscore: `_token_url`
#15 165.1 
#15 165.1 warning: unused variable: `access_token`
#15 165.1   --> src/services/oauth_service.rs:90:48
#15 165.1    |
#15 165.1 90 |     pub async fn get_user_info(provider: &str, access_token: &str) -> Result<serde_json::Value, String> {
#15 165.1    |                                                ^^^^^^^^^^^^ help: if this is intentional, prefix it with an underscore: `_access_token`
#15 165.1 
#15 165.1 warning: unused variable: `current_lang`
#15 165.1  --> src/services/hreflang_service.rs:6:5
#15 165.1   |
#15 165.1 6 |     current_lang: &str,  
#15 165.1   |     ^^^^^^^^^^^^ help: if this is intentional, prefix it with an underscore: `_current_lang`
#15 165.1 
#15 166.8 warning: unused variable: `pool`
#15 166.8   --> src/models/db_connection.rs:39:33
#15 166.8    |
#15 166.8 39 | pub fn get_database_type_string(pool: &DatabasePool) -> &'static str {
#15 166.8    |                                 ^^^^ help: if this is intentional, prefix it with an underscore: `_pool`
#15 166.8 
#15 167.2 warning: unused variable: `ctx`
#15 167.2   --> src/graphql/query.rs:31:9
#15 167.2    |
#15 167.2 31 |         ctx: &Context<'_>,
#15 167.2    |         ^^^ help: if this is intentional, prefix it with an underscore: `_ctx`
#15 167.2 
#15 167.2 warning: unused variable: `page`
#15 167.2   --> src/graphql/query.rs:34:13
#15 167.2    |
#15 167.2 34 |         let page = pagination.as_ref().and_then(|p| p.page).unwrap_or(1);
#15 167.2    |             ^^^^ help: if this is intentional, prefix it with an underscore: `_page`
#15 167.2 
#15 167.2 warning: unused variable: `per_page`
#15 167.2   --> src/graphql/query.rs:35:13
#15 167.2    |
#15 167.2 35 |         let per_page = pagination.as_ref().and_then(|p| p.per_page).unwrap_or(20);
#15 167.2    |             ^^^^^^^^ help: if this is intentional, prefix it with an underscore: `_per_page`
#15 167.2 
#15 167.2 warning: unused variable: `ctx`
#15 167.2   --> src/graphql/query.rs:64:9
#15 167.2    |
#15 167.2 64 |         ctx: &Context<'_>,
#15 167.2    |         ^^^ help: if this is intentional, prefix it with an underscore: `_ctx`
#15 167.2 
#15 167.2 warning: unused variable: `resources`
#15 167.2   --> src/graphql/query.rs:66:9
#15 167.2    |
#15 167.2 66 |         resources: Option<Vec<String>>
#15 167.2    |         ^^^^^^^^^ help: if this is intentional, prefix it with an underscore: `_resources`
#15 167.2 
#15 167.2 warning: unused variable: `ctx`
#15 167.2    --> src/graphql/query.rs:100:9
#15 167.2     |
#15 167.2 100 |         ctx: &Context<'_>,
#15 167.2     |         ^^^ help: if this is intentional, prefix it with an underscore: `_ctx`
#15 167.2 
#15 167.2 warning: unused variable: `pagination`
#15 167.2    --> src/graphql/query.rs:101:9
#15 167.2     |
#15 167.2 101 |         pagination: Option<PaginationInput>
#15 167.2     |         ^^^^^^^^^^ help: if this is intentional, prefix it with an underscore: `_pagination`
#15 167.2 
#15 167.2 warning: unused variable: `ctx`
#15 167.2   --> src/graphql/mutation.rs:13:9
#15 167.2    |
#15 167.2 13 |         ctx: &Context<'_>,
#15 167.2    |         ^^^ help: if this is intentional, prefix it with an underscore: `_ctx`
#15 167.2 
#15 167.2 warning: unused variable: `ctx`
#15 167.2   --> src/graphql/mutation.rs:34:9
#15 167.2    |
#15 167.2 34 |         ctx: &Context<'_>,
#15 167.2    |         ^^^ help: if this is intentional, prefix it with an underscore: `_ctx`
#15 167.2 
#15 167.2 warning: unused variable: `ctx`
#15 167.2   --> src/graphql/mutation.rs:56:9
#15 167.2    |
#15 167.2 56 |         ctx: &Context<'_>,
#15 167.2    |         ^^^ help: if this is intentional, prefix it with an underscore: `_ctx`
#15 167.2 
#15 167.2 warning: unused variable: `uuid`
#15 167.2   --> src/graphql/mutation.rs:57:9
#15 167.2    |
#15 167.2 57 |         uuid: String
#15 167.2    |         ^^^^ help: if this is intentional, prefix it with an underscore: `_uuid`
#15 167.2 
#15 167.3 Some errors have detailed explanations: E0119, E0252, E0277, E0283, E0428.
#15 167.3 For more information about an error, try `rustc --explain E0119`.
#15 167.3 warning: `freeradical` (bin "freeradical") generated 163 warnings
#15 167.3 error: could not compile `freeradical` (bin "freeradical") due to 267 previous errors; 163 warnings emitted
#15 ERROR: process "/bin/sh -c cargo build --release" did not complete successfully: exit code: 101
------
 > [builder 9/9] RUN cargo build --release:
167.2 warning: unused variable: `uuid`
167.2   --> src/graphql/mutation.rs:57:9
167.2    |
167.2 57 |         uuid: String
167.2    |         ^^^^ help: if this is intentional, prefix it with an underscore: `_uuid`
167.2 
167.3 Some errors have detailed explanations: E0119, E0252, E0277, E0283, E0428.
167.3 For more information about an error, try `rustc --explain E0119`.
167.3 warning: `freeradical` (bin "freeradical") generated 163 warnings
167.3 error: could not compile `freeradical` (bin "freeradical") due to 267 previous errors; 163 warnings emitted
------

 [33m1 warning found (use docker --debug to expand):
[0m - FromAsCasing: 'as' and 'FROM' keywords' casing do not match (line 1)
Dockerfile:22
--------------------
  20 |     
  21 |     # Build release
  22 | >>> RUN cargo build --release
  23 |     
  24 |     # Runtime stage
--------------------
ERROR: failed to build: failed to solve: process "/bin/sh -c cargo build --release" did not complete successfully: exit code: 101
